<?xml version="1.0" encoding="UTF-8"?>
<robot generator="Robot 4.0.3 (Python 3.8.5 on win32)" generated="20211123 23:56:38.448" rpa="false" schemaversion="2">
<suite id="s1" name="TC01-Login" source="C:\Users\Qizii\Documents\GitHub\PF3\PF\PFCMS\testcases\TC01-Login.robot">
<test id="s1-t1" name="TC01_Login Success and Verify Homepage">
<kw name="Open Browser" library="SeleniumLibrary">
<arg>${URL}</arg>
<arg>${BROWSER}</arg>
<doc>Opens a new browser instance to the optional ``url``.</doc>
<msg timestamp="20211123 23:56:38.986" level="INFO">Opening browser 'headlesschrome' to base url 'https://pf.zeus.jenosize.dev/'.</msg>
<status status="PASS" starttime="20211123 23:56:38.986" endtime="20211123 23:56:42.609"/>
</kw>
<kw name="Set Window Size" library="SeleniumLibrary">
<arg>1920</arg>
<arg>1080</arg>
<doc>Sets current windows size to given ``width`` and ``height``.</doc>
<status status="PASS" starttime="20211123 23:56:42.610" endtime="20211123 23:56:42.725"/>
</kw>
<kw name="Input Text To Element When Ready" library="common_keywords">
<arg>${XPATH_FIELD_USERNAME}</arg>
<arg>${EMAIL}</arg>
<kw name="Wait Until Element Is Visible" library="SeleniumLibrary">
<arg>${location}</arg>
<doc>Waits until the element ``locator`` is visible.</doc>
<status status="PASS" starttime="20211123 23:56:42.726" endtime="20211123 23:56:42.745"/>
</kw>
<for flavor="IN RANGE">
<var>${index}</var>
<value>1</value>
<value>10</value>
<iter>
<var name="${index}">1</var>
<kw name="Run Keyword And Ignore Error" library="BuiltIn">
<var>${result_msg}</var>
<arg>Input Text</arg>
<arg>${location}</arg>
<arg>${text}</arg>
<arg>clear=${clear}</arg>
<doc>Runs the given keyword with the given arguments and ignores possible error.</doc>
<kw name="Input Text" library="SeleniumLibrary">
<arg>${location}</arg>
<arg>${text}</arg>
<arg>clear=${clear}</arg>
<doc>Types the given ``text`` into the text field identified by ``locator``.</doc>
<msg timestamp="20211123 23:56:42.746" level="INFO">Typing text 'admin-mgr-2@jenosize.com' into text field 'name=email'.</msg>
<status status="PASS" starttime="20211123 23:56:42.745" endtime="20211123 23:56:42.941"/>
</kw>
<msg timestamp="20211123 23:56:42.941" level="INFO">${result_msg} = ('PASS', None)</msg>
<status status="PASS" starttime="20211123 23:56:42.745" endtime="20211123 23:56:42.941"/>
</kw>
<kw name="Convert To String" library="BuiltIn">
<var>${err_msg}</var>
<arg>${result_msg[1]}</arg>
<doc>Converts the given item to a Unicode string.</doc>
<msg timestamp="20211123 23:56:42.942" level="INFO">${err_msg} = None</msg>
<status status="PASS" starttime="20211123 23:56:42.941" endtime="20211123 23:56:42.942"/>
</kw>
<kw name="Run Keyword And Return Status" library="BuiltIn">
<var>${is_success}</var>
<arg>Should Be Equal</arg>
<arg>${err_msg}</arg>
<arg>None</arg>
<doc>Runs the given keyword with given arguments and returns the status as a Boolean value.</doc>
<kw name="Should Be Equal" library="BuiltIn">
<arg>${err_msg}</arg>
<arg>None</arg>
<doc>Fails if the given objects are unequal.</doc>
<status status="PASS" starttime="20211123 23:56:42.942" endtime="20211123 23:56:42.942"/>
</kw>
<msg timestamp="20211123 23:56:42.942" level="INFO">${is_success} = True</msg>
<status status="PASS" starttime="20211123 23:56:42.942" endtime="20211123 23:56:42.942"/>
</kw>
<kw name="Run Keyword And Return Status" library="BuiltIn">
<var>${is_not_loading_error}</var>
<arg>Should Not Contain</arg>
<arg>${err_msg}</arg>
<arg>invalid element state</arg>
<doc>Runs the given keyword with given arguments and returns the status as a Boolean value.</doc>
<kw name="Should Not Contain" library="BuiltIn">
<arg>${err_msg}</arg>
<arg>invalid element state</arg>
<doc>Fails if ``container`` contains ``item`` one or more times.</doc>
<status status="PASS" starttime="20211123 23:56:42.942" endtime="20211123 23:56:42.943"/>
</kw>
<msg timestamp="20211123 23:56:42.943" level="INFO">${is_not_loading_error} = True</msg>
<status status="PASS" starttime="20211123 23:56:42.942" endtime="20211123 23:56:42.943"/>
</kw>
<kw name="Exit For Loop If" library="BuiltIn">
<arg>${is_success} or ${is_not_loading_error}</arg>
<doc>Stops executing the enclosing for loop if the ``condition`` is true.</doc>
<msg timestamp="20211123 23:56:42.943" level="INFO">Exiting for loop altogether.</msg>
<status status="PASS" starttime="20211123 23:56:42.943" endtime="20211123 23:56:42.943"/>
</kw>
<status status="PASS" starttime="20211123 23:56:42.745" endtime="20211123 23:56:42.943"/>
</iter>
<status status="PASS" starttime="20211123 23:56:42.745" endtime="20211123 23:56:42.943"/>
</for>
<kw name="Should Be True" library="BuiltIn">
<arg>${is_success}</arg>
<arg>msg=Unable to input text to element after 10 retry</arg>
<doc>Fails if the given condition is not true.</doc>
<status status="PASS" starttime="20211123 23:56:42.943" endtime="20211123 23:56:42.943"/>
</kw>
<status status="PASS" starttime="20211123 23:56:42.726" endtime="20211123 23:56:42.943"/>
</kw>
<kw name="Input Text To Element When Ready" library="common_keywords">
<arg>${XPATH_FIELD_PASSWORD}</arg>
<arg>${PASSWORD}</arg>
<kw name="Wait Until Element Is Visible" library="SeleniumLibrary">
<arg>${location}</arg>
<doc>Waits until the element ``locator`` is visible.</doc>
<status status="PASS" starttime="20211123 23:56:42.945" endtime="20211123 23:56:42.964"/>
</kw>
<for flavor="IN RANGE">
<var>${index}</var>
<value>1</value>
<value>10</value>
<iter>
<var name="${index}">1</var>
<kw name="Run Keyword And Ignore Error" library="BuiltIn">
<var>${result_msg}</var>
<arg>Input Text</arg>
<arg>${location}</arg>
<arg>${text}</arg>
<arg>clear=${clear}</arg>
<doc>Runs the given keyword with the given arguments and ignores possible error.</doc>
<kw name="Input Text" library="SeleniumLibrary">
<arg>${location}</arg>
<arg>${text}</arg>
<arg>clear=${clear}</arg>
<doc>Types the given ``text`` into the text field identified by ``locator``.</doc>
<msg timestamp="20211123 23:56:42.964" level="INFO">Typing text 'jenosize' into text field 'name=password'.</msg>
<status status="PASS" starttime="20211123 23:56:42.964" endtime="20211123 23:56:43.048"/>
</kw>
<msg timestamp="20211123 23:56:43.048" level="INFO">${result_msg} = ('PASS', None)</msg>
<status status="PASS" starttime="20211123 23:56:42.964" endtime="20211123 23:56:43.048"/>
</kw>
<kw name="Convert To String" library="BuiltIn">
<var>${err_msg}</var>
<arg>${result_msg[1]}</arg>
<doc>Converts the given item to a Unicode string.</doc>
<msg timestamp="20211123 23:56:43.049" level="INFO">${err_msg} = None</msg>
<status status="PASS" starttime="20211123 23:56:43.049" endtime="20211123 23:56:43.049"/>
</kw>
<kw name="Run Keyword And Return Status" library="BuiltIn">
<var>${is_success}</var>
<arg>Should Be Equal</arg>
<arg>${err_msg}</arg>
<arg>None</arg>
<doc>Runs the given keyword with given arguments and returns the status as a Boolean value.</doc>
<kw name="Should Be Equal" library="BuiltIn">
<arg>${err_msg}</arg>
<arg>None</arg>
<doc>Fails if the given objects are unequal.</doc>
<status status="PASS" starttime="20211123 23:56:43.049" endtime="20211123 23:56:43.050"/>
</kw>
<msg timestamp="20211123 23:56:43.050" level="INFO">${is_success} = True</msg>
<status status="PASS" starttime="20211123 23:56:43.049" endtime="20211123 23:56:43.050"/>
</kw>
<kw name="Run Keyword And Return Status" library="BuiltIn">
<var>${is_not_loading_error}</var>
<arg>Should Not Contain</arg>
<arg>${err_msg}</arg>
<arg>invalid element state</arg>
<doc>Runs the given keyword with given arguments and returns the status as a Boolean value.</doc>
<kw name="Should Not Contain" library="BuiltIn">
<arg>${err_msg}</arg>
<arg>invalid element state</arg>
<doc>Fails if ``container`` contains ``item`` one or more times.</doc>
<status status="PASS" starttime="20211123 23:56:43.050" endtime="20211123 23:56:43.050"/>
</kw>
<msg timestamp="20211123 23:56:43.050" level="INFO">${is_not_loading_error} = True</msg>
<status status="PASS" starttime="20211123 23:56:43.050" endtime="20211123 23:56:43.050"/>
</kw>
<kw name="Exit For Loop If" library="BuiltIn">
<arg>${is_success} or ${is_not_loading_error}</arg>
<doc>Stops executing the enclosing for loop if the ``condition`` is true.</doc>
<msg timestamp="20211123 23:56:43.051" level="INFO">Exiting for loop altogether.</msg>
<status status="PASS" starttime="20211123 23:56:43.050" endtime="20211123 23:56:43.051"/>
</kw>
<status status="PASS" starttime="20211123 23:56:42.964" endtime="20211123 23:56:43.051"/>
</iter>
<status status="PASS" starttime="20211123 23:56:42.964" endtime="20211123 23:56:43.051"/>
</for>
<kw name="Should Be True" library="BuiltIn">
<arg>${is_success}</arg>
<arg>msg=Unable to input text to element after 10 retry</arg>
<doc>Fails if the given condition is not true.</doc>
<status status="PASS" starttime="20211123 23:56:43.051" endtime="20211123 23:56:43.051"/>
</kw>
<status status="PASS" starttime="20211123 23:56:42.944" endtime="20211123 23:56:43.051"/>
</kw>
<kw name="Click Element When Ready" library="common_keywords">
<arg>${XPATH_BUTTON_LOGIN}</arg>
<kw name="Wait Until Element Is Visible" library="SeleniumLibrary">
<arg>${Element}</arg>
<doc>Waits until the element ``locator`` is visible.</doc>
<status status="PASS" starttime="20211123 23:56:43.052" endtime="20211123 23:56:43.068"/>
</kw>
<for flavor="IN RANGE">
<var>${index}</var>
<value>1</value>
<value>10</value>
<iter>
<var name="${index}">1</var>
<kw name="Run Keyword And Ignore Error" library="BuiltIn">
<var>${result_msg}</var>
<arg>Click Element</arg>
<arg>${Element}</arg>
<doc>Runs the given keyword with the given arguments and ignores possible error.</doc>
<kw name="Click Element" library="SeleniumLibrary">
<arg>${Element}</arg>
<doc>Click the element identified by ``locator``.</doc>
<msg timestamp="20211123 23:56:43.069" level="INFO">Clicking element 'xpath=//span[@class="MuiButton-label css-8xplcm-MuiButton-label"]'.</msg>
<status status="PASS" starttime="20211123 23:56:43.069" endtime="20211123 23:56:43.141"/>
</kw>
<msg timestamp="20211123 23:56:43.141" level="INFO">${result_msg} = ('PASS', None)</msg>
<status status="PASS" starttime="20211123 23:56:43.069" endtime="20211123 23:56:43.141"/>
</kw>
<kw name="Convert To String" library="BuiltIn">
<var>${err_msg}</var>
<arg>${result_msg[1]}</arg>
<doc>Converts the given item to a Unicode string.</doc>
<msg timestamp="20211123 23:56:43.142" level="INFO">${err_msg} = None</msg>
<status status="PASS" starttime="20211123 23:56:43.141" endtime="20211123 23:56:43.142"/>
</kw>
<kw name="Run Keyword And Return Status" library="BuiltIn">
<var>${is_success}</var>
<arg>Should Be Equal</arg>
<arg>${err_msg}</arg>
<arg>None</arg>
<doc>Runs the given keyword with given arguments and returns the status as a Boolean value.</doc>
<kw name="Should Be Equal" library="BuiltIn">
<arg>${err_msg}</arg>
<arg>None</arg>
<doc>Fails if the given objects are unequal.</doc>
<status status="PASS" starttime="20211123 23:56:43.142" endtime="20211123 23:56:43.142"/>
</kw>
<msg timestamp="20211123 23:56:43.142" level="INFO">${is_success} = True</msg>
<status status="PASS" starttime="20211123 23:56:43.142" endtime="20211123 23:56:43.142"/>
</kw>
<kw name="Run Keyword And Return Status" library="BuiltIn">
<var>${is_not_loading_error}</var>
<arg>Should Not Contain</arg>
<arg>${err_msg}</arg>
<arg>Other element would receive the click:</arg>
<doc>Runs the given keyword with given arguments and returns the status as a Boolean value.</doc>
<kw name="Should Not Contain" library="BuiltIn">
<arg>${err_msg}</arg>
<arg>Other element would receive the click:</arg>
<doc>Fails if ``container`` contains ``item`` one or more times.</doc>
<status status="PASS" starttime="20211123 23:56:43.143" endtime="20211123 23:56:43.143"/>
</kw>
<msg timestamp="20211123 23:56:43.143" level="INFO">${is_not_loading_error} = True</msg>
<status status="PASS" starttime="20211123 23:56:43.142" endtime="20211123 23:56:43.143"/>
</kw>
<kw name="Run Keyword And Return Status" library="BuiltIn">
<var>${is_not_loading_error_js}</var>
<arg>Should Not Contain</arg>
<arg>${err_msg}</arg>
<arg>JavascriptException: Message: javascript error: Error is not a constructor</arg>
<doc>Runs the given keyword with given arguments and returns the status as a Boolean value.</doc>
<kw name="Should Not Contain" library="BuiltIn">
<arg>${err_msg}</arg>
<arg>JavascriptException: Message: javascript error: Error is not a constructor</arg>
<doc>Fails if ``container`` contains ``item`` one or more times.</doc>
<status status="PASS" starttime="20211123 23:56:43.143" endtime="20211123 23:56:43.143"/>
</kw>
<msg timestamp="20211123 23:56:43.144" level="INFO">${is_not_loading_error_js} = True</msg>
<status status="PASS" starttime="20211123 23:56:43.143" endtime="20211123 23:56:43.144"/>
</kw>
<kw name="Evaluate" library="BuiltIn">
<var>${result}</var>
<arg>${is_not_loading_error} and ${is_not_loading_error_js}</arg>
<doc>Evaluates the given expression in Python and returns the result.</doc>
<msg timestamp="20211123 23:56:43.144" level="INFO">${result} = True</msg>
<status status="PASS" starttime="20211123 23:56:43.144" endtime="20211123 23:56:43.144"/>
</kw>
<kw name="Exit For Loop If" library="BuiltIn">
<arg>${is_success} or ${result}</arg>
<doc>Stops executing the enclosing for loop if the ``condition`` is true.</doc>
<msg timestamp="20211123 23:56:43.144" level="INFO">Exiting for loop altogether.</msg>
<status status="PASS" starttime="20211123 23:56:43.144" endtime="20211123 23:56:43.144"/>
</kw>
<status status="PASS" starttime="20211123 23:56:43.069" endtime="20211123 23:56:43.144"/>
</iter>
<status status="PASS" starttime="20211123 23:56:43.068" endtime="20211123 23:56:43.144"/>
</for>
<kw name="Should Be True" library="BuiltIn">
<arg>${is_success}</arg>
<arg>msg=Unable to click the element after 10 retry</arg>
<doc>Fails if the given condition is not true.</doc>
<status status="PASS" starttime="20211123 23:56:43.145" endtime="20211123 23:56:43.145"/>
</kw>
<status status="PASS" starttime="20211123 23:56:43.051" endtime="20211123 23:56:43.145"/>
</kw>
<kw name="Wait Until Page Contains" library="SeleniumLibrary">
<arg>Sales Dashboard</arg>
<arg>${TIME_WAIT}</arg>
<doc>Waits until ``text`` appears on the current page.</doc>
<status status="PASS" starttime="20211123 23:56:43.145" endtime="20211123 23:56:47.506"/>
</kw>
<kw name="Capture Page Screenshot" library="SeleniumLibrary">
<doc>Takes a screenshot of the current page and embeds it into a log file.</doc>
<msg timestamp="20211123 23:56:47.724" level="INFO" html="true">&lt;/td&gt;&lt;/tr&gt;&lt;tr&gt;&lt;td colspan="3"&gt;&lt;a href="selenium-screenshot-23.png"&gt;&lt;img src="selenium-screenshot-23.png" width="800px"&gt;&lt;/a&gt;</msg>
<status status="PASS" starttime="20211123 23:56:47.507" endtime="20211123 23:56:47.724"/>
</kw>
<doc>เข้าสู่ระบบสำเร็จและตรวจสอบความถูกต้องหน้าแรก</doc>
<status status="PASS" starttime="20211123 23:56:38.984" endtime="20211123 23:56:47.725"/>
</test>
<test id="s1-t2" name="TC02_Sign Out Accounts">
<kw name="Click Element When Ready" library="common_keywords">
<arg>//div[@class="MuiAvatar-root MuiAvatar-circular css-ze2gcq-MuiAvatar-root"]//img</arg>
<kw name="Wait Until Element Is Visible" library="SeleniumLibrary">
<arg>${Element}</arg>
<doc>Waits until the element ``locator`` is visible.</doc>
<status status="PASS" starttime="20211123 23:56:47.727" endtime="20211123 23:56:47.743"/>
</kw>
<for flavor="IN RANGE">
<var>${index}</var>
<value>1</value>
<value>10</value>
<iter>
<var name="${index}">1</var>
<kw name="Run Keyword And Ignore Error" library="BuiltIn">
<var>${result_msg}</var>
<arg>Click Element</arg>
<arg>${Element}</arg>
<doc>Runs the given keyword with the given arguments and ignores possible error.</doc>
<kw name="Click Element" library="SeleniumLibrary">
<arg>${Element}</arg>
<doc>Click the element identified by ``locator``.</doc>
<msg timestamp="20211123 23:56:47.744" level="INFO">Clicking element '//div[@class="MuiAvatar-root MuiAvatar-circular css-ze2gcq-MuiAvatar-root"]//img'.</msg>
<status status="PASS" starttime="20211123 23:56:47.744" endtime="20211123 23:56:47.827"/>
</kw>
<msg timestamp="20211123 23:56:47.827" level="INFO">${result_msg} = ('PASS', None)</msg>
<status status="PASS" starttime="20211123 23:56:47.744" endtime="20211123 23:56:47.827"/>
</kw>
<kw name="Convert To String" library="BuiltIn">
<var>${err_msg}</var>
<arg>${result_msg[1]}</arg>
<doc>Converts the given item to a Unicode string.</doc>
<msg timestamp="20211123 23:56:47.828" level="INFO">${err_msg} = None</msg>
<status status="PASS" starttime="20211123 23:56:47.827" endtime="20211123 23:56:47.828"/>
</kw>
<kw name="Run Keyword And Return Status" library="BuiltIn">
<var>${is_success}</var>
<arg>Should Be Equal</arg>
<arg>${err_msg}</arg>
<arg>None</arg>
<doc>Runs the given keyword with given arguments and returns the status as a Boolean value.</doc>
<kw name="Should Be Equal" library="BuiltIn">
<arg>${err_msg}</arg>
<arg>None</arg>
<doc>Fails if the given objects are unequal.</doc>
<status status="PASS" starttime="20211123 23:56:47.828" endtime="20211123 23:56:47.828"/>
</kw>
<msg timestamp="20211123 23:56:47.828" level="INFO">${is_success} = True</msg>
<status status="PASS" starttime="20211123 23:56:47.828" endtime="20211123 23:56:47.828"/>
</kw>
<kw name="Run Keyword And Return Status" library="BuiltIn">
<var>${is_not_loading_error}</var>
<arg>Should Not Contain</arg>
<arg>${err_msg}</arg>
<arg>Other element would receive the click:</arg>
<doc>Runs the given keyword with given arguments and returns the status as a Boolean value.</doc>
<kw name="Should Not Contain" library="BuiltIn">
<arg>${err_msg}</arg>
<arg>Other element would receive the click:</arg>
<doc>Fails if ``container`` contains ``item`` one or more times.</doc>
<status status="PASS" starttime="20211123 23:56:47.829" endtime="20211123 23:56:47.829"/>
</kw>
<msg timestamp="20211123 23:56:47.829" level="INFO">${is_not_loading_error} = True</msg>
<status status="PASS" starttime="20211123 23:56:47.828" endtime="20211123 23:56:47.829"/>
</kw>
<kw name="Run Keyword And Return Status" library="BuiltIn">
<var>${is_not_loading_error_js}</var>
<arg>Should Not Contain</arg>
<arg>${err_msg}</arg>
<arg>JavascriptException: Message: javascript error: Error is not a constructor</arg>
<doc>Runs the given keyword with given arguments and returns the status as a Boolean value.</doc>
<kw name="Should Not Contain" library="BuiltIn">
<arg>${err_msg}</arg>
<arg>JavascriptException: Message: javascript error: Error is not a constructor</arg>
<doc>Fails if ``container`` contains ``item`` one or more times.</doc>
<status status="PASS" starttime="20211123 23:56:47.829" endtime="20211123 23:56:47.829"/>
</kw>
<msg timestamp="20211123 23:56:47.829" level="INFO">${is_not_loading_error_js} = True</msg>
<status status="PASS" starttime="20211123 23:56:47.829" endtime="20211123 23:56:47.829"/>
</kw>
<kw name="Evaluate" library="BuiltIn">
<var>${result}</var>
<arg>${is_not_loading_error} and ${is_not_loading_error_js}</arg>
<doc>Evaluates the given expression in Python and returns the result.</doc>
<msg timestamp="20211123 23:56:47.830" level="INFO">${result} = True</msg>
<status status="PASS" starttime="20211123 23:56:47.829" endtime="20211123 23:56:47.830"/>
</kw>
<kw name="Exit For Loop If" library="BuiltIn">
<arg>${is_success} or ${result}</arg>
<doc>Stops executing the enclosing for loop if the ``condition`` is true.</doc>
<msg timestamp="20211123 23:56:47.830" level="INFO">Exiting for loop altogether.</msg>
<status status="PASS" starttime="20211123 23:56:47.830" endtime="20211123 23:56:47.830"/>
</kw>
<status status="PASS" starttime="20211123 23:56:47.743" endtime="20211123 23:56:47.830"/>
</iter>
<status status="PASS" starttime="20211123 23:56:47.743" endtime="20211123 23:56:47.831"/>
</for>
<kw name="Should Be True" library="BuiltIn">
<arg>${is_success}</arg>
<arg>msg=Unable to click the element after 10 retry</arg>
<doc>Fails if the given condition is not true.</doc>
<status status="PASS" starttime="20211123 23:56:47.831" endtime="20211123 23:56:47.831"/>
</kw>
<status status="PASS" starttime="20211123 23:56:47.727" endtime="20211123 23:56:47.831"/>
</kw>
<kw name="Click Element When Ready" library="common_keywords">
<arg>//button[@type="button"]//span[text()="Logout"]</arg>
<kw name="Wait Until Element Is Visible" library="SeleniumLibrary">
<arg>${Element}</arg>
<doc>Waits until the element ``locator`` is visible.</doc>
<status status="PASS" starttime="20211123 23:56:47.832" endtime="20211123 23:56:47.852"/>
</kw>
<for flavor="IN RANGE">
<var>${index}</var>
<value>1</value>
<value>10</value>
<iter>
<var name="${index}">1</var>
<kw name="Run Keyword And Ignore Error" library="BuiltIn">
<var>${result_msg}</var>
<arg>Click Element</arg>
<arg>${Element}</arg>
<doc>Runs the given keyword with the given arguments and ignores possible error.</doc>
<kw name="Click Element" library="SeleniumLibrary">
<arg>${Element}</arg>
<doc>Click the element identified by ``locator``.</doc>
<msg timestamp="20211123 23:56:47.853" level="INFO">Clicking element '//button[@type="button"]//span[text()="Logout"]'.</msg>
<status status="PASS" starttime="20211123 23:56:47.853" endtime="20211123 23:56:48.282"/>
</kw>
<msg timestamp="20211123 23:56:48.282" level="INFO">${result_msg} = ('PASS', None)</msg>
<status status="PASS" starttime="20211123 23:56:47.852" endtime="20211123 23:56:48.282"/>
</kw>
<kw name="Convert To String" library="BuiltIn">
<var>${err_msg}</var>
<arg>${result_msg[1]}</arg>
<doc>Converts the given item to a Unicode string.</doc>
<msg timestamp="20211123 23:56:48.283" level="INFO">${err_msg} = None</msg>
<status status="PASS" starttime="20211123 23:56:48.282" endtime="20211123 23:56:48.283"/>
</kw>
<kw name="Run Keyword And Return Status" library="BuiltIn">
<var>${is_success}</var>
<arg>Should Be Equal</arg>
<arg>${err_msg}</arg>
<arg>None</arg>
<doc>Runs the given keyword with given arguments and returns the status as a Boolean value.</doc>
<kw name="Should Be Equal" library="BuiltIn">
<arg>${err_msg}</arg>
<arg>None</arg>
<doc>Fails if the given objects are unequal.</doc>
<status status="PASS" starttime="20211123 23:56:48.283" endtime="20211123 23:56:48.284"/>
</kw>
<msg timestamp="20211123 23:56:48.284" level="INFO">${is_success} = True</msg>
<status status="PASS" starttime="20211123 23:56:48.283" endtime="20211123 23:56:48.284"/>
</kw>
<kw name="Run Keyword And Return Status" library="BuiltIn">
<var>${is_not_loading_error}</var>
<arg>Should Not Contain</arg>
<arg>${err_msg}</arg>
<arg>Other element would receive the click:</arg>
<doc>Runs the given keyword with given arguments and returns the status as a Boolean value.</doc>
<kw name="Should Not Contain" library="BuiltIn">
<arg>${err_msg}</arg>
<arg>Other element would receive the click:</arg>
<doc>Fails if ``container`` contains ``item`` one or more times.</doc>
<status status="PASS" starttime="20211123 23:56:48.284" endtime="20211123 23:56:48.284"/>
</kw>
<msg timestamp="20211123 23:56:48.284" level="INFO">${is_not_loading_error} = True</msg>
<status status="PASS" starttime="20211123 23:56:48.284" endtime="20211123 23:56:48.284"/>
</kw>
<kw name="Run Keyword And Return Status" library="BuiltIn">
<var>${is_not_loading_error_js}</var>
<arg>Should Not Contain</arg>
<arg>${err_msg}</arg>
<arg>JavascriptException: Message: javascript error: Error is not a constructor</arg>
<doc>Runs the given keyword with given arguments and returns the status as a Boolean value.</doc>
<kw name="Should Not Contain" library="BuiltIn">
<arg>${err_msg}</arg>
<arg>JavascriptException: Message: javascript error: Error is not a constructor</arg>
<doc>Fails if ``container`` contains ``item`` one or more times.</doc>
<status status="PASS" starttime="20211123 23:56:48.284" endtime="20211123 23:56:48.284"/>
</kw>
<msg timestamp="20211123 23:56:48.284" level="INFO">${is_not_loading_error_js} = True</msg>
<status status="PASS" starttime="20211123 23:56:48.284" endtime="20211123 23:56:48.284"/>
</kw>
<kw name="Evaluate" library="BuiltIn">
<var>${result}</var>
<arg>${is_not_loading_error} and ${is_not_loading_error_js}</arg>
<doc>Evaluates the given expression in Python and returns the result.</doc>
<msg timestamp="20211123 23:56:48.285" level="INFO">${result} = True</msg>
<status status="PASS" starttime="20211123 23:56:48.285" endtime="20211123 23:56:48.285"/>
</kw>
<kw name="Exit For Loop If" library="BuiltIn">
<arg>${is_success} or ${result}</arg>
<doc>Stops executing the enclosing for loop if the ``condition`` is true.</doc>
<msg timestamp="20211123 23:56:48.285" level="INFO">Exiting for loop altogether.</msg>
<status status="PASS" starttime="20211123 23:56:48.285" endtime="20211123 23:56:48.285"/>
</kw>
<status status="PASS" starttime="20211123 23:56:47.852" endtime="20211123 23:56:48.285"/>
</iter>
<status status="PASS" starttime="20211123 23:56:47.852" endtime="20211123 23:56:48.285"/>
</for>
<kw name="Should Be True" library="BuiltIn">
<arg>${is_success}</arg>
<arg>msg=Unable to click the element after 10 retry</arg>
<doc>Fails if the given condition is not true.</doc>
<status status="PASS" starttime="20211123 23:56:48.286" endtime="20211123 23:56:48.286"/>
</kw>
<status status="PASS" starttime="20211123 23:56:47.832" endtime="20211123 23:56:48.286"/>
</kw>
<kw name="Wait Until Page Contains" library="SeleniumLibrary">
<arg>Login</arg>
<doc>Waits until ``text`` appears on the current page.</doc>
<status status="PASS" starttime="20211123 23:56:48.286" endtime="20211123 23:56:48.690"/>
</kw>
<kw name="Capture Page Screenshot" library="SeleniumLibrary">
<doc>Takes a screenshot of the current page and embeds it into a log file.</doc>
<msg timestamp="20211123 23:56:48.828" level="INFO" html="true">&lt;/td&gt;&lt;/tr&gt;&lt;tr&gt;&lt;td colspan="3"&gt;&lt;a href="selenium-screenshot-24.png"&gt;&lt;img src="selenium-screenshot-24.png" width="800px"&gt;&lt;/a&gt;</msg>
<status status="PASS" starttime="20211123 23:56:48.691" endtime="20211123 23:56:48.828"/>
</kw>
<doc>ออกจากระบบสำเร็จ</doc>
<status status="PASS" starttime="20211123 23:56:47.726" endtime="20211123 23:56:48.828"/>
</test>
<test id="s1-t3" name="TC03_Login with correct Username and wrong Password for Verify text massage">
<kw name="Clear Text When Ready" library="common_keywords">
<arg>${XPATH_FIELD_USERNAME}</arg>
<doc>Clear text in element when element is visible</doc>
<kw name="Wait Until Element Is Visible" library="SeleniumLibrary">
<arg>${locator}</arg>
<arg>${TIME_WAIT}</arg>
<doc>Waits until the element ``locator`` is visible.</doc>
<status status="PASS" starttime="20211123 23:56:48.831" endtime="20211123 23:56:48.845"/>
</kw>
<kw name="Press Keys" library="SeleniumLibrary">
<arg>${locator}</arg>
<arg>CTRL+a+BACKSPACE</arg>
<doc>Simulates the user pressing key(s) to an element or on the active browser.</doc>
<msg timestamp="20211123 23:56:48.845" level="INFO">Sending key(s) ('CTRL+a+BACKSPACE',) to name=email element.</msg>
<msg timestamp="20211123 23:56:49.124" level="INFO">Pressing special key CONTROL down.</msg>
<msg timestamp="20211123 23:56:49.124" level="INFO">Sending key a</msg>
<msg timestamp="20211123 23:56:49.124" level="INFO">Pressing special key BACKSPACE down.</msg>
<msg timestamp="20211123 23:56:49.124" level="INFO">Releasing special key CONTROL.</msg>
<msg timestamp="20211123 23:56:49.124" level="INFO">Releasing special key BACKSPACE.</msg>
<status status="PASS" starttime="20211123 23:56:48.845" endtime="20211123 23:56:49.137"/>
</kw>
<status status="PASS" starttime="20211123 23:56:48.830" endtime="20211123 23:56:49.137"/>
</kw>
<kw name="Clear Text When Ready" library="common_keywords">
<arg>${XPATH_FIELD_PASSWORD}</arg>
<doc>Clear text in element when element is visible</doc>
<kw name="Wait Until Element Is Visible" library="SeleniumLibrary">
<arg>${locator}</arg>
<arg>${TIME_WAIT}</arg>
<doc>Waits until the element ``locator`` is visible.</doc>
<status status="PASS" starttime="20211123 23:56:49.138" endtime="20211123 23:56:49.156"/>
</kw>
<kw name="Press Keys" library="SeleniumLibrary">
<arg>${locator}</arg>
<arg>CTRL+a+BACKSPACE</arg>
<doc>Simulates the user pressing key(s) to an element or on the active browser.</doc>
<msg timestamp="20211123 23:56:49.157" level="INFO">Sending key(s) ('CTRL+a+BACKSPACE',) to name=password element.</msg>
<msg timestamp="20211123 23:56:49.442" level="INFO">Pressing special key CONTROL down.</msg>
<msg timestamp="20211123 23:56:49.442" level="INFO">Sending key a</msg>
<msg timestamp="20211123 23:56:49.442" level="INFO">Pressing special key BACKSPACE down.</msg>
<msg timestamp="20211123 23:56:49.443" level="INFO">Releasing special key CONTROL.</msg>
<msg timestamp="20211123 23:56:49.443" level="INFO">Releasing special key BACKSPACE.</msg>
<status status="PASS" starttime="20211123 23:56:49.156" endtime="20211123 23:56:49.449"/>
</kw>
<status status="PASS" starttime="20211123 23:56:49.137" endtime="20211123 23:56:49.449"/>
</kw>
<kw name="Input Text To Element When Ready" library="common_keywords">
<arg>${XPATH_FIELD_USERNAME}</arg>
<arg>${EMAIL}</arg>
<kw name="Wait Until Element Is Visible" library="SeleniumLibrary">
<arg>${location}</arg>
<doc>Waits until the element ``locator`` is visible.</doc>
<status status="PASS" starttime="20211123 23:56:49.450" endtime="20211123 23:56:49.463"/>
</kw>
<for flavor="IN RANGE">
<var>${index}</var>
<value>1</value>
<value>10</value>
<iter>
<var name="${index}">1</var>
<kw name="Run Keyword And Ignore Error" library="BuiltIn">
<var>${result_msg}</var>
<arg>Input Text</arg>
<arg>${location}</arg>
<arg>${text}</arg>
<arg>clear=${clear}</arg>
<doc>Runs the given keyword with the given arguments and ignores possible error.</doc>
<kw name="Input Text" library="SeleniumLibrary">
<arg>${location}</arg>
<arg>${text}</arg>
<arg>clear=${clear}</arg>
<doc>Types the given ``text`` into the text field identified by ``locator``.</doc>
<msg timestamp="20211123 23:56:49.464" level="INFO">Typing text 'admin-mgr-2@jenosize.com' into text field 'name=email'.</msg>
<status status="PASS" starttime="20211123 23:56:49.464" endtime="20211123 23:56:49.639"/>
</kw>
<msg timestamp="20211123 23:56:49.640" level="INFO">${result_msg} = ('PASS', None)</msg>
<status status="PASS" starttime="20211123 23:56:49.463" endtime="20211123 23:56:49.640"/>
</kw>
<kw name="Convert To String" library="BuiltIn">
<var>${err_msg}</var>
<arg>${result_msg[1]}</arg>
<doc>Converts the given item to a Unicode string.</doc>
<msg timestamp="20211123 23:56:49.640" level="INFO">${err_msg} = None</msg>
<status status="PASS" starttime="20211123 23:56:49.640" endtime="20211123 23:56:49.640"/>
</kw>
<kw name="Run Keyword And Return Status" library="BuiltIn">
<var>${is_success}</var>
<arg>Should Be Equal</arg>
<arg>${err_msg}</arg>
<arg>None</arg>
<doc>Runs the given keyword with given arguments and returns the status as a Boolean value.</doc>
<kw name="Should Be Equal" library="BuiltIn">
<arg>${err_msg}</arg>
<arg>None</arg>
<doc>Fails if the given objects are unequal.</doc>
<status status="PASS" starttime="20211123 23:56:49.641" endtime="20211123 23:56:49.641"/>
</kw>
<msg timestamp="20211123 23:56:49.641" level="INFO">${is_success} = True</msg>
<status status="PASS" starttime="20211123 23:56:49.640" endtime="20211123 23:56:49.641"/>
</kw>
<kw name="Run Keyword And Return Status" library="BuiltIn">
<var>${is_not_loading_error}</var>
<arg>Should Not Contain</arg>
<arg>${err_msg}</arg>
<arg>invalid element state</arg>
<doc>Runs the given keyword with given arguments and returns the status as a Boolean value.</doc>
<kw name="Should Not Contain" library="BuiltIn">
<arg>${err_msg}</arg>
<arg>invalid element state</arg>
<doc>Fails if ``container`` contains ``item`` one or more times.</doc>
<status status="PASS" starttime="20211123 23:56:49.641" endtime="20211123 23:56:49.641"/>
</kw>
<msg timestamp="20211123 23:56:49.641" level="INFO">${is_not_loading_error} = True</msg>
<status status="PASS" starttime="20211123 23:56:49.641" endtime="20211123 23:56:49.641"/>
</kw>
<kw name="Exit For Loop If" library="BuiltIn">
<arg>${is_success} or ${is_not_loading_error}</arg>
<doc>Stops executing the enclosing for loop if the ``condition`` is true.</doc>
<msg timestamp="20211123 23:56:49.642" level="INFO">Exiting for loop altogether.</msg>
<status status="PASS" starttime="20211123 23:56:49.641" endtime="20211123 23:56:49.642"/>
</kw>
<status status="PASS" starttime="20211123 23:56:49.463" endtime="20211123 23:56:49.642"/>
</iter>
<status status="PASS" starttime="20211123 23:56:49.463" endtime="20211123 23:56:49.642"/>
</for>
<kw name="Should Be True" library="BuiltIn">
<arg>${is_success}</arg>
<arg>msg=Unable to input text to element after 10 retry</arg>
<doc>Fails if the given condition is not true.</doc>
<status status="PASS" starttime="20211123 23:56:49.642" endtime="20211123 23:56:49.642"/>
</kw>
<status status="PASS" starttime="20211123 23:56:49.449" endtime="20211123 23:56:49.642"/>
</kw>
<kw name="Input Text To Element When Ready" library="common_keywords">
<arg>${XPATH_FIELD_PASSWORD}</arg>
<arg>54654</arg>
<kw name="Wait Until Element Is Visible" library="SeleniumLibrary">
<arg>${location}</arg>
<doc>Waits until the element ``locator`` is visible.</doc>
<status status="PASS" starttime="20211123 23:56:49.643" endtime="20211123 23:56:49.659"/>
</kw>
<for flavor="IN RANGE">
<var>${index}</var>
<value>1</value>
<value>10</value>
<iter>
<var name="${index}">1</var>
<kw name="Run Keyword And Ignore Error" library="BuiltIn">
<var>${result_msg}</var>
<arg>Input Text</arg>
<arg>${location}</arg>
<arg>${text}</arg>
<arg>clear=${clear}</arg>
<doc>Runs the given keyword with the given arguments and ignores possible error.</doc>
<kw name="Input Text" library="SeleniumLibrary">
<arg>${location}</arg>
<arg>${text}</arg>
<arg>clear=${clear}</arg>
<doc>Types the given ``text`` into the text field identified by ``locator``.</doc>
<msg timestamp="20211123 23:56:49.660" level="INFO">Typing text '54654' into text field 'name=password'.</msg>
<status status="PASS" starttime="20211123 23:56:49.660" endtime="20211123 23:56:49.728"/>
</kw>
<msg timestamp="20211123 23:56:49.728" level="INFO">${result_msg} = ('PASS', None)</msg>
<status status="PASS" starttime="20211123 23:56:49.659" endtime="20211123 23:56:49.728"/>
</kw>
<kw name="Convert To String" library="BuiltIn">
<var>${err_msg}</var>
<arg>${result_msg[1]}</arg>
<doc>Converts the given item to a Unicode string.</doc>
<msg timestamp="20211123 23:56:49.729" level="INFO">${err_msg} = None</msg>
<status status="PASS" starttime="20211123 23:56:49.728" endtime="20211123 23:56:49.729"/>
</kw>
<kw name="Run Keyword And Return Status" library="BuiltIn">
<var>${is_success}</var>
<arg>Should Be Equal</arg>
<arg>${err_msg}</arg>
<arg>None</arg>
<doc>Runs the given keyword with given arguments and returns the status as a Boolean value.</doc>
<kw name="Should Be Equal" library="BuiltIn">
<arg>${err_msg}</arg>
<arg>None</arg>
<doc>Fails if the given objects are unequal.</doc>
<status status="PASS" starttime="20211123 23:56:49.729" endtime="20211123 23:56:49.729"/>
</kw>
<msg timestamp="20211123 23:56:49.729" level="INFO">${is_success} = True</msg>
<status status="PASS" starttime="20211123 23:56:49.729" endtime="20211123 23:56:49.729"/>
</kw>
<kw name="Run Keyword And Return Status" library="BuiltIn">
<var>${is_not_loading_error}</var>
<arg>Should Not Contain</arg>
<arg>${err_msg}</arg>
<arg>invalid element state</arg>
<doc>Runs the given keyword with given arguments and returns the status as a Boolean value.</doc>
<kw name="Should Not Contain" library="BuiltIn">
<arg>${err_msg}</arg>
<arg>invalid element state</arg>
<doc>Fails if ``container`` contains ``item`` one or more times.</doc>
<status status="PASS" starttime="20211123 23:56:49.729" endtime="20211123 23:56:49.730"/>
</kw>
<msg timestamp="20211123 23:56:49.730" level="INFO">${is_not_loading_error} = True</msg>
<status status="PASS" starttime="20211123 23:56:49.729" endtime="20211123 23:56:49.730"/>
</kw>
<kw name="Exit For Loop If" library="BuiltIn">
<arg>${is_success} or ${is_not_loading_error}</arg>
<doc>Stops executing the enclosing for loop if the ``condition`` is true.</doc>
<msg timestamp="20211123 23:56:49.730" level="INFO">Exiting for loop altogether.</msg>
<status status="PASS" starttime="20211123 23:56:49.730" endtime="20211123 23:56:49.730"/>
</kw>
<status status="PASS" starttime="20211123 23:56:49.659" endtime="20211123 23:56:49.730"/>
</iter>
<status status="PASS" starttime="20211123 23:56:49.659" endtime="20211123 23:56:49.730"/>
</for>
<kw name="Should Be True" library="BuiltIn">
<arg>${is_success}</arg>
<arg>msg=Unable to input text to element after 10 retry</arg>
<doc>Fails if the given condition is not true.</doc>
<status status="PASS" starttime="20211123 23:56:49.730" endtime="20211123 23:56:49.730"/>
</kw>
<status status="PASS" starttime="20211123 23:56:49.643" endtime="20211123 23:56:49.730"/>
</kw>
<kw name="Click Element When Ready" library="common_keywords">
<arg>${XPATH_BUTTON_LOGIN}</arg>
<kw name="Wait Until Element Is Visible" library="SeleniumLibrary">
<arg>${Element}</arg>
<doc>Waits until the element ``locator`` is visible.</doc>
<status status="PASS" starttime="20211123 23:56:49.731" endtime="20211123 23:56:49.747"/>
</kw>
<for flavor="IN RANGE">
<var>${index}</var>
<value>1</value>
<value>10</value>
<iter>
<var name="${index}">1</var>
<kw name="Run Keyword And Ignore Error" library="BuiltIn">
<var>${result_msg}</var>
<arg>Click Element</arg>
<arg>${Element}</arg>
<doc>Runs the given keyword with the given arguments and ignores possible error.</doc>
<kw name="Click Element" library="SeleniumLibrary">
<arg>${Element}</arg>
<doc>Click the element identified by ``locator``.</doc>
<msg timestamp="20211123 23:56:49.748" level="INFO">Clicking element 'xpath=//span[@class="MuiButton-label css-8xplcm-MuiButton-label"]'.</msg>
<status status="PASS" starttime="20211123 23:56:49.747" endtime="20211123 23:56:49.808"/>
</kw>
<msg timestamp="20211123 23:56:49.808" level="INFO">${result_msg} = ('PASS', None)</msg>
<status status="PASS" starttime="20211123 23:56:49.747" endtime="20211123 23:56:49.808"/>
</kw>
<kw name="Convert To String" library="BuiltIn">
<var>${err_msg}</var>
<arg>${result_msg[1]}</arg>
<doc>Converts the given item to a Unicode string.</doc>
<msg timestamp="20211123 23:56:49.809" level="INFO">${err_msg} = None</msg>
<status status="PASS" starttime="20211123 23:56:49.808" endtime="20211123 23:56:49.809"/>
</kw>
<kw name="Run Keyword And Return Status" library="BuiltIn">
<var>${is_success}</var>
<arg>Should Be Equal</arg>
<arg>${err_msg}</arg>
<arg>None</arg>
<doc>Runs the given keyword with given arguments and returns the status as a Boolean value.</doc>
<kw name="Should Be Equal" library="BuiltIn">
<arg>${err_msg}</arg>
<arg>None</arg>
<doc>Fails if the given objects are unequal.</doc>
<status status="PASS" starttime="20211123 23:56:49.809" endtime="20211123 23:56:49.810"/>
</kw>
<msg timestamp="20211123 23:56:49.810" level="INFO">${is_success} = True</msg>
<status status="PASS" starttime="20211123 23:56:49.809" endtime="20211123 23:56:49.810"/>
</kw>
<kw name="Run Keyword And Return Status" library="BuiltIn">
<var>${is_not_loading_error}</var>
<arg>Should Not Contain</arg>
<arg>${err_msg}</arg>
<arg>Other element would receive the click:</arg>
<doc>Runs the given keyword with given arguments and returns the status as a Boolean value.</doc>
<kw name="Should Not Contain" library="BuiltIn">
<arg>${err_msg}</arg>
<arg>Other element would receive the click:</arg>
<doc>Fails if ``container`` contains ``item`` one or more times.</doc>
<status status="PASS" starttime="20211123 23:56:49.810" endtime="20211123 23:56:49.810"/>
</kw>
<msg timestamp="20211123 23:56:49.810" level="INFO">${is_not_loading_error} = True</msg>
<status status="PASS" starttime="20211123 23:56:49.810" endtime="20211123 23:56:49.810"/>
</kw>
<kw name="Run Keyword And Return Status" library="BuiltIn">
<var>${is_not_loading_error_js}</var>
<arg>Should Not Contain</arg>
<arg>${err_msg}</arg>
<arg>JavascriptException: Message: javascript error: Error is not a constructor</arg>
<doc>Runs the given keyword with given arguments and returns the status as a Boolean value.</doc>
<kw name="Should Not Contain" library="BuiltIn">
<arg>${err_msg}</arg>
<arg>JavascriptException: Message: javascript error: Error is not a constructor</arg>
<doc>Fails if ``container`` contains ``item`` one or more times.</doc>
<status status="PASS" starttime="20211123 23:56:49.810" endtime="20211123 23:56:49.811"/>
</kw>
<msg timestamp="20211123 23:56:49.811" level="INFO">${is_not_loading_error_js} = True</msg>
<status status="PASS" starttime="20211123 23:56:49.810" endtime="20211123 23:56:49.811"/>
</kw>
<kw name="Evaluate" library="BuiltIn">
<var>${result}</var>
<arg>${is_not_loading_error} and ${is_not_loading_error_js}</arg>
<doc>Evaluates the given expression in Python and returns the result.</doc>
<msg timestamp="20211123 23:56:49.811" level="INFO">${result} = True</msg>
<status status="PASS" starttime="20211123 23:56:49.811" endtime="20211123 23:56:49.811"/>
</kw>
<kw name="Exit For Loop If" library="BuiltIn">
<arg>${is_success} or ${result}</arg>
<doc>Stops executing the enclosing for loop if the ``condition`` is true.</doc>
<msg timestamp="20211123 23:56:49.812" level="INFO">Exiting for loop altogether.</msg>
<status status="PASS" starttime="20211123 23:56:49.811" endtime="20211123 23:56:49.812"/>
</kw>
<status status="PASS" starttime="20211123 23:56:49.747" endtime="20211123 23:56:49.812"/>
</iter>
<status status="PASS" starttime="20211123 23:56:49.747" endtime="20211123 23:56:49.812"/>
</for>
<kw name="Should Be True" library="BuiltIn">
<arg>${is_success}</arg>
<arg>msg=Unable to click the element after 10 retry</arg>
<doc>Fails if the given condition is not true.</doc>
<status status="PASS" starttime="20211123 23:56:49.812" endtime="20211123 23:56:49.812"/>
</kw>
<status status="PASS" starttime="20211123 23:56:49.730" endtime="20211123 23:56:49.812"/>
</kw>
<kw name="Wait Until Page Contains" library="SeleniumLibrary">
<arg>Email or password is wrong</arg>
<arg>${TIME_WAIT}</arg>
<doc>Waits until ``text`` appears on the current page.</doc>
<status status="PASS" starttime="20211123 23:56:49.812" endtime="20211123 23:56:50.909"/>
</kw>
<kw name="Capture Page Screenshot" library="SeleniumLibrary">
<doc>Takes a screenshot of the current page and embeds it into a log file.</doc>
<msg timestamp="20211123 23:56:51.096" level="INFO" html="true">&lt;/td&gt;&lt;/tr&gt;&lt;tr&gt;&lt;td colspan="3"&gt;&lt;a href="selenium-screenshot-25.png"&gt;&lt;img src="selenium-screenshot-25.png" width="800px"&gt;&lt;/a&gt;</msg>
<status status="PASS" starttime="20211123 23:56:50.909" endtime="20211123 23:56:51.097"/>
</kw>
<doc>ทดสอบ Login ด้วย Username ที่ถูก แต่ Password ที่ผิดพร้อมตรวจสอบข้อความแจ้งเตือน Email or password is wrong</doc>
<status status="PASS" starttime="20211123 23:56:48.830" endtime="20211123 23:56:51.097"/>
</test>
<test id="s1-t4" name="TC04_Login with wrong Username and correct Password for Verify text massage">
<kw name="Clear Text When Ready" library="common_keywords">
<arg>${XPATH_FIELD_USERNAME}</arg>
<doc>Clear text in element when element is visible</doc>
<kw name="Wait Until Element Is Visible" library="SeleniumLibrary">
<arg>${locator}</arg>
<arg>${TIME_WAIT}</arg>
<doc>Waits until the element ``locator`` is visible.</doc>
<status status="PASS" starttime="20211123 23:56:51.099" endtime="20211123 23:56:51.111"/>
</kw>
<kw name="Press Keys" library="SeleniumLibrary">
<arg>${locator}</arg>
<arg>CTRL+a+BACKSPACE</arg>
<doc>Simulates the user pressing key(s) to an element or on the active browser.</doc>
<msg timestamp="20211123 23:56:51.111" level="INFO">Sending key(s) ('CTRL+a+BACKSPACE',) to name=email element.</msg>
<msg timestamp="20211123 23:56:51.392" level="INFO">Pressing special key CONTROL down.</msg>
<msg timestamp="20211123 23:56:51.392" level="INFO">Sending key a</msg>
<msg timestamp="20211123 23:56:51.392" level="INFO">Pressing special key BACKSPACE down.</msg>
<msg timestamp="20211123 23:56:51.392" level="INFO">Releasing special key CONTROL.</msg>
<msg timestamp="20211123 23:56:51.392" level="INFO">Releasing special key BACKSPACE.</msg>
<status status="PASS" starttime="20211123 23:56:51.111" endtime="20211123 23:56:51.408"/>
</kw>
<status status="PASS" starttime="20211123 23:56:51.099" endtime="20211123 23:56:51.408"/>
</kw>
<kw name="Clear Text When Ready" library="common_keywords">
<arg>${XPATH_FIELD_PASSWORD}</arg>
<doc>Clear text in element when element is visible</doc>
<kw name="Wait Until Element Is Visible" library="SeleniumLibrary">
<arg>${locator}</arg>
<arg>${TIME_WAIT}</arg>
<doc>Waits until the element ``locator`` is visible.</doc>
<status status="PASS" starttime="20211123 23:56:51.409" endtime="20211123 23:56:51.421"/>
</kw>
<kw name="Press Keys" library="SeleniumLibrary">
<arg>${locator}</arg>
<arg>CTRL+a+BACKSPACE</arg>
<doc>Simulates the user pressing key(s) to an element or on the active browser.</doc>
<msg timestamp="20211123 23:56:51.421" level="INFO">Sending key(s) ('CTRL+a+BACKSPACE',) to name=password element.</msg>
<msg timestamp="20211123 23:56:51.711" level="INFO">Pressing special key CONTROL down.</msg>
<msg timestamp="20211123 23:56:51.711" level="INFO">Sending key a</msg>
<msg timestamp="20211123 23:56:51.711" level="INFO">Pressing special key BACKSPACE down.</msg>
<msg timestamp="20211123 23:56:51.711" level="INFO">Releasing special key CONTROL.</msg>
<msg timestamp="20211123 23:56:51.711" level="INFO">Releasing special key BACKSPACE.</msg>
<status status="PASS" starttime="20211123 23:56:51.421" endtime="20211123 23:56:51.723"/>
</kw>
<status status="PASS" starttime="20211123 23:56:51.408" endtime="20211123 23:56:51.724"/>
</kw>
<kw name="Input Text To Element When Ready" library="common_keywords">
<arg>${XPATH_FIELD_USERNAME}</arg>
<arg>EiEiAuAu</arg>
<kw name="Wait Until Element Is Visible" library="SeleniumLibrary">
<arg>${location}</arg>
<doc>Waits until the element ``locator`` is visible.</doc>
<status status="PASS" starttime="20211123 23:56:51.724" endtime="20211123 23:56:51.735"/>
</kw>
<for flavor="IN RANGE">
<var>${index}</var>
<value>1</value>
<value>10</value>
<iter>
<var name="${index}">1</var>
<kw name="Run Keyword And Ignore Error" library="BuiltIn">
<var>${result_msg}</var>
<arg>Input Text</arg>
<arg>${location}</arg>
<arg>${text}</arg>
<arg>clear=${clear}</arg>
<doc>Runs the given keyword with the given arguments and ignores possible error.</doc>
<kw name="Input Text" library="SeleniumLibrary">
<arg>${location}</arg>
<arg>${text}</arg>
<arg>clear=${clear}</arg>
<doc>Types the given ``text`` into the text field identified by ``locator``.</doc>
<msg timestamp="20211123 23:56:51.736" level="INFO">Typing text 'EiEiAuAu' into text field 'name=email'.</msg>
<status status="PASS" starttime="20211123 23:56:51.736" endtime="20211123 23:56:51.813"/>
</kw>
<msg timestamp="20211123 23:56:51.813" level="INFO">${result_msg} = ('PASS', None)</msg>
<status status="PASS" starttime="20211123 23:56:51.735" endtime="20211123 23:56:51.813"/>
</kw>
<kw name="Convert To String" library="BuiltIn">
<var>${err_msg}</var>
<arg>${result_msg[1]}</arg>
<doc>Converts the given item to a Unicode string.</doc>
<msg timestamp="20211123 23:56:51.814" level="INFO">${err_msg} = None</msg>
<status status="PASS" starttime="20211123 23:56:51.813" endtime="20211123 23:56:51.814"/>
</kw>
<kw name="Run Keyword And Return Status" library="BuiltIn">
<var>${is_success}</var>
<arg>Should Be Equal</arg>
<arg>${err_msg}</arg>
<arg>None</arg>
<doc>Runs the given keyword with given arguments and returns the status as a Boolean value.</doc>
<kw name="Should Be Equal" library="BuiltIn">
<arg>${err_msg}</arg>
<arg>None</arg>
<doc>Fails if the given objects are unequal.</doc>
<status status="PASS" starttime="20211123 23:56:51.814" endtime="20211123 23:56:51.814"/>
</kw>
<msg timestamp="20211123 23:56:51.814" level="INFO">${is_success} = True</msg>
<status status="PASS" starttime="20211123 23:56:51.814" endtime="20211123 23:56:51.814"/>
</kw>
<kw name="Run Keyword And Return Status" library="BuiltIn">
<var>${is_not_loading_error}</var>
<arg>Should Not Contain</arg>
<arg>${err_msg}</arg>
<arg>invalid element state</arg>
<doc>Runs the given keyword with given arguments and returns the status as a Boolean value.</doc>
<kw name="Should Not Contain" library="BuiltIn">
<arg>${err_msg}</arg>
<arg>invalid element state</arg>
<doc>Fails if ``container`` contains ``item`` one or more times.</doc>
<status status="PASS" starttime="20211123 23:56:51.815" endtime="20211123 23:56:51.815"/>
</kw>
<msg timestamp="20211123 23:56:51.815" level="INFO">${is_not_loading_error} = True</msg>
<status status="PASS" starttime="20211123 23:56:51.814" endtime="20211123 23:56:51.815"/>
</kw>
<kw name="Exit For Loop If" library="BuiltIn">
<arg>${is_success} or ${is_not_loading_error}</arg>
<doc>Stops executing the enclosing for loop if the ``condition`` is true.</doc>
<msg timestamp="20211123 23:56:51.815" level="INFO">Exiting for loop altogether.</msg>
<status status="PASS" starttime="20211123 23:56:51.815" endtime="20211123 23:56:51.815"/>
</kw>
<status status="PASS" starttime="20211123 23:56:51.735" endtime="20211123 23:56:51.815"/>
</iter>
<status status="PASS" starttime="20211123 23:56:51.735" endtime="20211123 23:56:51.815"/>
</for>
<kw name="Should Be True" library="BuiltIn">
<arg>${is_success}</arg>
<arg>msg=Unable to input text to element after 10 retry</arg>
<doc>Fails if the given condition is not true.</doc>
<status status="PASS" starttime="20211123 23:56:51.815" endtime="20211123 23:56:51.815"/>
</kw>
<status status="PASS" starttime="20211123 23:56:51.724" endtime="20211123 23:56:51.815"/>
</kw>
<kw name="Input Text To Element When Ready" library="common_keywords">
<arg>${XPATH_FIELD_PASSWORD}</arg>
<arg>${PASSWORD}</arg>
<kw name="Wait Until Element Is Visible" library="SeleniumLibrary">
<arg>${location}</arg>
<doc>Waits until the element ``locator`` is visible.</doc>
<status status="PASS" starttime="20211123 23:56:51.817" endtime="20211123 23:56:51.830"/>
</kw>
<for flavor="IN RANGE">
<var>${index}</var>
<value>1</value>
<value>10</value>
<iter>
<var name="${index}">1</var>
<kw name="Run Keyword And Ignore Error" library="BuiltIn">
<var>${result_msg}</var>
<arg>Input Text</arg>
<arg>${location}</arg>
<arg>${text}</arg>
<arg>clear=${clear}</arg>
<doc>Runs the given keyword with the given arguments and ignores possible error.</doc>
<kw name="Input Text" library="SeleniumLibrary">
<arg>${location}</arg>
<arg>${text}</arg>
<arg>clear=${clear}</arg>
<doc>Types the given ``text`` into the text field identified by ``locator``.</doc>
<msg timestamp="20211123 23:56:51.831" level="INFO">Typing text 'jenosize' into text field 'name=password'.</msg>
<status status="PASS" starttime="20211123 23:56:51.830" endtime="20211123 23:56:51.902"/>
</kw>
<msg timestamp="20211123 23:56:51.902" level="INFO">${result_msg} = ('PASS', None)</msg>
<status status="PASS" starttime="20211123 23:56:51.830" endtime="20211123 23:56:51.902"/>
</kw>
<kw name="Convert To String" library="BuiltIn">
<var>${err_msg}</var>
<arg>${result_msg[1]}</arg>
<doc>Converts the given item to a Unicode string.</doc>
<msg timestamp="20211123 23:56:51.903" level="INFO">${err_msg} = None</msg>
<status status="PASS" starttime="20211123 23:56:51.902" endtime="20211123 23:56:51.903"/>
</kw>
<kw name="Run Keyword And Return Status" library="BuiltIn">
<var>${is_success}</var>
<arg>Should Be Equal</arg>
<arg>${err_msg}</arg>
<arg>None</arg>
<doc>Runs the given keyword with given arguments and returns the status as a Boolean value.</doc>
<kw name="Should Be Equal" library="BuiltIn">
<arg>${err_msg}</arg>
<arg>None</arg>
<doc>Fails if the given objects are unequal.</doc>
<status status="PASS" starttime="20211123 23:56:51.903" endtime="20211123 23:56:51.903"/>
</kw>
<msg timestamp="20211123 23:56:51.903" level="INFO">${is_success} = True</msg>
<status status="PASS" starttime="20211123 23:56:51.903" endtime="20211123 23:56:51.903"/>
</kw>
<kw name="Run Keyword And Return Status" library="BuiltIn">
<var>${is_not_loading_error}</var>
<arg>Should Not Contain</arg>
<arg>${err_msg}</arg>
<arg>invalid element state</arg>
<doc>Runs the given keyword with given arguments and returns the status as a Boolean value.</doc>
<kw name="Should Not Contain" library="BuiltIn">
<arg>${err_msg}</arg>
<arg>invalid element state</arg>
<doc>Fails if ``container`` contains ``item`` one or more times.</doc>
<status status="PASS" starttime="20211123 23:56:51.903" endtime="20211123 23:56:51.904"/>
</kw>
<msg timestamp="20211123 23:56:51.904" level="INFO">${is_not_loading_error} = True</msg>
<status status="PASS" starttime="20211123 23:56:51.903" endtime="20211123 23:56:51.904"/>
</kw>
<kw name="Exit For Loop If" library="BuiltIn">
<arg>${is_success} or ${is_not_loading_error}</arg>
<doc>Stops executing the enclosing for loop if the ``condition`` is true.</doc>
<msg timestamp="20211123 23:56:51.904" level="INFO">Exiting for loop altogether.</msg>
<status status="PASS" starttime="20211123 23:56:51.904" endtime="20211123 23:56:51.904"/>
</kw>
<status status="PASS" starttime="20211123 23:56:51.830" endtime="20211123 23:56:51.904"/>
</iter>
<status status="PASS" starttime="20211123 23:56:51.830" endtime="20211123 23:56:51.904"/>
</for>
<kw name="Should Be True" library="BuiltIn">
<arg>${is_success}</arg>
<arg>msg=Unable to input text to element after 10 retry</arg>
<doc>Fails if the given condition is not true.</doc>
<status status="PASS" starttime="20211123 23:56:51.904" endtime="20211123 23:56:51.904"/>
</kw>
<status status="PASS" starttime="20211123 23:56:51.816" endtime="20211123 23:56:51.904"/>
</kw>
<kw name="Click Element When Ready" library="common_keywords">
<arg>${XPATH_BUTTON_LOGIN}</arg>
<kw name="Wait Until Element Is Visible" library="SeleniumLibrary">
<arg>${Element}</arg>
<doc>Waits until the element ``locator`` is visible.</doc>
<status status="PASS" starttime="20211123 23:56:51.906" endtime="20211123 23:56:51.920"/>
</kw>
<for flavor="IN RANGE">
<var>${index}</var>
<value>1</value>
<value>10</value>
<iter>
<var name="${index}">1</var>
<kw name="Run Keyword And Ignore Error" library="BuiltIn">
<var>${result_msg}</var>
<arg>Click Element</arg>
<arg>${Element}</arg>
<doc>Runs the given keyword with the given arguments and ignores possible error.</doc>
<kw name="Click Element" library="SeleniumLibrary">
<arg>${Element}</arg>
<doc>Click the element identified by ``locator``.</doc>
<msg timestamp="20211123 23:56:51.920" level="INFO">Clicking element 'xpath=//span[@class="MuiButton-label css-8xplcm-MuiButton-label"]'.</msg>
<status status="PASS" starttime="20211123 23:56:51.920" endtime="20211123 23:56:51.961"/>
</kw>
<msg timestamp="20211123 23:56:51.961" level="INFO">${result_msg} = ('PASS', None)</msg>
<status status="PASS" starttime="20211123 23:56:51.920" endtime="20211123 23:56:51.961"/>
</kw>
<kw name="Convert To String" library="BuiltIn">
<var>${err_msg}</var>
<arg>${result_msg[1]}</arg>
<doc>Converts the given item to a Unicode string.</doc>
<msg timestamp="20211123 23:56:51.962" level="INFO">${err_msg} = None</msg>
<status status="PASS" starttime="20211123 23:56:51.961" endtime="20211123 23:56:51.962"/>
</kw>
<kw name="Run Keyword And Return Status" library="BuiltIn">
<var>${is_success}</var>
<arg>Should Be Equal</arg>
<arg>${err_msg}</arg>
<arg>None</arg>
<doc>Runs the given keyword with given arguments and returns the status as a Boolean value.</doc>
<kw name="Should Be Equal" library="BuiltIn">
<arg>${err_msg}</arg>
<arg>None</arg>
<doc>Fails if the given objects are unequal.</doc>
<status status="PASS" starttime="20211123 23:56:51.962" endtime="20211123 23:56:51.963"/>
</kw>
<msg timestamp="20211123 23:56:51.963" level="INFO">${is_success} = True</msg>
<status status="PASS" starttime="20211123 23:56:51.962" endtime="20211123 23:56:51.963"/>
</kw>
<kw name="Run Keyword And Return Status" library="BuiltIn">
<var>${is_not_loading_error}</var>
<arg>Should Not Contain</arg>
<arg>${err_msg}</arg>
<arg>Other element would receive the click:</arg>
<doc>Runs the given keyword with given arguments and returns the status as a Boolean value.</doc>
<kw name="Should Not Contain" library="BuiltIn">
<arg>${err_msg}</arg>
<arg>Other element would receive the click:</arg>
<doc>Fails if ``container`` contains ``item`` one or more times.</doc>
<status status="PASS" starttime="20211123 23:56:51.963" endtime="20211123 23:56:51.963"/>
</kw>
<msg timestamp="20211123 23:56:51.963" level="INFO">${is_not_loading_error} = True</msg>
<status status="PASS" starttime="20211123 23:56:51.963" endtime="20211123 23:56:51.963"/>
</kw>
<kw name="Run Keyword And Return Status" library="BuiltIn">
<var>${is_not_loading_error_js}</var>
<arg>Should Not Contain</arg>
<arg>${err_msg}</arg>
<arg>JavascriptException: Message: javascript error: Error is not a constructor</arg>
<doc>Runs the given keyword with given arguments and returns the status as a Boolean value.</doc>
<kw name="Should Not Contain" library="BuiltIn">
<arg>${err_msg}</arg>
<arg>JavascriptException: Message: javascript error: Error is not a constructor</arg>
<doc>Fails if ``container`` contains ``item`` one or more times.</doc>
<status status="PASS" starttime="20211123 23:56:51.964" endtime="20211123 23:56:51.964"/>
</kw>
<msg timestamp="20211123 23:56:51.964" level="INFO">${is_not_loading_error_js} = True</msg>
<status status="PASS" starttime="20211123 23:56:51.963" endtime="20211123 23:56:51.964"/>
</kw>
<kw name="Evaluate" library="BuiltIn">
<var>${result}</var>
<arg>${is_not_loading_error} and ${is_not_loading_error_js}</arg>
<doc>Evaluates the given expression in Python and returns the result.</doc>
<msg timestamp="20211123 23:56:51.964" level="INFO">${result} = True</msg>
<status status="PASS" starttime="20211123 23:56:51.964" endtime="20211123 23:56:51.964"/>
</kw>
<kw name="Exit For Loop If" library="BuiltIn">
<arg>${is_success} or ${result}</arg>
<doc>Stops executing the enclosing for loop if the ``condition`` is true.</doc>
<msg timestamp="20211123 23:56:51.964" level="INFO">Exiting for loop altogether.</msg>
<status status="PASS" starttime="20211123 23:56:51.964" endtime="20211123 23:56:51.964"/>
</kw>
<status status="PASS" starttime="20211123 23:56:51.920" endtime="20211123 23:56:51.964"/>
</iter>
<status status="PASS" starttime="20211123 23:56:51.920" endtime="20211123 23:56:51.964"/>
</for>
<kw name="Should Be True" library="BuiltIn">
<arg>${is_success}</arg>
<arg>msg=Unable to click the element after 10 retry</arg>
<doc>Fails if the given condition is not true.</doc>
<status status="PASS" starttime="20211123 23:56:51.964" endtime="20211123 23:56:51.965"/>
</kw>
<status status="PASS" starttime="20211123 23:56:51.905" endtime="20211123 23:56:51.965"/>
</kw>
<kw name="Wait Until Page Contains" library="SeleniumLibrary">
<arg>Email invalid</arg>
<arg>${TIME_WAIT}</arg>
<doc>Waits until ``text`` appears on the current page.</doc>
<status status="PASS" starttime="20211123 23:56:51.965" endtime="20211123 23:56:53.059"/>
</kw>
<kw name="Capture Page Screenshot" library="SeleniumLibrary">
<doc>Takes a screenshot of the current page and embeds it into a log file.</doc>
<msg timestamp="20211123 23:56:53.233" level="INFO" html="true">&lt;/td&gt;&lt;/tr&gt;&lt;tr&gt;&lt;td colspan="3"&gt;&lt;a href="selenium-screenshot-26.png"&gt;&lt;img src="selenium-screenshot-26.png" width="800px"&gt;&lt;/a&gt;</msg>
<status status="PASS" starttime="20211123 23:56:53.059" endtime="20211123 23:56:53.233"/>
</kw>
<doc>ทดสอบ Login ด้วย Username ที่ไม่ใช่ format email แต่ Password ที่ถูกพร้อมตรวจสอบข้อความแจ้งเตือน Email invalid</doc>
<status status="PASS" starttime="20211123 23:56:51.098" endtime="20211123 23:56:53.233"/>
</test>
<test id="s1-t5" name="TC05_Verify Forgot password?">
<kw name="Click Element When Ready" library="common_keywords">
<arg>//*[@href="/forgot-password"]</arg>
<kw name="Wait Until Element Is Visible" library="SeleniumLibrary">
<arg>${Element}</arg>
<doc>Waits until the element ``locator`` is visible.</doc>
<status status="PASS" starttime="20211123 23:56:53.235" endtime="20211123 23:56:53.251"/>
</kw>
<for flavor="IN RANGE">
<var>${index}</var>
<value>1</value>
<value>10</value>
<iter>
<var name="${index}">1</var>
<kw name="Run Keyword And Ignore Error" library="BuiltIn">
<var>${result_msg}</var>
<arg>Click Element</arg>
<arg>${Element}</arg>
<doc>Runs the given keyword with the given arguments and ignores possible error.</doc>
<kw name="Click Element" library="SeleniumLibrary">
<arg>${Element}</arg>
<doc>Click the element identified by ``locator``.</doc>
<msg timestamp="20211123 23:56:53.252" level="INFO">Clicking element '//*[@href="/forgot-password"]'.</msg>
<status status="PASS" starttime="20211123 23:56:53.251" endtime="20211123 23:56:53.283"/>
</kw>
<msg timestamp="20211123 23:56:53.283" level="INFO">${result_msg} = ('PASS', None)</msg>
<status status="PASS" starttime="20211123 23:56:53.251" endtime="20211123 23:56:53.283"/>
</kw>
<kw name="Convert To String" library="BuiltIn">
<var>${err_msg}</var>
<arg>${result_msg[1]}</arg>
<doc>Converts the given item to a Unicode string.</doc>
<msg timestamp="20211123 23:56:53.284" level="INFO">${err_msg} = None</msg>
<status status="PASS" starttime="20211123 23:56:53.283" endtime="20211123 23:56:53.284"/>
</kw>
<kw name="Run Keyword And Return Status" library="BuiltIn">
<var>${is_success}</var>
<arg>Should Be Equal</arg>
<arg>${err_msg}</arg>
<arg>None</arg>
<doc>Runs the given keyword with given arguments and returns the status as a Boolean value.</doc>
<kw name="Should Be Equal" library="BuiltIn">
<arg>${err_msg}</arg>
<arg>None</arg>
<doc>Fails if the given objects are unequal.</doc>
<status status="PASS" starttime="20211123 23:56:53.284" endtime="20211123 23:56:53.284"/>
</kw>
<msg timestamp="20211123 23:56:53.284" level="INFO">${is_success} = True</msg>
<status status="PASS" starttime="20211123 23:56:53.284" endtime="20211123 23:56:53.284"/>
</kw>
<kw name="Run Keyword And Return Status" library="BuiltIn">
<var>${is_not_loading_error}</var>
<arg>Should Not Contain</arg>
<arg>${err_msg}</arg>
<arg>Other element would receive the click:</arg>
<doc>Runs the given keyword with given arguments and returns the status as a Boolean value.</doc>
<kw name="Should Not Contain" library="BuiltIn">
<arg>${err_msg}</arg>
<arg>Other element would receive the click:</arg>
<doc>Fails if ``container`` contains ``item`` one or more times.</doc>
<status status="PASS" starttime="20211123 23:56:53.284" endtime="20211123 23:56:53.285"/>
</kw>
<msg timestamp="20211123 23:56:53.285" level="INFO">${is_not_loading_error} = True</msg>
<status status="PASS" starttime="20211123 23:56:53.284" endtime="20211123 23:56:53.285"/>
</kw>
<kw name="Run Keyword And Return Status" library="BuiltIn">
<var>${is_not_loading_error_js}</var>
<arg>Should Not Contain</arg>
<arg>${err_msg}</arg>
<arg>JavascriptException: Message: javascript error: Error is not a constructor</arg>
<doc>Runs the given keyword with given arguments and returns the status as a Boolean value.</doc>
<kw name="Should Not Contain" library="BuiltIn">
<arg>${err_msg}</arg>
<arg>JavascriptException: Message: javascript error: Error is not a constructor</arg>
<doc>Fails if ``container`` contains ``item`` one or more times.</doc>
<status status="PASS" starttime="20211123 23:56:53.285" endtime="20211123 23:56:53.285"/>
</kw>
<msg timestamp="20211123 23:56:53.285" level="INFO">${is_not_loading_error_js} = True</msg>
<status status="PASS" starttime="20211123 23:56:53.285" endtime="20211123 23:56:53.285"/>
</kw>
<kw name="Evaluate" library="BuiltIn">
<var>${result}</var>
<arg>${is_not_loading_error} and ${is_not_loading_error_js}</arg>
<doc>Evaluates the given expression in Python and returns the result.</doc>
<msg timestamp="20211123 23:56:53.286" level="INFO">${result} = True</msg>
<status status="PASS" starttime="20211123 23:56:53.285" endtime="20211123 23:56:53.286"/>
</kw>
<kw name="Exit For Loop If" library="BuiltIn">
<arg>${is_success} or ${result}</arg>
<doc>Stops executing the enclosing for loop if the ``condition`` is true.</doc>
<msg timestamp="20211123 23:56:53.286" level="INFO">Exiting for loop altogether.</msg>
<status status="PASS" starttime="20211123 23:56:53.286" endtime="20211123 23:56:53.286"/>
</kw>
<status status="PASS" starttime="20211123 23:56:53.251" endtime="20211123 23:56:53.286"/>
</iter>
<status status="PASS" starttime="20211123 23:56:53.251" endtime="20211123 23:56:53.286"/>
</for>
<kw name="Should Be True" library="BuiltIn">
<arg>${is_success}</arg>
<arg>msg=Unable to click the element after 10 retry</arg>
<doc>Fails if the given condition is not true.</doc>
<status status="PASS" starttime="20211123 23:56:53.286" endtime="20211123 23:56:53.286"/>
</kw>
<status status="PASS" starttime="20211123 23:56:53.235" endtime="20211123 23:56:53.286"/>
</kw>
<kw name="Wait Until Page Contains" library="SeleniumLibrary">
<arg>Forgot your password?</arg>
<doc>Waits until ``text`` appears on the current page.</doc>
<status status="PASS" starttime="20211123 23:56:53.287" endtime="20211123 23:56:53.504"/>
</kw>
<kw name="Capture Page Screenshot" library="SeleniumLibrary">
<doc>Takes a screenshot of the current page and embeds it into a log file.</doc>
<msg timestamp="20211123 23:56:53.632" level="INFO" html="true">&lt;/td&gt;&lt;/tr&gt;&lt;tr&gt;&lt;td colspan="3"&gt;&lt;a href="selenium-screenshot-27.png"&gt;&lt;img src="selenium-screenshot-27.png" width="800px"&gt;&lt;/a&gt;</msg>
<status status="PASS" starttime="20211123 23:56:53.504" endtime="20211123 23:56:53.633"/>
</kw>
<doc>ตรวจสอบหน้า Forgot password</doc>
<status status="PASS" starttime="20211123 23:56:53.234" endtime="20211123 23:56:53.633"/>
</test>
<test id="s1-t6" name="TC06_Test input Empty Email in text box and click Reset Password">
<kw name="Clear Text When Ready" library="common_keywords">
<arg>${XPATH_FIELD_USERNAME}</arg>
<doc>Clear text in element when element is visible</doc>
<kw name="Wait Until Element Is Visible" library="SeleniumLibrary">
<arg>${locator}</arg>
<arg>${TIME_WAIT}</arg>
<doc>Waits until the element ``locator`` is visible.</doc>
<status status="PASS" starttime="20211123 23:56:53.636" endtime="20211123 23:56:53.648"/>
</kw>
<kw name="Press Keys" library="SeleniumLibrary">
<arg>${locator}</arg>
<arg>CTRL+a+BACKSPACE</arg>
<doc>Simulates the user pressing key(s) to an element or on the active browser.</doc>
<msg timestamp="20211123 23:56:53.649" level="INFO">Sending key(s) ('CTRL+a+BACKSPACE',) to name=email element.</msg>
<msg timestamp="20211123 23:56:53.929" level="INFO">Pressing special key CONTROL down.</msg>
<msg timestamp="20211123 23:56:53.929" level="INFO">Sending key a</msg>
<msg timestamp="20211123 23:56:53.929" level="INFO">Pressing special key BACKSPACE down.</msg>
<msg timestamp="20211123 23:56:53.929" level="INFO">Releasing special key CONTROL.</msg>
<msg timestamp="20211123 23:56:53.929" level="INFO">Releasing special key BACKSPACE.</msg>
<status status="PASS" starttime="20211123 23:56:53.649" endtime="20211123 23:56:53.939"/>
</kw>
<status status="PASS" starttime="20211123 23:56:53.636" endtime="20211123 23:56:53.939"/>
</kw>
<kw name="Click Element When Ready" library="common_keywords">
<arg>//button[@type="submit"]</arg>
<kw name="Wait Until Element Is Visible" library="SeleniumLibrary">
<arg>${Element}</arg>
<doc>Waits until the element ``locator`` is visible.</doc>
<status status="PASS" starttime="20211123 23:56:53.940" endtime="20211123 23:56:53.956"/>
</kw>
<for flavor="IN RANGE">
<var>${index}</var>
<value>1</value>
<value>10</value>
<iter>
<var name="${index}">1</var>
<kw name="Run Keyword And Ignore Error" library="BuiltIn">
<var>${result_msg}</var>
<arg>Click Element</arg>
<arg>${Element}</arg>
<doc>Runs the given keyword with the given arguments and ignores possible error.</doc>
<kw name="Click Element" library="SeleniumLibrary">
<arg>${Element}</arg>
<doc>Click the element identified by ``locator``.</doc>
<msg timestamp="20211123 23:56:53.957" level="INFO">Clicking element '//button[@type="submit"]'.</msg>
<status status="PASS" starttime="20211123 23:56:53.957" endtime="20211123 23:56:53.998"/>
</kw>
<msg timestamp="20211123 23:56:53.998" level="INFO">${result_msg} = ('PASS', None)</msg>
<status status="PASS" starttime="20211123 23:56:53.957" endtime="20211123 23:56:53.998"/>
</kw>
<kw name="Convert To String" library="BuiltIn">
<var>${err_msg}</var>
<arg>${result_msg[1]}</arg>
<doc>Converts the given item to a Unicode string.</doc>
<msg timestamp="20211123 23:56:53.999" level="INFO">${err_msg} = None</msg>
<status status="PASS" starttime="20211123 23:56:53.998" endtime="20211123 23:56:53.999"/>
</kw>
<kw name="Run Keyword And Return Status" library="BuiltIn">
<var>${is_success}</var>
<arg>Should Be Equal</arg>
<arg>${err_msg}</arg>
<arg>None</arg>
<doc>Runs the given keyword with given arguments and returns the status as a Boolean value.</doc>
<kw name="Should Be Equal" library="BuiltIn">
<arg>${err_msg}</arg>
<arg>None</arg>
<doc>Fails if the given objects are unequal.</doc>
<status status="PASS" starttime="20211123 23:56:53.999" endtime="20211123 23:56:54.000"/>
</kw>
<msg timestamp="20211123 23:56:54.000" level="INFO">${is_success} = True</msg>
<status status="PASS" starttime="20211123 23:56:53.999" endtime="20211123 23:56:54.000"/>
</kw>
<kw name="Run Keyword And Return Status" library="BuiltIn">
<var>${is_not_loading_error}</var>
<arg>Should Not Contain</arg>
<arg>${err_msg}</arg>
<arg>Other element would receive the click:</arg>
<doc>Runs the given keyword with given arguments and returns the status as a Boolean value.</doc>
<kw name="Should Not Contain" library="BuiltIn">
<arg>${err_msg}</arg>
<arg>Other element would receive the click:</arg>
<doc>Fails if ``container`` contains ``item`` one or more times.</doc>
<status status="PASS" starttime="20211123 23:56:54.000" endtime="20211123 23:56:54.000"/>
</kw>
<msg timestamp="20211123 23:56:54.000" level="INFO">${is_not_loading_error} = True</msg>
<status status="PASS" starttime="20211123 23:56:54.000" endtime="20211123 23:56:54.000"/>
</kw>
<kw name="Run Keyword And Return Status" library="BuiltIn">
<var>${is_not_loading_error_js}</var>
<arg>Should Not Contain</arg>
<arg>${err_msg}</arg>
<arg>JavascriptException: Message: javascript error: Error is not a constructor</arg>
<doc>Runs the given keyword with given arguments and returns the status as a Boolean value.</doc>
<kw name="Should Not Contain" library="BuiltIn">
<arg>${err_msg}</arg>
<arg>JavascriptException: Message: javascript error: Error is not a constructor</arg>
<doc>Fails if ``container`` contains ``item`` one or more times.</doc>
<status status="PASS" starttime="20211123 23:56:54.001" endtime="20211123 23:56:54.001"/>
</kw>
<msg timestamp="20211123 23:56:54.001" level="INFO">${is_not_loading_error_js} = True</msg>
<status status="PASS" starttime="20211123 23:56:54.000" endtime="20211123 23:56:54.001"/>
</kw>
<kw name="Evaluate" library="BuiltIn">
<var>${result}</var>
<arg>${is_not_loading_error} and ${is_not_loading_error_js}</arg>
<doc>Evaluates the given expression in Python and returns the result.</doc>
<msg timestamp="20211123 23:56:54.001" level="INFO">${result} = True</msg>
<status status="PASS" starttime="20211123 23:56:54.001" endtime="20211123 23:56:54.001"/>
</kw>
<kw name="Exit For Loop If" library="BuiltIn">
<arg>${is_success} or ${result}</arg>
<doc>Stops executing the enclosing for loop if the ``condition`` is true.</doc>
<msg timestamp="20211123 23:56:54.001" level="INFO">Exiting for loop altogether.</msg>
<status status="PASS" starttime="20211123 23:56:54.001" endtime="20211123 23:56:54.002"/>
</kw>
<status status="PASS" starttime="20211123 23:56:53.957" endtime="20211123 23:56:54.002"/>
</iter>
<status status="PASS" starttime="20211123 23:56:53.957" endtime="20211123 23:56:54.002"/>
</for>
<kw name="Should Be True" library="BuiltIn">
<arg>${is_success}</arg>
<arg>msg=Unable to click the element after 10 retry</arg>
<doc>Fails if the given condition is not true.</doc>
<status status="PASS" starttime="20211123 23:56:54.002" endtime="20211123 23:56:54.002"/>
</kw>
<status status="PASS" starttime="20211123 23:56:53.940" endtime="20211123 23:56:54.002"/>
</kw>
<kw name="Wait Until Page Contains" library="SeleniumLibrary">
<arg>Email is required</arg>
<doc>Waits until ``text`` appears on the current page.</doc>
<status status="PASS" starttime="20211123 23:56:54.002" endtime="20211123 23:56:54.010"/>
</kw>
<kw name="Capture Page Screenshot" library="SeleniumLibrary">
<doc>Takes a screenshot of the current page and embeds it into a log file.</doc>
<msg timestamp="20211123 23:56:54.152" level="INFO" html="true">&lt;/td&gt;&lt;/tr&gt;&lt;tr&gt;&lt;td colspan="3"&gt;&lt;a href="selenium-screenshot-28.png"&gt;&lt;img src="selenium-screenshot-28.png" width="800px"&gt;&lt;/a&gt;</msg>
<status status="PASS" starttime="20211123 23:56:54.011" endtime="20211123 23:56:54.152"/>
</kw>
<doc>ทดสอบไม่กรอก Email แล้วกด Reset Password พร้อมตรวจสอบข้อความแจ้งเตือน Email is required</doc>
<status status="PASS" starttime="20211123 23:56:53.635" endtime="20211123 23:56:54.153"/>
</test>
<test id="s1-t7" name="TC07_Test input Text (not format Email) in text box and click Reset Password">
<kw name="Clear Text When Ready" library="common_keywords">
<arg>${XPATH_FIELD_USERNAME}</arg>
<doc>Clear text in element when element is visible</doc>
<kw name="Wait Until Element Is Visible" library="SeleniumLibrary">
<arg>${locator}</arg>
<arg>${TIME_WAIT}</arg>
<doc>Waits until the element ``locator`` is visible.</doc>
<status status="PASS" starttime="20211123 23:56:54.155" endtime="20211123 23:56:54.166"/>
</kw>
<kw name="Press Keys" library="SeleniumLibrary">
<arg>${locator}</arg>
<arg>CTRL+a+BACKSPACE</arg>
<doc>Simulates the user pressing key(s) to an element or on the active browser.</doc>
<msg timestamp="20211123 23:56:54.166" level="INFO">Sending key(s) ('CTRL+a+BACKSPACE',) to name=email element.</msg>
<msg timestamp="20211123 23:56:54.447" level="INFO">Pressing special key CONTROL down.</msg>
<msg timestamp="20211123 23:56:54.447" level="INFO">Sending key a</msg>
<msg timestamp="20211123 23:56:54.447" level="INFO">Pressing special key BACKSPACE down.</msg>
<msg timestamp="20211123 23:56:54.447" level="INFO">Releasing special key CONTROL.</msg>
<msg timestamp="20211123 23:56:54.447" level="INFO">Releasing special key BACKSPACE.</msg>
<status status="PASS" starttime="20211123 23:56:54.166" endtime="20211123 23:56:54.453"/>
</kw>
<status status="PASS" starttime="20211123 23:56:54.154" endtime="20211123 23:56:54.453"/>
</kw>
<kw name="Input Text To Element When Ready" library="common_keywords">
<arg>${XPATH_FIELD_USERNAME}</arg>
<arg>EiEiAuAu</arg>
<kw name="Wait Until Element Is Visible" library="SeleniumLibrary">
<arg>${location}</arg>
<doc>Waits until the element ``locator`` is visible.</doc>
<status status="PASS" starttime="20211123 23:56:54.454" endtime="20211123 23:56:54.465"/>
</kw>
<for flavor="IN RANGE">
<var>${index}</var>
<value>1</value>
<value>10</value>
<iter>
<var name="${index}">1</var>
<kw name="Run Keyword And Ignore Error" library="BuiltIn">
<var>${result_msg}</var>
<arg>Input Text</arg>
<arg>${location}</arg>
<arg>${text}</arg>
<arg>clear=${clear}</arg>
<doc>Runs the given keyword with the given arguments and ignores possible error.</doc>
<kw name="Input Text" library="SeleniumLibrary">
<arg>${location}</arg>
<arg>${text}</arg>
<arg>clear=${clear}</arg>
<doc>Types the given ``text`` into the text field identified by ``locator``.</doc>
<msg timestamp="20211123 23:56:54.465" level="INFO">Typing text 'EiEiAuAu' into text field 'name=email'.</msg>
<status status="PASS" starttime="20211123 23:56:54.465" endtime="20211123 23:56:54.521"/>
</kw>
<msg timestamp="20211123 23:56:54.521" level="INFO">${result_msg} = ('PASS', None)</msg>
<status status="PASS" starttime="20211123 23:56:54.465" endtime="20211123 23:56:54.521"/>
</kw>
<kw name="Convert To String" library="BuiltIn">
<var>${err_msg}</var>
<arg>${result_msg[1]}</arg>
<doc>Converts the given item to a Unicode string.</doc>
<msg timestamp="20211123 23:56:54.522" level="INFO">${err_msg} = None</msg>
<status status="PASS" starttime="20211123 23:56:54.521" endtime="20211123 23:56:54.522"/>
</kw>
<kw name="Run Keyword And Return Status" library="BuiltIn">
<var>${is_success}</var>
<arg>Should Be Equal</arg>
<arg>${err_msg}</arg>
<arg>None</arg>
<doc>Runs the given keyword with given arguments and returns the status as a Boolean value.</doc>
<kw name="Should Be Equal" library="BuiltIn">
<arg>${err_msg}</arg>
<arg>None</arg>
<doc>Fails if the given objects are unequal.</doc>
<status status="PASS" starttime="20211123 23:56:54.522" endtime="20211123 23:56:54.522"/>
</kw>
<msg timestamp="20211123 23:56:54.522" level="INFO">${is_success} = True</msg>
<status status="PASS" starttime="20211123 23:56:54.522" endtime="20211123 23:56:54.522"/>
</kw>
<kw name="Run Keyword And Return Status" library="BuiltIn">
<var>${is_not_loading_error}</var>
<arg>Should Not Contain</arg>
<arg>${err_msg}</arg>
<arg>invalid element state</arg>
<doc>Runs the given keyword with given arguments and returns the status as a Boolean value.</doc>
<kw name="Should Not Contain" library="BuiltIn">
<arg>${err_msg}</arg>
<arg>invalid element state</arg>
<doc>Fails if ``container`` contains ``item`` one or more times.</doc>
<status status="PASS" starttime="20211123 23:56:54.523" endtime="20211123 23:56:54.523"/>
</kw>
<msg timestamp="20211123 23:56:54.523" level="INFO">${is_not_loading_error} = True</msg>
<status status="PASS" starttime="20211123 23:56:54.523" endtime="20211123 23:56:54.523"/>
</kw>
<kw name="Exit For Loop If" library="BuiltIn">
<arg>${is_success} or ${is_not_loading_error}</arg>
<doc>Stops executing the enclosing for loop if the ``condition`` is true.</doc>
<msg timestamp="20211123 23:56:54.523" level="INFO">Exiting for loop altogether.</msg>
<status status="PASS" starttime="20211123 23:56:54.523" endtime="20211123 23:56:54.523"/>
</kw>
<status status="PASS" starttime="20211123 23:56:54.465" endtime="20211123 23:56:54.523"/>
</iter>
[...]
</kw>
<msg timestamp="20211123 23:56:56.450" level="INFO">${is_not_loading_error_js} = True</msg>
<status status="PASS" starttime="20211123 23:56:56.450" endtime="20211123 23:56:56.450"/>
</kw>
<kw name="Evaluate" library="BuiltIn">
<var>${result}</var>
<arg>${is_not_loading_error} and ${is_not_loading_error_js}</arg>
<doc>Evaluates the given expression in Python and returns the result.</doc>
<msg timestamp="20211123 23:56:56.451" level="INFO">${result} = True</msg>
<status status="PASS" starttime="20211123 23:56:56.450" endtime="20211123 23:56:56.451"/>
</kw>
<kw name="Exit For Loop If" library="BuiltIn">
<arg>${is_success} or ${result}</arg>
<doc>Stops executing the enclosing for loop if the ``condition`` is true.</doc>
<msg timestamp="20211123 23:56:56.451" level="INFO">Exiting for loop altogether.</msg>
<status status="PASS" starttime="20211123 23:56:56.451" endtime="20211123 23:56:56.451"/>
</kw>
<status status="PASS" starttime="20211123 23:56:56.405" endtime="20211123 23:56:56.451"/>
</iter>
<status status="PASS" starttime="20211123 23:56:56.405" endtime="20211123 23:56:56.451"/>
</for>
<kw name="Should Be True" library="BuiltIn">
<arg>${is_success}</arg>
<arg>msg=Unable to click the element after 10 retry</arg>
<doc>Fails if the given condition is not true.</doc>
<status status="PASS" starttime="20211123 23:56:56.451" endtime="20211123 23:56:56.451"/>
</kw>
<status status="PASS" starttime="20211123 23:56:56.392" endtime="20211123 23:56:56.452"/>
</kw>
<kw name="Wait Until Page Contains" library="SeleniumLibrary">
<arg>Please check your email!</arg>
<doc>Waits until ``text`` appears on the current page.</doc>
<status status="PASS" starttime="20211123 23:56:56.452" endtime="20211123 23:56:56.678"/>
</kw>
<kw name="Capture Page Screenshot" library="SeleniumLibrary">
<doc>Takes a screenshot of the current page and embeds it into a log file.</doc>
<msg timestamp="20211123 23:56:56.800" level="INFO" html="true">&lt;/td&gt;&lt;/tr&gt;&lt;tr&gt;&lt;td colspan="3"&gt;&lt;a href="selenium-screenshot-32.png"&gt;&lt;img src="selenium-screenshot-32.png" width="800px"&gt;&lt;/a&gt;</msg>
<status status="PASS" starttime="20211123 23:56:56.678" endtime="20211123 23:56:56.800"/>
</kw>
<doc>ทดสอบส่ง otp ไปที่ email ของ User ผู้ใช้งานเพื่อทำการเปลี่ยน password</doc>
<status status="PASS" starttime="20211123 23:56:56.391" endtime="20211123 23:56:56.800"/>
</test>
<test id="s1-t11" name="TC11_Test send code via SMS">
<kw name="Click Element When Ready" library="common_keywords">
<arg>//span[@class="MuiButton-startIcon MuiButton-iconSizeSmall css-y6rp3m-MuiButton-startIcon"]</arg>
<kw name="Wait Until Element Is Visible" library="SeleniumLibrary">
<arg>${Element}</arg>
<doc>Waits until the element ``locator`` is visible.</doc>
<status status="PASS" starttime="20211123 23:56:56.803" endtime="20211123 23:56:56.818"/>
</kw>
<for flavor="IN RANGE">
<var>${index}</var>
<value>1</value>
<value>10</value>
<iter>
<var name="${index}">1</var>
<kw name="Run Keyword And Ignore Error" library="BuiltIn">
<var>${result_msg}</var>
<arg>Click Element</arg>
<arg>${Element}</arg>
<doc>Runs the given keyword with the given arguments and ignores possible error.</doc>
<kw name="Click Element" library="SeleniumLibrary">
<arg>${Element}</arg>
<doc>Click the element identified by ``locator``.</doc>
<msg timestamp="20211123 23:56:56.819" level="INFO">Clicking element '//span[@class="MuiButton-startIcon MuiButton-iconSizeSmall css-y6rp3m-MuiButton-startIcon"]'.</msg>
<status status="PASS" starttime="20211123 23:56:56.818" endtime="20211123 23:56:56.858"/>
</kw>
<msg timestamp="20211123 23:56:56.858" level="INFO">${result_msg} = ('PASS', None)</msg>
<status status="PASS" starttime="20211123 23:56:56.818" endtime="20211123 23:56:56.858"/>
</kw>
<kw name="Convert To String" library="BuiltIn">
<var>${err_msg}</var>
<arg>${result_msg[1]}</arg>
<doc>Converts the given item to a Unicode string.</doc>
<msg timestamp="20211123 23:56:56.859" level="INFO">${err_msg} = None</msg>
<status status="PASS" starttime="20211123 23:56:56.858" endtime="20211123 23:56:56.859"/>
</kw>
<kw name="Run Keyword And Return Status" library="BuiltIn">
<var>${is_success}</var>
<arg>Should Be Equal</arg>
<arg>${err_msg}</arg>
<arg>None</arg>
<doc>Runs the given keyword with given arguments and returns the status as a Boolean value.</doc>
<kw name="Should Be Equal" library="BuiltIn">
<arg>${err_msg}</arg>
<arg>None</arg>
<doc>Fails if the given objects are unequal.</doc>
<status status="PASS" starttime="20211123 23:56:56.859" endtime="20211123 23:56:56.859"/>
</kw>
<msg timestamp="20211123 23:56:56.859" level="INFO">${is_success} = True</msg>
<status status="PASS" starttime="20211123 23:56:56.859" endtime="20211123 23:56:56.859"/>
</kw>
<kw name="Run Keyword And Return Status" library="BuiltIn">
<var>${is_not_loading_error}</var>
<arg>Should Not Contain</arg>
<arg>${err_msg}</arg>
<arg>Other element would receive the click:</arg>
<doc>Runs the given keyword with given arguments and returns the status as a Boolean value.</doc>
<kw name="Should Not Contain" library="BuiltIn">
<arg>${err_msg}</arg>
<arg>Other element would receive the click:</arg>
<doc>Fails if ``container`` contains ``item`` one or more times.</doc>
<status status="PASS" starttime="20211123 23:56:56.860" endtime="20211123 23:56:56.860"/>
</kw>
<msg timestamp="20211123 23:56:56.860" level="INFO">${is_not_loading_error} = True</msg>
<status status="PASS" starttime="20211123 23:56:56.859" endtime="20211123 23:56:56.860"/>
</kw>
<kw name="Run Keyword And Return Status" library="BuiltIn">
<var>${is_not_loading_error_js}</var>
<arg>Should Not Contain</arg>
<arg>${err_msg}</arg>
<arg>JavascriptException: Message: javascript error: Error is not a constructor</arg>
<doc>Runs the given keyword with given arguments and returns the status as a Boolean value.</doc>
<kw name="Should Not Contain" library="BuiltIn">
<arg>${err_msg}</arg>
<arg>JavascriptException: Message: javascript error: Error is not a constructor</arg>
<doc>Fails if ``container`` contains ``item`` one or more times.</doc>
<status status="PASS" starttime="20211123 23:56:56.860" endtime="20211123 23:56:56.860"/>
</kw>
<msg timestamp="20211123 23:56:56.860" level="INFO">${is_not_loading_error_js} = True</msg>
<status status="PASS" starttime="20211123 23:56:56.860" endtime="20211123 23:56:56.860"/>
</kw>
<kw name="Evaluate" library="BuiltIn">
<var>${result}</var>
<arg>${is_not_loading_error} and ${is_not_loading_error_js}</arg>
<doc>Evaluates the given expression in Python and returns the result.</doc>
<msg timestamp="20211123 23:56:56.861" level="INFO">${result} = True</msg>
<status status="PASS" starttime="20211123 23:56:56.861" endtime="20211123 23:56:56.861"/>
</kw>
<kw name="Exit For Loop If" library="BuiltIn">
<arg>${is_success} or ${result}</arg>
<doc>Stops executing the enclosing for loop if the ``condition`` is true.</doc>
<msg timestamp="20211123 23:56:56.861" level="INFO">Exiting for loop altogether.</msg>
<status status="PASS" starttime="20211123 23:56:56.861" endtime="20211123 23:56:56.861"/>
</kw>
<status status="PASS" starttime="20211123 23:56:56.818" endtime="20211123 23:56:56.861"/>
</iter>
<status status="PASS" starttime="20211123 23:56:56.818" endtime="20211123 23:56:56.861"/>
</for>
<kw name="Should Be True" library="BuiltIn">
<arg>${is_success}</arg>
<arg>msg=Unable to click the element after 10 retry</arg>
<doc>Fails if the given condition is not true.</doc>
<status status="PASS" starttime="20211123 23:56:56.861" endtime="20211123 23:56:56.862"/>
</kw>
<status status="PASS" starttime="20211123 23:56:56.802" endtime="20211123 23:56:56.862"/>
</kw>
<kw name="Click Element When Ready" library="common_keywords">
<arg>//span[@class="MuiTypography-root MuiTypography-body1 MuiFormControlLabel-label css-20av09-MuiTypography-root"][text()="Send code via sms +66 *****0003"]</arg>
<kw name="Wait Until Element Is Visible" library="SeleniumLibrary">
<arg>${Element}</arg>
<doc>Waits until the element ``locator`` is visible.</doc>
<status status="PASS" starttime="20211123 23:56:56.862" endtime="20211123 23:56:56.877"/>
</kw>
<for flavor="IN RANGE">
<var>${index}</var>
<value>1</value>
<value>10</value>
<iter>
<var name="${index}">1</var>
<kw name="Run Keyword And Ignore Error" library="BuiltIn">
<var>${result_msg}</var>
<arg>Click Element</arg>
<arg>${Element}</arg>
<doc>Runs the given keyword with the given arguments and ignores possible error.</doc>
<kw name="Click Element" library="SeleniumLibrary">
<arg>${Element}</arg>
<doc>Click the element identified by ``locator``.</doc>
<msg timestamp="20211123 23:56:56.877" level="INFO">Clicking element '//span[@class="MuiTypography-root MuiTypography-body1 MuiFormControlLabel-label css-20av09-MuiTypography-root"][text()="Send code via sms +66 *****0003"]'.</msg>
<status status="PASS" starttime="20211123 23:56:56.877" endtime="20211123 23:56:56.907"/>
</kw>
<msg timestamp="20211123 23:56:56.907" level="INFO">${result_msg} = ('PASS', None)</msg>
<status status="PASS" starttime="20211123 23:56:56.877" endtime="20211123 23:56:56.907"/>
</kw>
<kw name="Convert To String" library="BuiltIn">
<var>${err_msg}</var>
<arg>${result_msg[1]}</arg>
<doc>Converts the given item to a Unicode string.</doc>
<msg timestamp="20211123 23:56:56.908" level="INFO">${err_msg} = None</msg>
<status status="PASS" starttime="20211123 23:56:56.907" endtime="20211123 23:56:56.908"/>
</kw>
<kw name="Run Keyword And Return Status" library="BuiltIn">
<var>${is_success}</var>
<arg>Should Be Equal</arg>
<arg>${err_msg}</arg>
<arg>None</arg>
<doc>Runs the given keyword with given arguments and returns the status as a Boolean value.</doc>
<kw name="Should Be Equal" library="BuiltIn">
<arg>${err_msg}</arg>
<arg>None</arg>
<doc>Fails if the given objects are unequal.</doc>
<status status="PASS" starttime="20211123 23:56:56.908" endtime="20211123 23:56:56.908"/>
</kw>
<msg timestamp="20211123 23:56:56.908" level="INFO">${is_success} = True</msg>
<status status="PASS" starttime="20211123 23:56:56.908" endtime="20211123 23:56:56.908"/>
</kw>
<kw name="Run Keyword And Return Status" library="BuiltIn">
<var>${is_not_loading_error}</var>
<arg>Should Not Contain</arg>
<arg>${err_msg}</arg>
<arg>Other element would receive the click:</arg>
<doc>Runs the given keyword with given arguments and returns the status as a Boolean value.</doc>
<kw name="Should Not Contain" library="BuiltIn">
<arg>${err_msg}</arg>
<arg>Other element would receive the click:</arg>
<doc>Fails if ``container`` contains ``item`` one or more times.</doc>
<status status="PASS" starttime="20211123 23:56:56.909" endtime="20211123 23:56:56.909"/>
</kw>
<msg timestamp="20211123 23:56:56.909" level="INFO">${is_not_loading_error} = True</msg>
<status status="PASS" starttime="20211123 23:56:56.908" endtime="20211123 23:56:56.909"/>
</kw>
<kw name="Run Keyword And Return Status" library="BuiltIn">
<var>${is_not_loading_error_js}</var>
<arg>Should Not Contain</arg>
<arg>${err_msg}</arg>
<arg>JavascriptException: Message: javascript error: Error is not a constructor</arg>
<doc>Runs the given keyword with given arguments and returns the status as a Boolean value.</doc>
<kw name="Should Not Contain" library="BuiltIn">
<arg>${err_msg}</arg>
<arg>JavascriptException: Message: javascript error: Error is not a constructor</arg>
<doc>Fails if ``container`` contains ``item`` one or more times.</doc>
<status status="PASS" starttime="20211123 23:56:56.909" endtime="20211123 23:56:56.909"/>
</kw>
<msg timestamp="20211123 23:56:56.909" level="INFO">${is_not_loading_error_js} = True</msg>
<status status="PASS" starttime="20211123 23:56:56.909" endtime="20211123 23:56:56.909"/>
</kw>
<kw name="Evaluate" library="BuiltIn">
<var>${result}</var>
<arg>${is_not_loading_error} and ${is_not_loading_error_js}</arg>
<doc>Evaluates the given expression in Python and returns the result.</doc>
<msg timestamp="20211123 23:56:56.910" level="INFO">${result} = True</msg>
<status status="PASS" starttime="20211123 23:56:56.910" endtime="20211123 23:56:56.910"/>
</kw>
<kw name="Exit For Loop If" library="BuiltIn">
<arg>${is_success} or ${result}</arg>
<doc>Stops executing the enclosing for loop if the ``condition`` is true.</doc>
<msg timestamp="20211123 23:56:56.910" level="INFO">Exiting for loop altogether.</msg>
<status status="PASS" starttime="20211123 23:56:56.910" endtime="20211123 23:56:56.910"/>
</kw>
<status status="PASS" starttime="20211123 23:56:56.877" endtime="20211123 23:56:56.910"/>
</iter>
<status status="PASS" starttime="20211123 23:56:56.877" endtime="20211123 23:56:56.910"/>
</for>
<kw name="Should Be True" library="BuiltIn">
<arg>${is_success}</arg>
<arg>msg=Unable to click the element after 10 retry</arg>
<doc>Fails if the given condition is not true.</doc>
<status status="PASS" starttime="20211123 23:56:56.910" endtime="20211123 23:56:56.911"/>
</kw>
<status status="PASS" starttime="20211123 23:56:56.862" endtime="20211123 23:56:56.911"/>
</kw>
<kw name="Click Element When Ready" library="common_keywords">
<arg>//button[@type="submit"]</arg>
<kw name="Wait Until Element Is Visible" library="SeleniumLibrary">
<arg>${Element}</arg>
<doc>Waits until the element ``locator`` is visible.</doc>
<status status="PASS" starttime="20211123 23:56:56.911" endtime="20211123 23:56:56.924"/>
</kw>
<for flavor="IN RANGE">
<var>${index}</var>
<value>1</value>
<value>10</value>
<iter>
<var name="${index}">1</var>
<kw name="Run Keyword And Ignore Error" library="BuiltIn">
<var>${result_msg}</var>
<arg>Click Element</arg>
<arg>${Element}</arg>
<doc>Runs the given keyword with the given arguments and ignores possible error.</doc>
<kw name="Click Element" library="SeleniumLibrary">
<arg>${Element}</arg>
<doc>Click the element identified by ``locator``.</doc>
<msg timestamp="20211123 23:56:56.925" level="INFO">Clicking element '//button[@type="submit"]'.</msg>
<status status="PASS" starttime="20211123 23:56:56.924" endtime="20211123 23:56:56.967"/>
</kw>
<msg timestamp="20211123 23:56:56.967" level="INFO">${result_msg} = ('PASS', None)</msg>
<status status="PASS" starttime="20211123 23:56:56.924" endtime="20211123 23:56:56.967"/>
</kw>
<kw name="Convert To String" library="BuiltIn">
<var>${err_msg}</var>
<arg>${result_msg[1]}</arg>
<doc>Converts the given item to a Unicode string.</doc>
<msg timestamp="20211123 23:56:56.968" level="INFO">${err_msg} = None</msg>
<status status="PASS" starttime="20211123 23:56:56.967" endtime="20211123 23:56:56.968"/>
</kw>
<kw name="Run Keyword And Return Status" library="BuiltIn">
<var>${is_success}</var>
<arg>Should Be Equal</arg>
<arg>${err_msg}</arg>
<arg>None</arg>
<doc>Runs the given keyword with given arguments and returns the status as a Boolean value.</doc>
<kw name="Should Be Equal" library="BuiltIn">
<arg>${err_msg}</arg>
<arg>None</arg>
<doc>Fails if the given objects are unequal.</doc>
<status status="PASS" starttime="20211123 23:56:56.968" endtime="20211123 23:56:56.968"/>
</kw>
<msg timestamp="20211123 23:56:56.969" level="INFO">${is_success} = True</msg>
<status status="PASS" starttime="20211123 23:56:56.968" endtime="20211123 23:56:56.969"/>
</kw>
<kw name="Run Keyword And Return Status" library="BuiltIn">
<var>${is_not_loading_error}</var>
<arg>Should Not Contain</arg>
<arg>${err_msg}</arg>
<arg>Other element would receive the click:</arg>
<doc>Runs the given keyword with given arguments and returns the status as a Boolean value.</doc>
<kw name="Should Not Contain" library="BuiltIn">
<arg>${err_msg}</arg>
<arg>Other element would receive the click:</arg>
<doc>Fails if ``container`` contains ``item`` one or more times.</doc>
<status status="PASS" starttime="20211123 23:56:56.969" endtime="20211123 23:56:56.969"/>
</kw>
<msg timestamp="20211123 23:56:56.969" level="INFO">${is_not_loading_error} = True</msg>
<status status="PASS" starttime="20211123 23:56:56.969" endtime="20211123 23:56:56.969"/>
</kw>
<kw name="Run Keyword And Return Status" library="BuiltIn">
<var>${is_not_loading_error_js}</var>
<arg>Should Not Contain</arg>
<arg>${err_msg}</arg>
<arg>JavascriptException: Message: javascript error: Error is not a constructor</arg>
<doc>Runs the given keyword with given arguments and returns the status as a Boolean value.</doc>
<kw name="Should Not Contain" library="BuiltIn">
<arg>${err_msg}</arg>
<arg>JavascriptException: Message: javascript error: Error is not a constructor</arg>
<doc>Fails if ``container`` contains ``item`` one or more times.</doc>
<status status="PASS" starttime="20211123 23:56:56.969" endtime="20211123 23:56:56.969"/>
</kw>
<msg timestamp="20211123 23:56:56.969" level="INFO">${is_not_loading_error_js} = True</msg>
<status status="PASS" starttime="20211123 23:56:56.969" endtime="20211123 23:56:56.969"/>
</kw>
<kw name="Evaluate" library="BuiltIn">
<var>${result}</var>
<arg>${is_not_loading_error} and ${is_not_loading_error_js}</arg>
<doc>Evaluates the given expression in Python and returns the result.</doc>
<msg timestamp="20211123 23:56:56.970" level="INFO">${result} = True</msg>
<status status="PASS" starttime="20211123 23:56:56.970" endtime="20211123 23:56:56.970"/>
</kw>
<kw name="Exit For Loop If" library="BuiltIn">
<arg>${is_success} or ${result}</arg>
<doc>Stops executing the enclosing for loop if the ``condition`` is true.</doc>
<msg timestamp="20211123 23:56:56.971" level="INFO">Exiting for loop altogether.</msg>
<status status="PASS" starttime="20211123 23:56:56.970" endtime="20211123 23:56:56.971"/>
</kw>
<status status="PASS" starttime="20211123 23:56:56.924" endtime="20211123 23:56:56.971"/>
</iter>
<status status="PASS" starttime="20211123 23:56:56.924" endtime="20211123 23:56:56.971"/>
</for>
<kw name="Should Be True" library="BuiltIn">
<arg>${is_success}</arg>
<arg>msg=Unable to click the element after 10 retry</arg>
<doc>Fails if the given condition is not true.</doc>
<status status="PASS" starttime="20211123 23:56:56.971" endtime="20211123 23:56:56.971"/>
</kw>
<status status="PASS" starttime="20211123 23:56:56.911" endtime="20211123 23:56:56.971"/>
</kw>
<kw name="Wait Until Page Contains" library="SeleniumLibrary">
<arg>Please check your SMS!</arg>
<doc>Waits until ``text`` appears on the current page.</doc>
<status status="PASS" starttime="20211123 23:56:56.972" endtime="20211123 23:56:57.195"/>
</kw>
<kw name="Capture Page Screenshot" library="SeleniumLibrary">
<doc>Takes a screenshot of the current page and embeds it into a log file.</doc>
<msg timestamp="20211123 23:56:57.314" level="INFO" html="true">&lt;/td&gt;&lt;/tr&gt;&lt;tr&gt;&lt;td colspan="3"&gt;&lt;a href="selenium-screenshot-33.png"&gt;&lt;img src="selenium-screenshot-33.png" width="800px"&gt;&lt;/a&gt;</msg>
<status status="PASS" starttime="20211123 23:56:57.196" endtime="20211123 23:56:57.314"/>
</kw>
<doc>ทดสอบส่ง otp ไปที่ email ของ User ผู้ใช้งานเพื่อทำการเปลี่ยน password</doc>
<status status="PASS" starttime="20211123 23:56:56.801" endtime="20211123 23:56:57.315"/>
</test>
<kw name="Close All Browsers" library="SeleniumLibrary" type="TEARDOWN">
<doc>Closes all open browsers and resets the browser cache.</doc>
<status status="PASS" starttime="20211123 23:56:57.316" endtime="20211123 23:56:59.432"/>
</kw>
<status status="PASS" starttime="20211123 23:56:38.450" endtime="20211123 23:56:59.432"/>
</suite>
<statistics>
<total>
<stat pass="11" fail="0" skip="0">All Tests</stat>
</total>
<tag>
</tag>
<suite>
<stat pass="11" fail="0" skip="0" id="s1" name="TC01-Login">TC01-Login</stat>
</suite>
</statistics>
<errors>
</errors>
</robot>
