<?xml version="1.0" encoding="UTF-8"?>
<robot generator="Robot 4.0.3 (Python 3.8.5 on win32)" generated="20211101 13:57:40.192" rpa="false" schemaversion="2">
<suite id="s1" name="TC02-UserProfile" source="C:\Users\Qizii\Desktop\test automation\PFCMS\testcases\TC02-UserProfile.robot">
<test id="s1-t1" name="TC01_Login and Verify User Profile">
<kw name="Open Browser" library="SeleniumLibrary">
<arg>${URL}</arg>
<arg>${BROWSER}</arg>
<doc>Opens a new browser instance to the optional ``url``.</doc>
<msg timestamp="20211101 13:57:40.724" level="INFO">Opening browser 'headlesschrome' to base url 'https://pf.zeus.jenosize.dev/'.</msg>
<status status="PASS" starttime="20211101 13:57:40.724" endtime="20211101 13:57:42.837"/>
</kw>
<kw name="Set Window Size" library="SeleniumLibrary">
<arg>1920</arg>
<arg>1080</arg>
<doc>Sets current windows size to given ``width`` and ``height``.</doc>
<status status="PASS" starttime="20211101 13:57:42.837" endtime="20211101 13:57:43.515"/>
</kw>
<kw name="Input Text To Element When Ready" library="common_keywords">
<arg>${XPATH_FIELD_USERNAME}</arg>
<arg>${EMAIL}</arg>
<kw name="Wait Until Element Is Visible" library="SeleniumLibrary">
<arg>${location}</arg>
<doc>Waits until the element ``locator`` is visible.</doc>
<status status="PASS" starttime="20211101 13:57:43.516" endtime="20211101 13:57:43.555"/>
</kw>
<for flavor="IN RANGE">
<var>${index}</var>
<value>1</value>
<value>10</value>
<iter>
<var name="${index}">1</var>
<kw name="Run Keyword And Ignore Error" library="BuiltIn">
<var>${result_msg}</var>
<arg>Input Text</arg>
<arg>${location}</arg>
<arg>${text}</arg>
<arg>clear=${clear}</arg>
<doc>Runs the given keyword with the given arguments and ignores possible error.</doc>
<kw name="Input Text" library="SeleniumLibrary">
<arg>${location}</arg>
<arg>${text}</arg>
<arg>clear=${clear}</arg>
<doc>Types the given ``text`` into the text field identified by ``locator``.</doc>
<msg timestamp="20211101 13:57:43.556" level="INFO">Typing text 'admin-mgr-2@jenosize.com' into text field 'name=email'.</msg>
<status status="PASS" starttime="20211101 13:57:43.556" endtime="20211101 13:57:43.777"/>
</kw>
<msg timestamp="20211101 13:57:43.778" level="INFO">${result_msg} = ('PASS', None)</msg>
<status status="PASS" starttime="20211101 13:57:43.556" endtime="20211101 13:57:43.778"/>
</kw>
<kw name="Convert To String" library="BuiltIn">
<var>${err_msg}</var>
<arg>${result_msg[1]}</arg>
<doc>Converts the given item to a Unicode string.</doc>
<msg timestamp="20211101 13:57:43.778" level="INFO">${err_msg} = None</msg>
<status status="PASS" starttime="20211101 13:57:43.778" endtime="20211101 13:57:43.778"/>
</kw>
<kw name="Run Keyword And Return Status" library="BuiltIn">
<var>${is_success}</var>
<arg>Should Be Equal</arg>
<arg>${err_msg}</arg>
<arg>None</arg>
<doc>Runs the given keyword with given arguments and returns the status as a Boolean value.</doc>
<kw name="Should Be Equal" library="BuiltIn">
<arg>${err_msg}</arg>
<arg>None</arg>
<doc>Fails if the given objects are unequal.</doc>
<status status="PASS" starttime="20211101 13:57:43.779" endtime="20211101 13:57:43.779"/>
</kw>
<msg timestamp="20211101 13:57:43.779" level="INFO">${is_success} = True</msg>
<status status="PASS" starttime="20211101 13:57:43.778" endtime="20211101 13:57:43.779"/>
</kw>
<kw name="Run Keyword And Return Status" library="BuiltIn">
<var>${is_not_loading_error}</var>
<arg>Should Not Contain</arg>
<arg>${err_msg}</arg>
<arg>invalid element state</arg>
<doc>Runs the given keyword with given arguments and returns the status as a Boolean value.</doc>
<kw name="Should Not Contain" library="BuiltIn">
<arg>${err_msg}</arg>
<arg>invalid element state</arg>
<doc>Fails if ``container`` contains ``item`` one or more times.</doc>
<status status="PASS" starttime="20211101 13:57:43.779" endtime="20211101 13:57:43.779"/>
</kw>
<msg timestamp="20211101 13:57:43.779" level="INFO">${is_not_loading_error} = True</msg>
<status status="PASS" starttime="20211101 13:57:43.779" endtime="20211101 13:57:43.779"/>
</kw>
<kw name="Exit For Loop If" library="BuiltIn">
<arg>${is_success} or ${is_not_loading_error}</arg>
<doc>Stops executing the enclosing for loop if the ``condition`` is true.</doc>
<msg timestamp="20211101 13:57:43.780" level="INFO">Exiting for loop altogether.</msg>
<status status="PASS" starttime="20211101 13:57:43.779" endtime="20211101 13:57:43.780"/>
</kw>
<status status="PASS" starttime="20211101 13:57:43.556" endtime="20211101 13:57:43.780"/>
</iter>
<status status="PASS" starttime="20211101 13:57:43.555" endtime="20211101 13:57:43.780"/>
</for>
<kw name="Should Be True" library="BuiltIn">
<arg>${is_success}</arg>
<arg>msg=Unable to input text to element after 10 retry</arg>
<doc>Fails if the given condition is not true.</doc>
<status status="PASS" starttime="20211101 13:57:43.780" endtime="20211101 13:57:43.780"/>
</kw>
<status status="PASS" starttime="20211101 13:57:43.515" endtime="20211101 13:57:43.780"/>
</kw>
<kw name="Input Text To Element When Ready" library="common_keywords">
<arg>${XPATH_FIELD_PASSWORD}</arg>
<arg>${PASSWORD}</arg>
<kw name="Wait Until Element Is Visible" library="SeleniumLibrary">
<arg>${location}</arg>
<doc>Waits until the element ``locator`` is visible.</doc>
<status status="PASS" starttime="20211101 13:57:43.781" endtime="20211101 13:57:43.811"/>
</kw>
<for flavor="IN RANGE">
<var>${index}</var>
<value>1</value>
<value>10</value>
<iter>
<var name="${index}">1</var>
<kw name="Run Keyword And Ignore Error" library="BuiltIn">
<var>${result_msg}</var>
<arg>Input Text</arg>
<arg>${location}</arg>
<arg>${text}</arg>
<arg>clear=${clear}</arg>
<doc>Runs the given keyword with the given arguments and ignores possible error.</doc>
<kw name="Input Text" library="SeleniumLibrary">
<arg>${location}</arg>
<arg>${text}</arg>
<arg>clear=${clear}</arg>
<doc>Types the given ``text`` into the text field identified by ``locator``.</doc>
<msg timestamp="20211101 13:57:43.812" level="INFO">Typing text 'jenosize' into text field 'name=password'.</msg>
<status status="PASS" starttime="20211101 13:57:43.811" endtime="20211101 13:57:43.907"/>
</kw>
<msg timestamp="20211101 13:57:43.907" level="INFO">${result_msg} = ('PASS', None)</msg>
<status status="PASS" starttime="20211101 13:57:43.811" endtime="20211101 13:57:43.907"/>
</kw>
<kw name="Convert To String" library="BuiltIn">
<var>${err_msg}</var>
<arg>${result_msg[1]}</arg>
<doc>Converts the given item to a Unicode string.</doc>
<msg timestamp="20211101 13:57:43.908" level="INFO">${err_msg} = None</msg>
<status status="PASS" starttime="20211101 13:57:43.907" endtime="20211101 13:57:43.908"/>
</kw>
<kw name="Run Keyword And Return Status" library="BuiltIn">
<var>${is_success}</var>
<arg>Should Be Equal</arg>
<arg>${err_msg}</arg>
<arg>None</arg>
<doc>Runs the given keyword with given arguments and returns the status as a Boolean value.</doc>
<kw name="Should Be Equal" library="BuiltIn">
<arg>${err_msg}</arg>
<arg>None</arg>
<doc>Fails if the given objects are unequal.</doc>
<status status="PASS" starttime="20211101 13:57:43.908" endtime="20211101 13:57:43.908"/>
</kw>
<msg timestamp="20211101 13:57:43.908" level="INFO">${is_success} = True</msg>
<status status="PASS" starttime="20211101 13:57:43.908" endtime="20211101 13:57:43.908"/>
</kw>
<kw name="Run Keyword And Return Status" library="BuiltIn">
<var>${is_not_loading_error}</var>
<arg>Should Not Contain</arg>
<arg>${err_msg}</arg>
<arg>invalid element state</arg>
<doc>Runs the given keyword with given arguments and returns the status as a Boolean value.</doc>
<kw name="Should Not Contain" library="BuiltIn">
<arg>${err_msg}</arg>
<arg>invalid element state</arg>
<doc>Fails if ``container`` contains ``item`` one or more times.</doc>
<status status="PASS" starttime="20211101 13:57:43.908" endtime="20211101 13:57:43.909"/>
</kw>
<msg timestamp="20211101 13:57:43.909" level="INFO">${is_not_loading_error} = True</msg>
<status status="PASS" starttime="20211101 13:57:43.908" endtime="20211101 13:57:43.909"/>
</kw>
<kw name="Exit For Loop If" library="BuiltIn">
<arg>${is_success} or ${is_not_loading_error}</arg>
<doc>Stops executing the enclosing for loop if the ``condition`` is true.</doc>
<msg timestamp="20211101 13:57:43.909" level="INFO">Exiting for loop altogether.</msg>
<status status="PASS" starttime="20211101 13:57:43.909" endtime="20211101 13:57:43.909"/>
</kw>
<status status="PASS" starttime="20211101 13:57:43.811" endtime="20211101 13:57:43.909"/>
</iter>
<status status="PASS" starttime="20211101 13:57:43.811" endtime="20211101 13:57:43.909"/>
</for>
<kw name="Should Be True" library="BuiltIn">
<arg>${is_success}</arg>
<arg>msg=Unable to input text to element after 10 retry</arg>
<doc>Fails if the given condition is not true.</doc>
<status status="PASS" starttime="20211101 13:57:43.910" endtime="20211101 13:57:43.910"/>
</kw>
<status status="PASS" starttime="20211101 13:57:43.780" endtime="20211101 13:57:43.910"/>
</kw>
<kw name="Click Element When Ready" library="common_keywords">
<arg>${XPATH_BUTTON_LOGIN}</arg>
<kw name="Wait Until Element Is Visible" library="SeleniumLibrary">
<arg>${Element}</arg>
<doc>Waits until the element ``locator`` is visible.</doc>
<status status="PASS" starttime="20211101 13:57:43.911" endtime="20211101 13:57:43.927"/>
</kw>
<for flavor="IN RANGE">
<var>${index}</var>
<value>1</value>
<value>10</value>
<iter>
<var name="${index}">1</var>
<kw name="Run Keyword And Ignore Error" library="BuiltIn">
<var>${result_msg}</var>
<arg>Click Element</arg>
<arg>${Element}</arg>
<doc>Runs the given keyword with the given arguments and ignores possible error.</doc>
<kw name="Click Element" library="SeleniumLibrary">
<arg>${Element}</arg>
<doc>Click the element identified by ``locator``.</doc>
<msg timestamp="20211101 13:57:43.927" level="INFO">Clicking element 'xpath=//span[@class="MuiButton-label css-8xplcm-MuiButton-label"]'.</msg>
<status status="PASS" starttime="20211101 13:57:43.927" endtime="20211101 13:57:43.998"/>
</kw>
<msg timestamp="20211101 13:57:43.999" level="INFO">${result_msg} = ('PASS', None)</msg>
<status status="PASS" starttime="20211101 13:57:43.927" endtime="20211101 13:57:43.999"/>
</kw>
<kw name="Convert To String" library="BuiltIn">
<var>${err_msg}</var>
<arg>${result_msg[1]}</arg>
<doc>Converts the given item to a Unicode string.</doc>
<msg timestamp="20211101 13:57:44.000" level="INFO">${err_msg} = None</msg>
<status status="PASS" starttime="20211101 13:57:43.999" endtime="20211101 13:57:44.000"/>
</kw>
<kw name="Run Keyword And Return Status" library="BuiltIn">
<var>${is_success}</var>
<arg>Should Be Equal</arg>
<arg>${err_msg}</arg>
<arg>None</arg>
<doc>Runs the given keyword with given arguments and returns the status as a Boolean value.</doc>
<kw name="Should Be Equal" library="BuiltIn">
<arg>${err_msg}</arg>
<arg>None</arg>
<doc>Fails if the given objects are unequal.</doc>
<status status="PASS" starttime="20211101 13:57:44.000" endtime="20211101 13:57:44.001"/>
</kw>
<msg timestamp="20211101 13:57:44.001" level="INFO">${is_success} = True</msg>
<status status="PASS" starttime="20211101 13:57:44.000" endtime="20211101 13:57:44.001"/>
</kw>
<kw name="Run Keyword And Return Status" library="BuiltIn">
<var>${is_not_loading_error}</var>
<arg>Should Not Contain</arg>
<arg>${err_msg}</arg>
<arg>Other element would receive the click:</arg>
<doc>Runs the given keyword with given arguments and returns the status as a Boolean value.</doc>
<kw name="Should Not Contain" library="BuiltIn">
<arg>${err_msg}</arg>
<arg>Other element would receive the click:</arg>
<doc>Fails if ``container`` contains ``item`` one or more times.</doc>
<status status="PASS" starttime="20211101 13:57:44.002" endtime="20211101 13:57:44.003"/>
</kw>
<msg timestamp="20211101 13:57:44.003" level="INFO">${is_not_loading_error} = True</msg>
<status status="PASS" starttime="20211101 13:57:44.002" endtime="20211101 13:57:44.003"/>
</kw>
<kw name="Run Keyword And Return Status" library="BuiltIn">
<var>${is_not_loading_error_js}</var>
<arg>Should Not Contain</arg>
<arg>${err_msg}</arg>
<arg>JavascriptException: Message: javascript error: Error is not a constructor</arg>
<doc>Runs the given keyword with given arguments and returns the status as a Boolean value.</doc>
<kw name="Should Not Contain" library="BuiltIn">
<arg>${err_msg}</arg>
<arg>JavascriptException: Message: javascript error: Error is not a constructor</arg>
<doc>Fails if ``container`` contains ``item`` one or more times.</doc>
<status status="PASS" starttime="20211101 13:57:44.004" endtime="20211101 13:57:44.004"/>
</kw>
<msg timestamp="20211101 13:57:44.004" level="INFO">${is_not_loading_error_js} = True</msg>
<status status="PASS" starttime="20211101 13:57:44.003" endtime="20211101 13:57:44.004"/>
</kw>
<kw name="Evaluate" library="BuiltIn">
<var>${result}</var>
<arg>${is_not_loading_error} and ${is_not_loading_error_js}</arg>
<doc>Evaluates the given expression in Python and returns the result.</doc>
<msg timestamp="20211101 13:57:44.005" level="INFO">${result} = True</msg>
<status status="PASS" starttime="20211101 13:57:44.005" endtime="20211101 13:57:44.005"/>
</kw>
<kw name="Exit For Loop If" library="BuiltIn">
<arg>${is_success} or ${result}</arg>
<doc>Stops executing the enclosing for loop if the ``condition`` is true.</doc>
<msg timestamp="20211101 13:57:44.005" level="INFO">Exiting for loop altogether.</msg>
<status status="PASS" starttime="20211101 13:57:44.005" endtime="20211101 13:57:44.005"/>
</kw>
<status status="PASS" starttime="20211101 13:57:43.927" endtime="20211101 13:57:44.005"/>
</iter>
<status status="PASS" starttime="20211101 13:57:43.927" endtime="20211101 13:57:44.005"/>
</for>
<kw name="Should Be True" library="BuiltIn">
<arg>${is_success}</arg>
<arg>msg=Unable to click the element after 10 retry</arg>
<doc>Fails if the given condition is not true.</doc>
<status status="PASS" starttime="20211101 13:57:44.005" endtime="20211101 13:57:44.006"/>
</kw>
<status status="PASS" starttime="20211101 13:57:43.910" endtime="20211101 13:57:44.006"/>
</kw>
<kw name="Get Text From Element When Ready" library="common_keywords">
<var>${NameUser}</var>
<arg>//p[@class="MuiTypography-root MuiTypography-body1 css-1vcvdqw-MuiTypography-root"]</arg>
<kw name="Log" library="BuiltIn">
<arg>${element_locator}</arg>
<doc>Logs the given message with the given level.</doc>
<msg timestamp="20211101 13:57:44.007" level="INFO">//p[@class="MuiTypography-root MuiTypography-body1 css-1vcvdqw-MuiTypography-root"]</msg>
<status status="PASS" starttime="20211101 13:57:44.007" endtime="20211101 13:57:44.007"/>
</kw>
<kw name="Wait Until Page Contains Element" library="SeleniumLibrary">
<arg>${element_locator}</arg>
<doc>Waits until the element ``locator`` appears on the current page.</doc>
<status status="PASS" starttime="20211101 13:57:44.007" endtime="20211101 13:57:48.226"/>
</kw>
<kw name="Sleep" library="BuiltIn">
<arg>2s</arg>
<doc>Pauses the test executed for the given time.</doc>
<msg timestamp="20211101 13:57:50.234" level="INFO">Slept 2 seconds</msg>
<status status="PASS" starttime="20211101 13:57:48.226" endtime="20211101 13:57:50.234"/>
</kw>
<kw name="Run Keyword And Ignore Error" library="BuiltIn">
<arg>Scroll Element Into View</arg>
<arg>${element_locator}</arg>
<doc>Runs the given keyword with the given arguments and ignores possible error.</doc>
<kw name="Scroll Element Into View" library="SeleniumLibrary">
<arg>${element_locator}</arg>
<doc>Scrolls the element identified by ``locator`` into view.</doc>
<status status="PASS" starttime="20211101 13:57:50.234" endtime="20211101 13:57:51.660"/>
</kw>
<status status="PASS" starttime="20211101 13:57:50.234" endtime="20211101 13:57:51.660"/>
</kw>
<kw name="Wait Until Element Is Visible" library="SeleniumLibrary">
<arg>${element_locator}</arg>
<doc>Waits until the element ``locator`` is visible.</doc>
<status status="PASS" starttime="20211101 13:57:51.661" endtime="20211101 13:57:51.772"/>
</kw>
<kw name="Get Text" library="SeleniumLibrary">
<var>${text}</var>
<arg>${element_locator}</arg>
<doc>Returns the text value of the element identified by ``locator``.</doc>
<msg timestamp="20211101 13:57:51.788" level="INFO">${text} = Benjamen Vuitton</msg>
<status status="PASS" starttime="20211101 13:57:51.772" endtime="20211101 13:57:51.788"/>
</kw>
<msg timestamp="20211101 13:57:51.789" level="INFO">${NameUser} = Benjamen Vuitton</msg>
<status status="PASS" starttime="20211101 13:57:44.006" endtime="20211101 13:57:51.789"/>
</kw>
<kw name="Click Element When Ready" library="common_keywords">
<arg>//p[@class="MuiTypography-root MuiTypography-body1 css-1vcvdqw-MuiTypography-root"]</arg>
<kw name="Wait Until Element Is Visible" library="SeleniumLibrary">
<arg>${Element}</arg>
<doc>Waits until the element ``locator`` is visible.</doc>
<status status="PASS" starttime="20211101 13:57:51.789" endtime="20211101 13:57:51.901"/>
</kw>
<for flavor="IN RANGE">
<var>${index}</var>
<value>1</value>
<value>10</value>
<iter>
<var name="${index}">1</var>
<kw name="Run Keyword And Ignore Error" library="BuiltIn">
<var>${result_msg}</var>
<arg>Click Element</arg>
<arg>${Element}</arg>
<doc>Runs the given keyword with the given arguments and ignores possible error.</doc>
<kw name="Click Element" library="SeleniumLibrary">
<arg>${Element}</arg>
<doc>Click the element identified by ``locator``.</doc>
<msg timestamp="20211101 13:57:51.902" level="INFO">Clicking element '//p[@class="MuiTypography-root MuiTypography-body1 css-1vcvdqw-MuiTypography-root"]'.</msg>
<status status="PASS" starttime="20211101 13:57:51.902" endtime="20211101 13:57:52.134"/>
</kw>
<msg timestamp="20211101 13:57:52.134" level="INFO">${result_msg} = ('PASS', None)</msg>
<status status="PASS" starttime="20211101 13:57:51.902" endtime="20211101 13:57:52.134"/>
</kw>
<kw name="Convert To String" library="BuiltIn">
<var>${err_msg}</var>
<arg>${result_msg[1]}</arg>
<doc>Converts the given item to a Unicode string.</doc>
<msg timestamp="20211101 13:57:52.135" level="INFO">${err_msg} = None</msg>
<status status="PASS" starttime="20211101 13:57:52.134" endtime="20211101 13:57:52.135"/>
</kw>
<kw name="Run Keyword And Return Status" library="BuiltIn">
<var>${is_success}</var>
<arg>Should Be Equal</arg>
<arg>${err_msg}</arg>
<arg>None</arg>
<doc>Runs the given keyword with given arguments and returns the status as a Boolean value.</doc>
<kw name="Should Be Equal" library="BuiltIn">
<arg>${err_msg}</arg>
<arg>None</arg>
<doc>Fails if the given objects are unequal.</doc>
<status status="PASS" starttime="20211101 13:57:52.135" endtime="20211101 13:57:52.136"/>
</kw>
<msg timestamp="20211101 13:57:52.136" level="INFO">${is_success} = True</msg>
<status status="PASS" starttime="20211101 13:57:52.135" endtime="20211101 13:57:52.136"/>
</kw>
<kw name="Run Keyword And Return Status" library="BuiltIn">
<var>${is_not_loading_error}</var>
<arg>Should Not Contain</arg>
<arg>${err_msg}</arg>
<arg>Other element would receive the click:</arg>
<doc>Runs the given keyword with given arguments and returns the status as a Boolean value.</doc>
<kw name="Should Not Contain" library="BuiltIn">
<arg>${err_msg}</arg>
<arg>Other element would receive the click:</arg>
<doc>Fails if ``container`` contains ``item`` one or more times.</doc>
<status status="PASS" starttime="20211101 13:57:52.136" endtime="20211101 13:57:52.136"/>
</kw>
<msg timestamp="20211101 13:57:52.137" level="INFO">${is_not_loading_error} = True</msg>
<status status="PASS" starttime="20211101 13:57:52.136" endtime="20211101 13:57:52.137"/>
</kw>
<kw name="Run Keyword And Return Status" library="BuiltIn">
<var>${is_not_loading_error_js}</var>
<arg>Should Not Contain</arg>
<arg>${err_msg}</arg>
<arg>JavascriptException: Message: javascript error: Error is not a constructor</arg>
<doc>Runs the given keyword with given arguments and returns the status as a Boolean value.</doc>
<kw name="Should Not Contain" library="BuiltIn">
<arg>${err_msg}</arg>
<arg>JavascriptException: Message: javascript error: Error is not a constructor</arg>
<doc>Fails if ``container`` contains ``item`` one or more times.</doc>
<status status="PASS" starttime="20211101 13:57:52.137" endtime="20211101 13:57:52.137"/>
</kw>
<msg timestamp="20211101 13:57:52.138" level="INFO">${is_not_loading_error_js} = True</msg>
<status status="PASS" starttime="20211101 13:57:52.137" endtime="20211101 13:57:52.138"/>
</kw>
<kw name="Evaluate" library="BuiltIn">
<var>${result}</var>
<arg>${is_not_loading_error} and ${is_not_loading_error_js}</arg>
<doc>Evaluates the given expression in Python and returns the result.</doc>
<msg timestamp="20211101 13:57:52.138" level="INFO">${result} = True</msg>
<status status="PASS" starttime="20211101 13:57:52.138" endtime="20211101 13:57:52.138"/>
</kw>
<kw name="Exit For Loop If" library="BuiltIn">
<arg>${is_success} or ${result}</arg>
<doc>Stops executing the enclosing for loop if the ``condition`` is true.</doc>
<msg timestamp="20211101 13:57:52.138" level="INFO">Exiting for loop altogether.</msg>
<status status="PASS" starttime="20211101 13:57:52.138" endtime="20211101 13:57:52.139"/>
</kw>
<status status="PASS" starttime="20211101 13:57:51.902" endtime="20211101 13:57:52.139"/>
</iter>
<status status="PASS" starttime="20211101 13:57:51.901" endtime="20211101 13:57:52.139"/>
</for>
<kw name="Should Be True" library="BuiltIn">
<arg>${is_success}</arg>
<arg>msg=Unable to click the element after 10 retry</arg>
<doc>Fails if the given condition is not true.</doc>
<status status="PASS" starttime="20211101 13:57:52.139" endtime="20211101 13:57:52.139"/>
</kw>
<status status="PASS" starttime="20211101 13:57:51.789" endtime="20211101 13:57:52.139"/>
</kw>
<kw name="Wait Until Page Contains" library="SeleniumLibrary">
<arg>${NameUser}</arg>
<arg>${TIME_WAIT}</arg>
<doc>Waits until ``text`` appears on the current page.</doc>
<status status="PASS" starttime="20211101 13:57:52.140" endtime="20211101 13:57:52.774"/>
</kw>
<kw name="Capture Page Screenshot" library="SeleniumLibrary">
<doc>Takes a screenshot of the current page and embeds it into a log file.</doc>
<msg timestamp="20211101 13:57:53.417" level="INFO" html="true">&lt;/td&gt;&lt;/tr&gt;&lt;tr&gt;&lt;td colspan="3"&gt;&lt;a href="selenium-screenshot-75.png"&gt;&lt;img src="selenium-screenshot-75.png" width="800px"&gt;&lt;/a&gt;</msg>
<status status="PASS" starttime="20211101 13:57:52.774" endtime="20211101 13:57:53.417"/>
</kw>
<doc>เข้าสู่ระบบสำเร็จและตรวจสอบความถูกต้องของ User Profile</doc>
<status status="PASS" starttime="20211101 13:57:40.723" endtime="20211101 13:57:53.418"/>
</test>
<test id="s1-t2" name="TC02_Edit Name User Profile">
<kw name="Click Element When Ready" library="common_keywords">
<arg>//li[@id="btn_my_profile"]</arg>
<kw name="Wait Until Element Is Visible" library="SeleniumLibrary">
<arg>${Element}</arg>
<doc>Waits until the element ``locator`` is visible.</doc>
<status status="PASS" starttime="20211101 13:57:53.420" endtime="20211101 13:57:53.523"/>
</kw>
<for flavor="IN RANGE">
<var>${index}</var>
<value>1</value>
<value>10</value>
<iter>
<var name="${index}">1</var>
<kw name="Run Keyword And Ignore Error" library="BuiltIn">
<var>${result_msg}</var>
<arg>Click Element</arg>
<arg>${Element}</arg>
<doc>Runs the given keyword with the given arguments and ignores possible error.</doc>
<kw name="Click Element" library="SeleniumLibrary">
<arg>${Element}</arg>
<doc>Click the element identified by ``locator``.</doc>
<msg timestamp="20211101 13:57:53.523" level="INFO">Clicking element '//li[@id="btn_my_profile"]'.</msg>
<status status="PASS" starttime="20211101 13:57:53.523" endtime="20211101 13:57:53.711"/>
</kw>
<msg timestamp="20211101 13:57:53.711" level="INFO">${result_msg} = ('PASS', None)</msg>
<status status="PASS" starttime="20211101 13:57:53.523" endtime="20211101 13:57:53.711"/>
</kw>
<kw name="Convert To String" library="BuiltIn">
<var>${err_msg}</var>
<arg>${result_msg[1]}</arg>
<doc>Converts the given item to a Unicode string.</doc>
<msg timestamp="20211101 13:57:53.713" level="INFO">${err_msg} = None</msg>
<status status="PASS" starttime="20211101 13:57:53.712" endtime="20211101 13:57:53.713"/>
</kw>
<kw name="Run Keyword And Return Status" library="BuiltIn">
<var>${is_success}</var>
<arg>Should Be Equal</arg>
<arg>${err_msg}</arg>
<arg>None</arg>
<doc>Runs the given keyword with given arguments and returns the status as a Boolean value.</doc>
<kw name="Should Be Equal" library="BuiltIn">
<arg>${err_msg}</arg>
<arg>None</arg>
<doc>Fails if the given objects are unequal.</doc>
<status status="PASS" starttime="20211101 13:57:53.713" endtime="20211101 13:57:53.713"/>
</kw>
<msg timestamp="20211101 13:57:53.713" level="INFO">${is_success} = True</msg>
<status status="PASS" starttime="20211101 13:57:53.713" endtime="20211101 13:57:53.713"/>
</kw>
<kw name="Run Keyword And Return Status" library="BuiltIn">
<var>${is_not_loading_error}</var>
<arg>Should Not Contain</arg>
<arg>${err_msg}</arg>
<arg>Other element would receive the click:</arg>
<doc>Runs the given keyword with given arguments and returns the status as a Boolean value.</doc>
<kw name="Should Not Contain" library="BuiltIn">
<arg>${err_msg}</arg>
<arg>Other element would receive the click:</arg>
<doc>Fails if ``container`` contains ``item`` one or more times.</doc>
<status status="PASS" starttime="20211101 13:57:53.714" endtime="20211101 13:57:53.714"/>
</kw>
<msg timestamp="20211101 13:57:53.714" level="INFO">${is_not_loading_error} = True</msg>
<status status="PASS" starttime="20211101 13:57:53.713" endtime="20211101 13:57:53.714"/>
</kw>
<kw name="Run Keyword And Return Status" library="BuiltIn">
<var>${is_not_loading_error_js}</var>
<arg>Should Not Contain</arg>
<arg>${err_msg}</arg>
<arg>JavascriptException: Message: javascript error: Error is not a constructor</arg>
<doc>Runs the given keyword with given arguments and returns the status as a Boolean value.</doc>
<kw name="Should Not Contain" library="BuiltIn">
<arg>${err_msg}</arg>
<arg>JavascriptException: Message: javascript error: Error is not a constructor</arg>
<doc>Fails if ``container`` contains ``item`` one or more times.</doc>
<status status="PASS" starttime="20211101 13:57:53.714" endtime="20211101 13:57:53.714"/>
</kw>
<msg timestamp="20211101 13:57:53.714" level="INFO">${is_not_loading_error_js} = True</msg>
<status status="PASS" starttime="20211101 13:57:53.714" endtime="20211101 13:57:53.714"/>
</kw>
<kw name="Evaluate" library="BuiltIn">
<var>${result}</var>
<arg>${is_not_loading_error} and ${is_not_loading_error_js}</arg>
<doc>Evaluates the given expression in Python and returns the result.</doc>
<msg timestamp="20211101 13:57:53.714" level="INFO">${result} = True</msg>
<status status="PASS" starttime="20211101 13:57:53.714" endtime="20211101 13:57:53.715"/>
</kw>
<kw name="Exit For Loop If" library="BuiltIn">
<arg>${is_success} or ${result}</arg>
<doc>Stops executing the enclosing for loop if the ``condition`` is true.</doc>
<msg timestamp="20211101 13:57:53.715" level="INFO">Exiting for loop altogether.</msg>
<status status="PASS" starttime="20211101 13:57:53.715" endtime="20211101 13:57:53.715"/>
</kw>
<status status="PASS" starttime="20211101 13:57:53.523" endtime="20211101 13:57:53.715"/>
</iter>
<status status="PASS" starttime="20211101 13:57:53.523" endtime="20211101 13:57:53.715"/>
</for>
<kw name="Should Be True" library="BuiltIn">
<arg>${is_success}</arg>
<arg>msg=Unable to click the element after 10 retry</arg>
<doc>Fails if the given condition is not true.</doc>
<status status="PASS" starttime="20211101 13:57:53.715" endtime="20211101 13:57:53.715"/>
</kw>
<status status="PASS" starttime="20211101 13:57:53.420" endtime="20211101 13:57:53.715"/>
</kw>
<kw name="Clear Text When Ready" library="common_keywords">
<arg>//input[@name="firstname"]</arg>
<doc>Clear text in element when element is visible</doc>
<kw name="Wait Until Element Is Visible" library="SeleniumLibrary">
<arg>${locator}</arg>
<arg>${TIME_WAIT}</arg>
<doc>Waits until the element ``locator`` is visible.</doc>
<status status="PASS" starttime="20211101 13:57:53.716" endtime="20211101 13:57:53.747"/>
</kw>
<kw name="Press Keys" library="SeleniumLibrary">
<arg>${locator}</arg>
<arg>CTRL+a+BACKSPACE</arg>
<doc>Simulates the user pressing key(s) to an element or on the active browser.</doc>
<msg timestamp="20211101 13:57:53.747" level="INFO">Sending key(s) ('CTRL+a+BACKSPACE',) to //input[@name="firstname"] element.</msg>
<msg timestamp="20211101 13:57:54.042" level="INFO">Pressing special key CONTROL down.</msg>
<msg timestamp="20211101 13:57:54.043" level="INFO">Sending key a</msg>
<msg timestamp="20211101 13:57:54.043" level="INFO">Pressing special key BACKSPACE down.</msg>
<msg timestamp="20211101 13:57:54.043" level="INFO">Releasing special key CONTROL.</msg>
<msg timestamp="20211101 13:57:54.043" level="INFO">Releasing special key BACKSPACE.</msg>
<status status="PASS" starttime="20211101 13:57:53.747" endtime="20211101 13:57:54.079"/>
</kw>
<status status="PASS" starttime="20211101 13:57:53.716" endtime="20211101 13:57:54.079"/>
</kw>
<kw name="Input Text To Element When Ready" library="common_keywords">
<arg>//input[@name="firstname"]</arg>
<arg>Baboka</arg>
<kw name="Wait Until Element Is Visible" library="SeleniumLibrary">
<arg>${location}</arg>
<doc>Waits until the element ``locator`` is visible.</doc>
<status status="PASS" starttime="20211101 13:57:54.080" endtime="20211101 13:57:54.092"/>
</kw>
<for flavor="IN RANGE">
<var>${index}</var>
<value>1</value>
<value>10</value>
<iter>
<var name="${index}">1</var>
<kw name="Run Keyword And Ignore Error" library="BuiltIn">
<var>${result_msg}</var>
<arg>Input Text</arg>
<arg>${location}</arg>
<arg>${text}</arg>
<arg>clear=${clear}</arg>
<doc>Runs the given keyword with the given arguments and ignores possible error.</doc>
<kw name="Input Text" library="SeleniumLibrary">
<arg>${location}</arg>
<arg>${text}</arg>
<arg>clear=${clear}</arg>
<doc>Types the given ``text`` into the text field identified by ``locator``.</doc>
<msg timestamp="20211101 13:57:54.093" level="INFO">Typing text 'Baboka' into text field '//input[@name="firstname"]'.</msg>
<status status="PASS" starttime="20211101 13:57:54.092" endtime="20211101 13:57:54.273"/>
</kw>
<msg timestamp="20211101 13:57:54.273" level="INFO">${result_msg} = ('PASS', None)</msg>
<status status="PASS" starttime="20211101 13:57:54.092" endtime="20211101 13:57:54.273"/>
</kw>
<kw name="Convert To String" library="BuiltIn">
<var>${err_msg}</var>
<arg>${result_msg[1]}</arg>
<doc>Converts the given item to a Unicode string.</doc>
<msg timestamp="20211101 13:57:54.273" level="INFO">${err_msg} = None</msg>
<status status="PASS" starttime="20211101 13:57:54.273" endtime="20211101 13:57:54.273"/>
</kw>
<kw name="Run Keyword And Return Status" library="BuiltIn">
<var>${is_success}</var>
<arg>Should Be Equal</arg>
<arg>${err_msg}</arg>
<arg>None</arg>
<doc>Runs the given keyword with given arguments and returns the status as a Boolean value.</doc>
<kw name="Should Be Equal" library="BuiltIn">
<arg>${err_msg}</arg>
<arg>None</arg>
<doc>Fails if the given objects are unequal.</doc>
<status status="PASS" starttime="20211101 13:57:54.274" endtime="20211101 13:57:54.274"/>
</kw>
<msg timestamp="20211101 13:57:54.274" level="INFO">${is_success} = True</msg>
<status status="PASS" starttime="20211101 13:57:54.274" endtime="20211101 13:57:54.274"/>
</kw>
<kw name="Run Keyword And Return Status" library="BuiltIn">
<var>${is_not_loading_error}</var>
<arg>Should Not Contain</arg>
<arg>${err_msg}</arg>
<arg>invalid element state</arg>
<doc>Runs the given keyword with given arguments and returns the status as a Boolean value.</doc>
<kw name="Should Not Contain" library="BuiltIn">
<arg>${err_msg}</arg>
<arg>invalid element state</arg>
<doc>Fails if ``container`` contains ``item`` one or more times.</doc>
<status status="PASS" starttime="20211101 13:57:54.274" endtime="20211101 13:57:54.275"/>
</kw>
<msg timestamp="20211101 13:57:54.275" level="INFO">${is_not_loading_error} = True</msg>
<status status="PASS" starttime="20211101 13:57:54.274" endtime="20211101 13:57:54.275"/>
</kw>
<kw name="Exit For Loop If" library="BuiltIn">
<arg>${is_success} or ${is_not_loading_error}</arg>
<doc>Stops executing the enclosing for loop if the ``condition`` is true.</doc>
<msg timestamp="20211101 13:57:54.275" level="INFO">Exiting for loop altogether.</msg>
<status status="PASS" starttime="20211101 13:57:54.275" endtime="20211101 13:57:54.275"/>
</kw>
<status status="PASS" starttime="20211101 13:57:54.092" endtime="20211101 13:57:54.275"/>
</iter>
<status status="PASS" starttime="20211101 13:57:54.092" endtime="20211101 13:57:54.275"/>
</for>
<kw name="Should Be True" library="BuiltIn">
<arg>${is_success}</arg>
<arg>msg=Unable to input text to element after 10 retry</arg>
<doc>Fails if the given condition is not true.</doc>
<status status="PASS" starttime="20211101 13:57:54.275" endtime="20211101 13:57:54.275"/>
</kw>
<status status="PASS" starttime="20211101 13:57:54.079" endtime="20211101 13:57:54.276"/>
</kw>
<kw name="Clear Text When Ready" library="common_keywords">
<arg>//input[@name="lastname"]</arg>
<doc>Clear text in element when element is visible</doc>
<kw name="Wait Until Element Is Visible" library="SeleniumLibrary">
<arg>${locator}</arg>
<arg>${TIME_WAIT}</arg>
<doc>Waits until the element ``locator`` is visible.</doc>
<status status="PASS" starttime="20211101 13:57:54.276" endtime="20211101 13:57:54.293"/>
</kw>
<kw name="Press Keys" library="SeleniumLibrary">
<arg>${locator}</arg>
<arg>CTRL+a+BACKSPACE</arg>
<doc>Simulates the user pressing key(s) to an element or on the active browser.</doc>
<msg timestamp="20211101 13:57:54.293" level="INFO">Sending key(s) ('CTRL+a+BACKSPACE',) to //input[@name="lastname"] element.</msg>
<msg timestamp="20211101 13:57:54.588" level="INFO">Pressing special key CONTROL down.</msg>
<msg timestamp="20211101 13:57:54.588" level="INFO">Sending key a</msg>
<msg timestamp="20211101 13:57:54.588" level="INFO">Pressing special key BACKSPACE down.</msg>
<msg timestamp="20211101 13:57:54.588" level="INFO">Releasing special key CONTROL.</msg>
<msg timestamp="20211101 13:57:54.588" level="INFO">Releasing special key BACKSPACE.</msg>
<status status="PASS" starttime="20211101 13:57:54.293" endtime="20211101 13:57:54.623"/>
</kw>
<status status="PASS" starttime="20211101 13:57:54.276" endtime="20211101 13:57:54.623"/>
</kw>
<kw name="Input Text To Element When Ready" library="common_keywords">
<arg>//input[@name="lastname"]</arg>
<arg>Bojoka</arg>
<kw name="Wait Until Element Is Visible" library="SeleniumLibrary">
<arg>${location}</arg>
<doc>Waits until the element ``locator`` is visible.</doc>
<status status="PASS" starttime="20211101 13:57:54.624" endtime="20211101 13:57:54.636"/>
</kw>
<for flavor="IN RANGE">
<var>${index}</var>
<value>1</value>
<value>10</value>
<iter>
<var name="${index}">1</var>
<kw name="Run Keyword And Ignore Error" library="BuiltIn">
<var>${result_msg}</var>
<arg>Input Text</arg>
<arg>${location}</arg>
<arg>${text}</arg>
<arg>clear=${clear}</arg>
<doc>Runs the given keyword with the given arguments and ignores possible error.</doc>
<kw name="Input Text" library="SeleniumLibrary">
<arg>${location}</arg>
<arg>${text}</arg>
<arg>clear=${clear}</arg>
<doc>Types the given ``text`` into the text field identified by ``locator``.</doc>
<msg timestamp="20211101 13:57:54.639" level="INFO">Typing text 'Bojoka' into text field '//input[@name="lastname"]'.</msg>
<status status="PASS" starttime="20211101 13:57:54.637" endtime="20211101 13:57:54.875"/>
</kw>
<msg timestamp="20211101 13:57:54.875" level="INFO">${result_msg} = ('PASS', None)</msg>
<status status="PASS" starttime="20211101 13:57:54.637" endtime="20211101 13:57:54.875"/>
</kw>
<kw name="Convert To String" library="BuiltIn">
<var>${err_msg}</var>
<arg>${result_msg[1]}</arg>
<doc>Converts the given item to a Unicode string.</doc>
<msg timestamp="20211101 13:57:54.876" level="INFO">${err_msg} = None</msg>
<status status="PASS" starttime="20211101 13:57:54.875" endtime="20211101 13:57:54.876"/>
</kw>
<kw name="Run Keyword And Return Status" library="BuiltIn">
<var>${is_success}</var>
<arg>Should Be Equal</arg>
<arg>${err_msg}</arg>
<arg>None</arg>
<doc>Runs the given keyword with given arguments and returns the status as a Boolean value.</doc>
<kw name="Should Be Equal" library="BuiltIn">
<arg>${err_msg}</arg>
<arg>None</arg>
<doc>Fails if the given objects are unequal.</doc>
<status status="PASS" starttime="20211101 13:57:54.876" endtime="20211101 13:57:54.876"/>
</kw>
<msg timestamp="20211101 13:57:54.876" level="INFO">${is_success} = True</msg>
<status status="PASS" starttime="20211101 13:57:54.876" endtime="20211101 13:57:54.876"/>
</kw>
<kw name="Run Keyword And Return Status" library="BuiltIn">
<var>${is_not_loading_error}</var>
<arg>Should Not Contain</arg>
<arg>${err_msg}</arg>
<arg>invalid element state</arg>
<doc>Runs the given keyword with given arguments and returns the status as a Boolean value.</doc>
<kw name="Should Not Contain" library="BuiltIn">
<arg>${err_msg}</arg>
<arg>invalid element state</arg>
<doc>Fails if ``container`` contains ``item`` one or more times.</doc>
<status status="PASS" starttime="20211101 13:57:54.877" endtime="20211101 13:57:54.877"/>
</kw>
<msg timestamp="20211101 13:57:54.877" level="INFO">${is_not_loading_error} = True</msg>
<status status="PASS" starttime="20211101 13:57:54.877" endtime="20211101 13:57:54.877"/>
</kw>
<kw name="Exit For Loop If" library="BuiltIn">
<arg>${is_success} or ${is_not_loading_error}</arg>
<doc>Stops executing the enclosing for loop if the ``condition`` is true.</doc>
<msg timestamp="20211101 13:57:54.877" level="INFO">Exiting for loop altogether.</msg>
<status status="PASS" starttime="20211101 13:57:54.877" endtime="20211101 13:57:54.877"/>
</kw>
<status status="PASS" starttime="20211101 13:57:54.637" endtime="20211101 13:57:54.877"/>
</iter>
<status status="PASS" starttime="20211101 13:57:54.636" endtime="20211101 13:57:54.877"/>
</for>
<kw name="Should Be True" library="BuiltIn">
<arg>${is_success}</arg>
<arg>msg=Unable to input text to element after 10 retry</arg>
<doc>Fails if the given condition is not true.</doc>
<status status="PASS" starttime="20211101 13:57:54.877" endtime="20211101 13:57:54.878"/>
</kw>
<status status="PASS" starttime="20211101 13:57:54.623" endtime="20211101 13:57:54.878"/>
</kw>
<kw name="Click Element When Ready" library="common_keywords">
<arg>//button[@type="submit"]</arg>
<kw name="Wait Until Element Is Visible" library="SeleniumLibrary">
<arg>${Element}</arg>
<doc>Waits until the element ``locator`` is visible.</doc>
<status status="PASS" starttime="20211101 13:57:54.879" endtime="20211101 13:57:54.895"/>
</kw>
<for flavor="IN RANGE">
<var>${index}</var>
<value>1</value>
<value>10</value>
<iter>
<var name="${index}">1</var>
<kw name="Run Keyword And Ignore Error" library="BuiltIn">
<var>${result_msg}</var>
<arg>Click Element</arg>
<arg>${Element}</arg>
<doc>Runs the given keyword with the given arguments and ignores possible error.</doc>
<kw name="Click Element" library="SeleniumLibrary">
<arg>${Element}</arg>
<doc>Click the element identified by ``locator``.</doc>
<msg timestamp="20211101 13:57:54.896" level="INFO">Clicking element '//button[@type="submit"]'.</msg>
<status status="PASS" starttime="20211101 13:57:54.896" endtime="20211101 13:57:55.089"/>
</kw>
<msg timestamp="20211101 13:57:55.089" level="INFO">${result_msg} = ('PASS', None)</msg>
<status status="PASS" starttime="20211101 13:57:54.895" endtime="20211101 13:57:55.089"/>
</kw>
<kw name="Convert To String" library="BuiltIn">
<var>${err_msg}</var>
<arg>${result_msg[1]}</arg>
<doc>Converts the given item to a Unicode string.</doc>
<msg timestamp="20211101 13:57:55.090" level="INFO">${err_msg} = None</msg>
<status status="PASS" starttime="20211101 13:57:55.089" endtime="20211101 13:57:55.090"/>
</kw>
<kw name="Run Keyword And Return Status" library="BuiltIn">
<var>${is_success}</var>
<arg>Should Be Equal</arg>
<arg>${err_msg}</arg>
<arg>None</arg>
<doc>Runs the given keyword with given arguments and returns the status as a Boolean value.</doc>
<kw name="Should Be Equal" library="BuiltIn">
<arg>${err_msg}</arg>
<arg>None</arg>
<doc>Fails if the given objects are unequal.</doc>
<status status="PASS" starttime="20211101 13:57:55.090" endtime="20211101 13:57:55.091"/>
</kw>
<msg timestamp="20211101 13:57:55.091" level="INFO">${is_success} = True</msg>
<status status="PASS" starttime="20211101 13:57:55.090" endtime="20211101 13:57:55.091"/>
</kw>
<kw name="Run Keyword And Return Status" library="BuiltIn">
<var>${is_not_loading_error}</var>
<arg>Should Not Contain</arg>
<arg>${err_msg}</arg>
<arg>Other element would receive the click:</arg>
<doc>Runs the given keyword with given arguments and returns the status as a Boolean value.</doc>
<kw name="Should Not Contain" library="BuiltIn">
<arg>${err_msg}</arg>
<arg>Other element would receive the click:</arg>
<doc>Fails if ``container`` contains ``item`` one or more times.</doc>
<status status="PASS" starttime="20211101 13:57:55.091" endtime="20211101 13:57:55.091"/>
</kw>
<msg timestamp="20211101 13:57:55.091" level="INFO">${is_not_loading_error} = True</msg>
<status status="PASS" starttime="20211101 13:57:55.091" endtime="20211101 13:57:55.091"/>
</kw>
<kw name="Run Keyword And Return Status" library="BuiltIn">
<var>${is_not_loading_error_js}</var>
<arg>Should Not Contain</arg>
<arg>${err_msg}</arg>
<arg>JavascriptException: Message: javascript error: Error is not a constructor</arg>
<doc>Runs the given keyword with given arguments and returns the status as a Boolean value.</doc>
<kw name="Should Not Contain" library="BuiltIn">
<arg>${err_msg}</arg>
<arg>JavascriptException: Message: javascript error: Error is not a constructor</arg>
<doc>Fails if ``container`` contains ``item`` one or more times.</doc>
<status status="PASS" starttime="20211101 13:57:55.092" endtime="20211101 13:57:55.092"/>
</kw>
<msg timestamp="20211101 13:57:55.092" level="INFO">${is_not_loading_error_js} = True</msg>
<status status="PASS" starttime="20211101 13:57:55.091" endtime="20211101 13:57:55.092"/>
</kw>
<kw name="Evaluate" library="BuiltIn">
<var>${result}</var>
<arg>${is_not_loading_error} and ${is_not_loading_error_js}</arg>
<doc>Evaluates the given expression in Python and returns the result.</doc>
<msg timestamp="20211101 13:57:55.092" level="INFO">${result} = True</msg>
<status status="PASS" starttime="20211101 13:57:55.092" endtime="20211101 13:57:55.092"/>
</kw>
<kw name="Exit For Loop If" library="BuiltIn">
<arg>${is_success} or ${result}</arg>
<doc>Stops executing the enclosing for loop if the ``condition`` is true.</doc>
<msg timestamp="20211101 13:57:55.092" level="INFO">Exiting for loop altogether.</msg>
<status status="PASS" starttime="20211101 13:57:55.092" endtime="20211101 13:57:55.092"/>
</kw>
<status status="PASS" starttime="20211101 13:57:54.895" endtime="20211101 13:57:55.093"/>
</iter>
<status status="PASS" starttime="20211101 13:57:54.895" endtime="20211101 13:57:55.093"/>
</for>
<kw name="Should Be True" library="BuiltIn">
<arg>${is_success}</arg>
<arg>msg=Unable to click the element after 10 retry</arg>
<doc>Fails if the given condition is not true.</doc>
<status status="PASS" starttime="20211101 13:57:55.093" endtime="20211101 13:57:55.093"/>
</kw>
<status status="PASS" starttime="20211101 13:57:54.878" endtime="20211101 13:57:55.093"/>
</kw>
<kw name="Wait Until Page Contains" library="SeleniumLibrary">
<arg>Save Success</arg>
<doc>Waits until ``text`` appears on the current page.</doc>
<status status="PASS" starttime="20211101 13:57:55.094" endtime="20211101 13:57:57.832"/>
</kw>
<kw name="Click Element When Ready" library="common_keywords">
<arg>//p[@class="MuiTypography-root MuiTypography-body1 css-1vcvdqw-MuiTypography-root"]</arg>
<kw name="Wait Until Element Is Visible" library="SeleniumLibrary">
<arg>${Element}</arg>
<doc>Waits until the element ``locator`` is visible.</doc>
<status status="PASS" starttime="20211101 13:57:57.833" endtime="20211101 13:57:57.846"/>
</kw>
<for flavor="IN RANGE">
<var>${index}</var>
<value>1</value>
<value>10</value>
<iter>
<var name="${index}">1</var>
<kw name="Run Keyword And Ignore Error" library="BuiltIn">
<var>${result_msg}</var>
<arg>Click Element</arg>
<arg>${Element}</arg>
<doc>Runs the given keyword with the given arguments and ignores possible error.</doc>
<kw name="Click Element" library="SeleniumLibrary">
<arg>${Element}</arg>
<doc>Click the element identified by ``locator``.</doc>
<msg timestamp="20211101 13:57:57.848" level="INFO">Clicking element '//p[@class="MuiTypography-root MuiTypography-body1 css-1vcvdqw-MuiTypography-root"]'.</msg>
<status status="PASS" starttime="20211101 13:57:57.847" endtime="20211101 13:57:57.892"/>
</kw>
<msg timestamp="20211101 13:57:57.892" level="INFO">${result_msg} = ('PASS', None)</msg>
<status status="PASS" starttime="20211101 13:57:57.847" endtime="20211101 13:57:57.892"/>
</kw>
<kw name="Convert To String" library="BuiltIn">
<var>${err_msg}</var>
<arg>${result_msg[1]}</arg>
<doc>Converts the given item to a Unicode string.</doc>
<msg timestamp="20211101 13:57:57.893" level="INFO">${err_msg} = None</msg>
<status status="PASS" starttime="20211101 13:57:57.893" endtime="20211101 13:57:57.893"/>
</kw>
<kw name="Run Keyword And Return Status" library="BuiltIn">
<var>${is_success}</var>
<arg>Should Be Equal</arg>
<arg>${err_msg}</arg>
<arg>None</arg>
<doc>Runs the given keyword with given arguments and returns the status as a Boolean value.</doc>
<kw name="Should Be Equal" library="BuiltIn">
<arg>${err_msg}</arg>
<arg>None</arg>
<doc>Fails if the given objects are unequal.</doc>
<status status="PASS" starttime="20211101 13:57:57.894" endtime="20211101 13:57:57.894"/>
</kw>
<msg timestamp="20211101 13:57:57.894" level="INFO">${is_success} = True</msg>
<status status="PASS" starttime="20211101 13:57:57.893" endtime="20211101 13:57:57.894"/>
</kw>
<kw name="Run Keyword And Return Status" library="BuiltIn">
<var>${is_not_loading_error}</var>
<arg>Should Not Contain</arg>
<arg>${err_msg}</arg>
<arg>Other element would receive the click:</arg>
<doc>Runs the given keyword with given arguments and returns the status as a Boolean value.</doc>
<kw name="Should Not Contain" library="BuiltIn">
<arg>${err_msg}</arg>
<arg>Other element would receive the click:</arg>
<doc>Fails if ``container`` contains ``item`` one or more times.</doc>
<status status="PASS" starttime="20211101 13:57:57.894" endtime="20211101 13:57:57.894"/>
</kw>
<msg timestamp="20211101 13:57:57.894" level="INFO">${is_not_loading_error} = True</msg>
<status status="PASS" starttime="20211101 13:57:57.894" endtime="20211101 13:57:57.894"/>
</kw>
<kw name="Run Keyword And Return Status" library="BuiltIn">
<var>${is_not_loading_error_js}</var>
<arg>Should Not Contain</arg>
<arg>${err_msg}</arg>
<arg>JavascriptException: Message: javascript error: Error is not a constructor</arg>
<doc>Runs the given keyword with given arguments and returns the status as a Boolean value.</doc>
<kw name="Should Not Contain" library="BuiltIn">
<arg>${err_msg}</arg>
<arg>JavascriptException: Message: javascript error: Error is not a constructor</arg>
<doc>Fails if ``container`` contains ``item`` one or more times.</doc>
<status status="PASS" starttime="20211101 13:57:57.894" endtime="20211101 13:57:57.895"/>
</kw>
<msg timestamp="20211101 13:57:57.895" level="INFO">${is_not_loading_error_js} = True</msg>
<status status="PASS" starttime="20211101 13:57:57.894" endtime="20211101 13:57:57.895"/>
</kw>
<kw name="Evaluate" library="BuiltIn">
<var>${result}</var>
<arg>${is_not_loading_error} and ${is_not_loading_error_js}</arg>
<doc>Evaluates the given expression in Python and returns the result.</doc>
<msg timestamp="20211101 13:57:57.895" level="INFO">${result} = True</msg>
<status status="PASS" starttime="20211101 13:57:57.895" endtime="20211101 13:57:57.895"/>
</kw>
<kw name="Exit For Loop If" library="BuiltIn">
<arg>${is_success} or ${result}</arg>
<doc>Stops executing the enclosing for loop if the ``condition`` is true.</doc>
<msg timestamp="20211101 13:57:57.895" level="INFO">Exiting for loop altogether.</msg>
<status status="PASS" starttime="20211101 13:57:57.895" endtime="20211101 13:57:57.896"/>
</kw>
<status status="PASS" starttime="20211101 13:57:57.847" endtime="20211101 13:57:57.896"/>
</iter>
<status status="PASS" starttime="20211101 13:57:57.847" endtime="20211101 13:57:57.896"/>
</for>
<kw name="Should Be True" library="BuiltIn">
<arg>${is_success}</arg>
<arg>msg=Unable to click the element after 10 retry</arg>
<doc>Fails if the given condition is not true.</doc>
<status status="PASS" starttime="20211101 13:57:57.896" endtime="20211101 13:57:57.896"/>
</kw>
<status status="PASS" starttime="20211101 13:57:57.833" endtime="20211101 13:57:57.896"/>
</kw>
<kw name="Get Text From Element When Ready" library="common_keywords">
<var>${NAME}</var>
<arg>//h6[@class="MuiTypography-root MuiTypography-subtitle1 MuiTypography-noWrap css-zpto7g-MuiTypography-root"]</arg>
<kw name="Log" library="BuiltIn">
<arg>${element_locator}</arg>
<doc>Logs the given message with the given level.</doc>
<msg timestamp="20211101 13:57:57.897" level="INFO">//h6[@class="MuiTypography-root MuiTypography-subtitle1 MuiTypography-noWrap css-zpto7g-MuiTypography-root"]</msg>
<status status="PASS" starttime="20211101 13:57:57.897" endtime="20211101 13:57:57.897"/>
</kw>
<kw name="Wait Until Page Contains Element" library="SeleniumLibrary">
<arg>${element_locator}</arg>
<doc>Waits until the element ``locator`` appears on the current page.</doc>
<status status="PASS" starttime="20211101 13:57:57.897" endtime="20211101 13:57:57.907"/>
</kw>
<kw name="Sleep" library="BuiltIn">
<arg>2s</arg>
<doc>Pauses the test executed for the given time.</doc>
<msg timestamp="20211101 13:57:59.913" level="INFO">Slept 2 seconds</msg>
<status status="PASS" starttime="20211101 13:57:57.908" endtime="20211101 13:57:59.913"/>
</kw>
<kw name="Run Keyword And Ignore Error" library="BuiltIn">
<arg>Scroll Element Into View</arg>
<arg>${element_locator}</arg>
<doc>Runs the given keyword with the given arguments and ignores possible error.</doc>
<kw name="Scroll Element Into View" library="SeleniumLibrary">
<arg>${element_locator}</arg>
<doc>Scrolls the element identified by ``locator`` into view.</doc>
<status status="PASS" starttime="20211101 13:57:59.914" endtime="20211101 13:58:00.184"/>
</kw>
<status status="PASS" starttime="20211101 13:57:59.913" endtime="20211101 13:58:00.184"/>
</kw>
<kw name="Wait Until Element Is Visible" library="SeleniumLibrary">
<arg>${element_locator}</arg>
<doc>Waits until the element ``locator`` is visible.</doc>
<status status="PASS" starttime="20211101 13:58:00.184" endtime="20211101 13:58:00.197"/>
</kw>
<kw name="Get Text" library="SeleniumLibrary">
<var>${text}</var>
<arg>${element_locator}</arg>
<doc>Returns the text value of the element identified by ``locator``.</doc>
<msg timestamp="20211101 13:58:00.213" level="INFO">${text} = Baboka Bojoka</msg>
<status status="PASS" starttime="20211101 13:58:00.197" endtime="20211101 13:58:00.213"/>
</kw>
<msg timestamp="20211101 13:58:00.213" level="INFO">${NAME} = Baboka Bojoka</msg>
<status status="PASS" starttime="20211101 13:57:57.897" endtime="20211101 13:58:00.213"/>
</kw>
<kw name="Should Be Equal" library="BuiltIn">
<arg>'${NAME}'</arg>
<arg>'Baboka Bojoka'</arg>
<doc>Fails if the given objects are unequal.</doc>
<status status="PASS" starttime="20211101 13:58:00.214" endtime="20211101 13:58:00.214"/>
</kw>
<kw name="Capture Page Screenshot" library="SeleniumLibrary">
<doc>Takes a screenshot of the current page and embeds it into a log file.</doc>
<msg timestamp="20211101 13:58:00.371" level="INFO" html="true">&lt;/td&gt;&lt;/tr&gt;&lt;tr&gt;&lt;td colspan="3"&gt;&lt;a href="selenium-screenshot-76.png"&gt;&lt;img src="selenium-screenshot-76.png" width="800px"&gt;&lt;/a&gt;</msg>
<status status="PASS" starttime="20211101 13:58:00.214" endtime="20211101 13:58:00.371"/>
</kw>
<doc>ทดสอบแก้ไขชื่อ User Profile</doc>
<status status="PASS" starttime="20211101 13:57:53.419" endtime="20211101 13:58:00.371"/>
</test>
<test id="s1-t3" name="TC03_Rename back">
<kw name="Click Element When Ready" library="common_keywords">
<arg>//li[@id="btn_my_profile"]</arg>
<kw name="Wait Until Element Is Visible" library="SeleniumLibrary">
<arg>${Element}</arg>
<doc>Waits until the element ``locator`` is visible.</doc>
<status status="PASS" starttime="20211101 13:58:00.374" endtime="20211101 13:58:00.388"/>
</kw>
<for flavor="IN RANGE">
<var>${index}</var>
<value>1</value>
<value>10</value>
<iter>
<var name="${index}">1</var>
<kw name="Run Keyword And Ignore Error" library="BuiltIn">
<var>${result_msg}</var>
<arg>Click Element</arg>
<arg>${Element}</arg>
<doc>Runs the given keyword with the given arguments and ignores possible error.</doc>
<kw name="Click Element" library="SeleniumLibrary">
<arg>${Element}</arg>
<doc>Click the element identified by ``locator``.</doc>
<msg timestamp="20211101 13:58:00.389" level="INFO">Clicking element '//li[@id="btn_my_profile"]'.</msg>
<status status="PASS" starttime="20211101 13:58:00.389" endtime="20211101 13:58:00.464"/>
</kw>
<msg timestamp="20211101 13:58:00.464" level="INFO">${result_msg} = ('PASS', None)</msg>
<status status="PASS" starttime="20211101 13:58:00.388" endtime="20211101 13:58:00.464"/>
</kw>
<kw name="Convert To String" library="BuiltIn">
<var>${err_msg}</var>
<arg>${result_msg[1]}</arg>
<doc>Converts the given item to a Unicode string.</doc>
<msg timestamp="20211101 13:58:00.464" level="INFO">${err_msg} = None</msg>
<status status="PASS" starttime="20211101 13:58:00.464" endtime="20211101 13:58:00.464"/>
</kw>
<kw name="Run Keyword And Return Status" library="BuiltIn">
<var>${is_success}</var>
<arg>Should Be Equal</arg>
<arg>${err_msg}</arg>
<arg>None</arg>
<doc>Runs the given keyword with given arguments and returns the status as a Boolean value.</doc>
<kw name="Should Be Equal" library="BuiltIn">
<arg>${err_msg}</arg>
<arg>None</arg>
<doc>Fails if the given objects are unequal.</doc>
<status status="PASS" starttime="20211101 13:58:00.465" endtime="20211101 13:58:00.465"/>
</kw>
<msg timestamp="20211101 13:58:00.465" level="INFO">${is_success} = True</msg>
<status status="PASS" starttime="20211101 13:58:00.464" endtime="20211101 13:58:00.465"/>
</kw>
<kw name="Run Keyword And Return Status" library="BuiltIn">
<var>${is_not_loading_error}</var>
<arg>Should Not Contain</arg>
<arg>${err_msg}</arg>
<arg>Other element would receive the click:</arg>
<doc>Runs the given keyword with given arguments and returns the status as a Boolean value.</doc>
<kw name="Should Not Contain" library="BuiltIn">
<arg>${err_msg}</arg>
<arg>Other element would receive the click:</arg>
<doc>Fails if ``container`` contains ``item`` one or more times.</doc>
<status status="PASS" starttime="20211101 13:58:00.465" endtime="20211101 13:58:00.465"/>
</kw>
<msg timestamp="20211101 13:58:00.465" level="INFO">${is_not_loading_error} = True</msg>
<status status="PASS" starttime="20211101 13:58:00.465" endtime="20211101 13:58:00.465"/>
</kw>
<kw name="Run Keyword And Return Status" library="BuiltIn">
<var>${is_not_loading_error_js}</var>
<arg>Should Not Contain</arg>
<arg>${err_msg}</arg>
<arg>JavascriptException: Message: javascript error: Error is not a constructor</arg>
<doc>Runs the given keyword with given arguments and returns the status as a Boolean value.</doc>
<kw name="Should Not Contain" library="BuiltIn">
<arg>${err_msg}</arg>
<arg>JavascriptException: Message: javascript error: Error is not a constructor</arg>
<doc>Fails if ``container`` contains ``item`` one or more times.</doc>
<status status="PASS" starttime="20211101 13:58:00.466" endtime="20211101 13:58:00.466"/>
</kw>
<msg timestamp="20211101 13:58:00.466" level="INFO">${is_not_loading_error_js} = True</msg>
<status status="PASS" starttime="20211101 13:58:00.465" endtime="20211101 13:58:00.466"/>
</kw>
<kw name="Evaluate" library="BuiltIn">
<var>${result}</var>
<arg>${is_not_loading_error} and ${is_not_loading_error_js}</arg>
<doc>Evaluates the given expression in Python and returns the result.</doc>
<msg timestamp="20211101 13:58:00.466" level="INFO">${result} = True</msg>
<status status="PASS" starttime="20211101 13:58:00.466" endtime="20211101 13:58:00.466"/>
</kw>
<kw name="Exit For Loop If" library="BuiltIn">
<arg>${is_success} or ${result}</arg>
<doc>Stops executing the enclosing for loop if the ``condition`` is true.</doc>
<msg timestamp="20211101 13:58:00.466" level="INFO">Exiting for loop altogether.</msg>
<status status="PASS" starttime="20211101 13:58:00.466" endtime="20211101 13:58:00.466"/>
</kw>
<status status="PASS" starttime="20211101 13:58:00.388" endtime="20211101 13:58:00.467"/>
</iter>
<status status="PASS" starttime="20211101 13:58:00.388" endtime="20211101 13:58:00.467"/>
</for>
<kw name="Should Be True" library="BuiltIn">
<arg>${is_success}</arg>
<arg>msg=Unable to click the element after 10 retry</arg>
<doc>Fails if the given condition is not true.</doc>
<status status="PASS" starttime="20211101 13:58:00.467" endtime="20211101 13:58:00.467"/>
</kw>
<status status="PASS" starttime="20211101 13:58:00.374" endtime="20211101 13:58:00.467"/>
</kw>
<kw name="Clear Text When Ready" library="common_keywords">
<arg>//input[@name="firstname"]</arg>
<doc>Clear text in element when element is visible</doc>
<kw name="Wait Until Element Is Visible" library="SeleniumLibrary">
<arg>${locator}</arg>
<arg>${TIME_WAIT}</arg>
<doc>Waits until the element ``locator`` is visible.</doc>
<status status="PASS" starttime="20211101 13:58:00.468" endtime="20211101 13:58:00.481"/>
</kw>
<kw name="Press Keys" library="SeleniumLibrary">
<arg>${locator}</arg>
<arg>CTRL+a+BACKSPACE</arg>
<doc>Simulates the user pressing key(s) to an element or on the active browser.</doc>
<msg timestamp="20211101 13:58:00.482" level="INFO">Sending key(s) ('CTRL+a+BACKSPACE',) to //input[@name="firstname"] element.</msg>
<msg timestamp="20211101 13:58:00.771" level="INFO">Pressing special key CONTROL down.</msg>
<msg timestamp="20211101 13:58:00.771" level="INFO">Sending key a</msg>
<msg timestamp="20211101 13:58:00.771" level="INFO">Pressing special key BACKSPACE down.</msg>
<msg timestamp="20211101 13:58:00.771" level="INFO">Releasing special key CONTROL.</msg>
<msg timestamp="20211101 13:58:00.771" level="INFO">Releasing special key BACKSPACE.</msg>
<status status="PASS" starttime="20211101 13:58:00.481" endtime="20211101 13:58:00.812"/>
</kw>
<status status="PASS" starttime="20211101 13:58:00.467" endtime="20211101 13:58:00.812"/>
</kw>
<kw name="Input Text To Element When Ready" library="common_keywords">
<arg>//input[@name="firstname"]</arg>
<arg>Benjamen</arg>
<kw name="Wait Until Element Is Visible" library="SeleniumLibrary">
<arg>${location}</arg>
<doc>Waits until the element ``locator`` is visible.</doc>
<status status="PASS" starttime="20211101 13:58:00.813" endtime="20211101 13:58:00.825"/>
</kw>
<for flavor="IN RANGE">
<var>${index}</var>
<value>1</value>
<value>10</value>
<iter>
<var name="${index}">1</var>
<kw name="Run Keyword And Ignore Error" library="BuiltIn">
<var>${result_msg}</var>
<arg>Input Text</arg>
<arg>${location}</arg>
<arg>${text}</arg>
<arg>clear=${clear}</arg>
<doc>Runs the given keyword with the given arguments and ignores possible error.</doc>
<kw name="Input Text" library="SeleniumLibrary">
<arg>${location}</arg>
<arg>${text}</arg>
<arg>clear=${clear}</arg>
<doc>Types the given ``text`` into the text field identified by ``locator``.</doc>
<msg timestamp="20211101 13:58:00.826" level="INFO">Typing text 'Benjamen' into text field '//input[@name="firstname"]'.</msg>
<status status="PASS" starttime="20211101 13:58:00.826" endtime="20211101 13:58:01.007"/>
</kw>
<msg timestamp="20211101 13:58:01.007" level="INFO">${result_msg} = ('PASS', None)</msg>
<status status="PASS" starttime="20211101 13:58:00.826" endtime="20211101 13:58:01.007"/>
</kw>
<kw name="Convert To String" library="BuiltIn">
<var>${err_msg}</var>
<arg>${result_msg[1]}</arg>
<doc>Converts the given item to a Unicode string.</doc>
<msg timestamp="20211101 13:58:01.008" level="INFO">${err_msg} = None</msg>
<status status="PASS" starttime="20211101 13:58:01.007" endtime="20211101 13:58:01.008"/>
</kw>
<kw name="Run Keyword And Return Status" library="BuiltIn">
<var>${is_success}</var>
<arg>Should Be Equal</arg>
<arg>${err_msg}</arg>
<arg>None</arg>
<doc>Runs the given keyword with given arguments and returns the status as a Boolean value.</doc>
<kw name="Should Be Equal" library="BuiltIn">
<arg>${err_msg}</arg>
<arg>None</arg>
<doc>Fails if the given objects are unequal.</doc>
<status status="PASS" starttime="20211101 13:58:01.008" endtime="20211101 13:58:01.008"/>
</kw>
<msg timestamp="20211101 13:58:01.009" level="INFO">${is_success} = True</msg>
<status status="PASS" starttime="20211101 13:58:01.008" endtime="20211101 13:58:01.009"/>
</kw>
<kw name="Run Keyword And Return Status" library="BuiltIn">
<var>${is_not_loading_error}</var>
<arg>Should Not Contain</arg>
<arg>${err_msg}</arg>
<arg>invalid element state</arg>
<doc>Runs the given keyword with given arguments and returns the status as a Boolean value.</doc>
<kw name="Should Not Contain" library="BuiltIn">
<arg>${err_msg}</arg>
<arg>invalid element state</arg>
<doc>Fails if ``container`` contains ``item`` one or more times.</doc>
<status status="PASS" starttime="20211101 13:58:01.009" endtime="20211101 13:58:01.009"/>
</kw>
<msg timestamp="20211101 13:58:01.009" level="INFO">${is_not_loading_error} = True</msg>
<status status="PASS" starttime="20211101 13:58:01.009" endtime="20211101 13:58:01.009"/>
</kw>
<kw name="Exit For Loop If" library="BuiltIn">
<arg>${is_success} or ${is_not_loading_error}</arg>
<doc>Stops executing the enclosing for loop if the ``condition`` is true.</doc>
<msg timestamp="20211101 13:58:01.009" level="INFO">Exiting for loop altogether.</msg>
<status status="PASS" starttime="20211101 13:58:01.009" endtime="20211101 13:58:01.010"/>
</kw>
<status status="PASS" starttime="20211101 13:58:00.826" endtime="20211101 13:58:01.010"/>
</iter>
<status status="PASS" starttime="20211101 13:58:00.825" endtime="20211101 13:58:01.010"/>
</for>
<kw name="Should Be True" library="BuiltIn">
<arg>${is_success}</arg>
<arg>msg=Unable to input text to element after 10 retry</arg>
<doc>Fails if the given condition is not true.</doc>
<status status="PASS" starttime="20211101 13:58:01.010" endtime="20211101 13:58:01.010"/>
</kw>
<status status="PASS" starttime="20211101 13:58:00.813" endtime="20211101 13:58:01.010"/>
</kw>
<kw name="Clear Text When Ready" library="common_keywords">
<arg>//input[@name="lastname"]</arg>
<doc>Clear text in element when element is visible</doc>
<kw name="Wait Until Element Is Visible" library="SeleniumLibrary">
<arg>${locator}</arg>
<arg>${TIME_WAIT}</arg>
<doc>Waits until the element ``locator`` is visible.</doc>
<status status="PASS" starttime="20211101 13:58:01.011" endtime="20211101 13:58:01.023"/>
</kw>
<kw name="Press Keys" library="SeleniumLibrary">
<arg>${locator}</arg>
<arg>CTRL+a+BACKSPACE</arg>
<doc>Simulates the user pressing key(s) to an element or on the active browser.</doc>
<msg timestamp="20211101 13:58:01.024" level="INFO">Sending key(s) ('CTRL+a+BACKSPACE',) to //input[@name="lastname"] element.</msg>
<msg timestamp="20211101 13:58:01.330" level="INFO">Pressing special key CONTROL down.</msg>
<msg timestamp="20211101 13:58:01.331" level="INFO">Sending key a</msg>
<msg timestamp="20211101 13:58:01.331" level="INFO">Pressing special key BACKSPACE down.</msg>
<msg timestamp="20211101 13:58:01.331" level="INFO">Releasing special key CONTROL.</msg>
<msg timestamp="20211101 13:58:01.331" level="INFO">Releasing special key BACKSPACE.</msg>
<status status="PASS" starttime="20211101 13:58:01.024" endtime="20211101 13:58:01.365"/>
</kw>
<status status="PASS" starttime="20211101 13:58:01.011" endtime="20211101 13:58:01.366"/>
</kw>
<kw name="Input Text To Element When Ready" library="common_keywords">
<arg>//input[@name="lastname"]</arg>
<arg>Vuitton</arg>
<kw name="Wait Until Element Is Visible" library="SeleniumLibrary">
<arg>${location}</arg>
<doc>Waits until the element ``locator`` is visible.</doc>
<status status="PASS" starttime="20211101 13:58:01.367" endtime="20211101 13:58:01.380"/>
</kw>
<for flavor="IN RANGE">
<var>${index}</var>
<value>1</value>
<value>10</value>
<iter>
<var name="${index}">1</var>
<kw name="Run Keyword And Ignore Error" library="BuiltIn">
<var>${result_msg}</var>
<arg>Input Text</arg>
<arg>${location}</arg>
<arg>${text}</arg>
<arg>clear=${clear}</arg>
<doc>Runs the given keyword with the given arguments and ignores possible error.</doc>
<kw name="Input Text" library="SeleniumLibrary">
<arg>${location}</arg>
<arg>${text}</arg>
<arg>clear=${clear}</arg>
<doc>Types the given ``text`` into the text field identified by ``locator``.</doc>
<msg timestamp="20211101 13:58:01.381" level="INFO">Typing text 'Vuitton' into text field '//input[@name="lastname"]'.</msg>
<status status="PASS" starttime="20211101 13:58:01.380" endtime="20211101 13:58:01.537"/>
</kw>
<msg timestamp="20211101 13:58:01.537" level="INFO">${result_msg} = ('PASS', None)</msg>
<status status="PASS" starttime="20211101 13:58:01.380" endtime="20211101 13:58:01.537"/>
</kw>
<kw name="Convert To String" library="BuiltIn">
<var>${err_msg}</var>
<arg>${result_msg[1]}</arg>
<doc>Converts the given item to a Unicode string.</doc>
<msg timestamp="20211101 13:58:01.538" level="INFO">${err_msg} = None</msg>
<status status="PASS" starttime="20211101 13:58:01.537" endtime="20211101 13:58:01.538"/>
</kw>
<kw name="Run Keyword And Return Status" library="BuiltIn">
<var>${is_success}</var>
<arg>Should Be Equal</arg>
<arg>${err_msg}</arg>
<arg>None</arg>
<doc>Runs the given keyword with given arguments and returns the status as a Boolean value.</doc>
<kw name="Should Be Equal" library="BuiltIn">
<arg>${err_msg}</arg>
<arg>None</arg>
<doc>Fails if the given objects are unequal.</doc>
<status status="PASS" starttime="20211101 13:58:01.538" endtime="20211101 13:58:01.539"/>
</kw>
<msg timestamp="20211101 13:58:01.539" level="INFO">${is_success} = True</msg>
<status status="PASS" starttime="20211101 13:58:01.538" endtime="20211101 13:58:01.539"/>
</kw>
<kw name="Run Keyword And Return Status" library="BuiltIn">
<var>${is_not_loading_error}</var>
<arg>Should Not Contain</arg>
<arg>${err_msg}</arg>
<arg>invalid element state</arg>
<doc>Runs the given keyword with given arguments and returns the status as a Boolean value.</doc>
<kw name="Should Not Contain" library="BuiltIn">
<arg>${err_msg}</arg>
<arg>invalid element state</arg>
<doc>Fails if ``container`` contains ``item`` one or more times.</doc>
<status status="PASS" starttime="20211101 13:58:01.539" endtime="20211101 13:58:01.539"/>
</kw>
<msg timestamp="20211101 13:58:01.540" level="INFO">${is_not_loading_error} = True</msg>
<status status="PASS" starttime="20211101 13:58:01.539" endtime="20211101 13:58:01.540"/>
</kw>
<kw name="Exit For Loop If" library="BuiltIn">
<arg>${is_success} or ${is_not_loading_error}</arg>
<doc>Stops executing the enclosing for loop if the ``condition`` is true.</doc>
<msg timestamp="20211101 13:58:01.540" level="INFO">Exiting for loop altogether.</msg>
<status status="PASS" starttime="20211101 13:58:01.540" endtime="20211101 13:58:01.540"/>
</kw>
<status status="PASS" starttime="20211101 13:58:01.380" endtime="20211101 13:58:01.540"/>
</iter>
<status status="PASS" starttime="20211101 13:58:01.380" endtime="20211101 13:58:01.540"/>
</for>
<kw name="Should Be True" library="BuiltIn">
<arg>${is_success}</arg>
<arg>msg=Unable to input text to element after 10 retry</arg>
<doc>Fails if the given condition is not true.</doc>
<status status="PASS" starttime="20211101 13:58:01.540" endtime="20211101 13:58:01.540"/>
</kw>
<status status="PASS" starttime="20211101 13:58:01.366" endtime="20211101 13:58:01.540"/>
</kw>
<kw name="Click Element When Ready" library="common_keywords">
<arg>//button[@type="submit"]</arg>
<kw name="Wait Until Element Is Visible" library="SeleniumLibrary">
<arg>${Element}</arg>
<doc>Waits until the element ``locator`` is visible.</doc>
<status status="PASS" starttime="20211101 13:58:01.541" endtime="20211101 13:58:01.552"/>
</kw>
<for flavor="IN RANGE">
<var>${index}</var>
<value>1</value>
<value>10</value>
<iter>
<var name="${index}">1</var>
<kw name="Run Keyword And Ignore Error" library="BuiltIn">
<var>${result_msg}</var>
<arg>Click Element</arg>
<arg>${Element}</arg>
<doc>Runs the given keyword with the given arguments and ignores possible error.</doc>
<kw name="Click Element" library="SeleniumLibrary">
<arg>${Element}</arg>
<doc>Click the element identified by ``locator``.</doc>
<msg timestamp="20211101 13:58:01.553" level="INFO">Clicking element '//button[@type="submit"]'.</msg>
<status status="PASS" starttime="20211101 13:58:01.552" endtime="20211101 13:58:01.647"/>
</kw>
<msg timestamp="20211101 13:58:01.648" level="INFO">${result_msg} = ('PASS', None)</msg>
<status status="PASS" starttime="20211101 13:58:01.552" endtime="20211101 13:58:01.648"/>
</kw>
<kw name="Convert To String" library="BuiltIn">
<var>${err_msg}</var>
<arg>${result_msg[1]}</arg>
<doc>Converts the given item to a Unicode string.</doc>
<msg timestamp="20211101 13:58:01.648" level="INFO">${err_msg} = None</msg>
<status status="PASS" starttime="20211101 13:58:01.648" endtime="20211101 13:58:01.648"/>
</kw>
<kw name="Run Keyword And Return Status" library="BuiltIn">
<var>${is_success}</var>
<arg>Should Be Equal</arg>
<arg>${err_msg}</arg>
<arg>None</arg>
<doc>Runs the given keyword with given arguments and returns the status as a Boolean value.</doc>
<kw name="Should Be Equal" library="BuiltIn">
<arg>${err_msg}</arg>
<arg>None</arg>
<doc>Fails if the given objects are unequal.</doc>
<status status="PASS" starttime="20211101 13:58:01.649" endtime="20211101 13:58:01.649"/>
</kw>
<msg timestamp="20211101 13:58:01.649" level="INFO">${is_success} = True</msg>
<status status="PASS" starttime="20211101 13:58:01.649" endtime="20211101 13:58:01.649"/>
</kw>
<kw name="Run Keyword And Return Status" library="BuiltIn">
<var>${is_not_loading_error}</var>
<arg>Should Not Contain</arg>
<arg>${err_msg}</arg>
<arg>Other element would receive the click:</arg>
<doc>Runs the given keyword with given arguments and returns the status as a Boolean value.</doc>
<kw name="Should Not Contain" library="BuiltIn">
<arg>${err_msg}</arg>
<arg>Other element would receive the click:</arg>
<doc>Fails if ``container`` contains ``item`` one or more times.</doc>
<status status="PASS" starttime="20211101 13:58:01.649" endtime="20211101 13:58:01.649"/>
</kw>
<msg timestamp="20211101 13:58:01.649" level="INFO">${is_not_loading_error} = True</msg>
<status status="PASS" starttime="20211101 13:58:01.649" endtime="20211101 13:58:01.649"/>
</kw>
<kw name="Run Keyword And Return Status" library="BuiltIn">
<var>${is_not_loading_error_js}</var>
<arg>Should Not Contain</arg>
<arg>${err_msg}</arg>
<arg>JavascriptException: Message: javascript error: Error is not a constructor</arg>
<doc>Runs the given keyword with given arguments and returns the status as a Boolean value.</doc>
<kw name="Should Not Contain" library="BuiltIn">
<arg>${err_msg}</arg>
<arg>JavascriptException: Message: javascript error: Error is not a constructor</arg>
<doc>Fails if ``container`` contains ``item`` one or more times.</doc>
<status status="PASS" starttime="20211101 13:58:01.650" endtime="20211101 13:58:01.650"/>
</kw>
<msg timestamp="20211101 13:58:01.650" level="INFO">${is_not_loading_error_js} = True</msg>
<status status="PASS" starttime="20211101 13:58:01.650" endtime="20211101 13:58:01.650"/>
</kw>
<kw name="Evaluate" library="BuiltIn">
<var>${result}</var>
<arg>${is_not_loading_error} and ${is_not_loading_error_js}</arg>
<doc>Evaluates the given expression in Python and returns the result.</doc>
<msg timestamp="20211101 13:58:01.650" level="INFO">${result} = True</msg>
<status status="PASS" starttime="20211101 13:58:01.650" endtime="20211101 13:58:01.650"/>
</kw>
<kw name="Exit For Loop If" library="BuiltIn">
<arg>${is_success} or ${result}</arg>
<doc>Stops executing the enclosing for loop if the ``condition`` is true.</doc>
<msg timestamp="20211101 13:58:01.651" level="INFO">Exiting for loop altogether.</msg>
<status status="PASS" starttime="20211101 13:58:01.650" endtime="20211101 13:58:01.651"/>
</kw>
<status status="PASS" starttime="20211101 13:58:01.552" endtime="20211101 13:58:01.651"/>
</iter>
<status status="PASS" starttime="20211101 13:58:01.552" endtime="20211101 13:58:01.651"/>
</for>
<kw name="Should Be True" library="BuiltIn">
<arg>${is_success}</arg>
<arg>msg=Unable to click the element after 10 retry</arg>
<doc>Fails if the given condition is not true.</doc>
<status status="PASS" starttime="20211101 13:58:01.651" endtime="20211101 13:58:01.651"/>
</kw>
<status status="PASS" starttime="20211101 13:58:01.541" endtime="20211101 13:58:01.651"/>
</kw>
<kw name="Wait Until Page Contains" library="SeleniumLibrary">
<arg>Save Success</arg>
<doc>Waits until ``text`` appears on the current page.</doc>
<status status="PASS" starttime="20211101 13:58:01.652" endtime="20211101 13:58:02.094"/>
</kw>
<kw name="Click Element When Ready" library="common_keywords">
<arg>//p[@class="MuiTypography-root MuiTypography-body1 css-1vcvdqw-MuiTypography-root"]</arg>
<kw name="Wait Until Element Is Visible" library="SeleniumLibrary">
<arg>${Element}</arg>
<doc>Waits until the element ``locator`` is visible.</doc>
<status status="PASS" starttime="20211101 13:58:02.095" endtime="20211101 13:58:02.107"/>
</kw>
<for flavor="IN RANGE">
<var>${index}</var>
<value>1</value>
<value>10</value>
<iter>
<var name="${index}">1</var>
<kw name="Run Keyword And Ignore Error" library="BuiltIn">
<var>${result_msg}</var>
<arg>Click Element</arg>
<arg>${Element}</arg>
<doc>Runs the given keyword with the given arguments and ignores possible error.</doc>
<kw name="Click Element" library="SeleniumLibrary">
<arg>${Element}</arg>
<doc>Click the element identified by ``locator``.</doc>
<msg timestamp="20211101 13:58:02.107" level="INFO">Clicking element '//p[@class="MuiTypography-root MuiTypography-body1 css-1vcvdqw-MuiTypography-root"]'.</msg>
<status status="PASS" starttime="20211101 13:58:02.107" endtime="20211101 13:58:02.144"/>
</kw>
<msg timestamp="20211101 13:58:02.144" level="INFO">${result_msg} = ('PASS', None)</msg>
<status status="PASS" starttime="20211101 13:58:02.107" endtime="20211101 13:58:02.144"/>
</kw>
<kw name="Convert To String" library="BuiltIn">
<var>${err_msg}</var>
<arg>${result_msg[1]}</arg>
<doc>Converts the given item to a Unicode string.</doc>
<msg timestamp="20211101 13:58:02.145" level="INFO">${err_msg} = None</msg>
<status status="PASS" starttime="20211101 13:58:02.144" endtime="20211101 13:58:02.145"/>
</kw>
<kw name="Run Keyword And Return Status" library="BuiltIn">
<var>${is_success}</var>
<arg>Should Be Equal</arg>
<arg>${err_msg}</arg>
<arg>None</arg>
<doc>Runs the given keyword with given arguments and returns the status as a Boolean value.</doc>
<kw name="Should Be Equal" library="BuiltIn">
<arg>${err_msg}</arg>
<arg>None</arg>
<doc>Fails if the given objects are unequal.</doc>
<status status="PASS" starttime="20211101 13:58:02.145" endtime="20211101 13:58:02.146"/>
</kw>
<msg timestamp="20211101 13:58:02.146" level="INFO">${is_success} = True</msg>
<status status="PASS" starttime="20211101 13:58:02.145" endtime="20211101 13:58:02.146"/>
</kw>
<kw name="Run Keyword And Return Status" library="BuiltIn">
<var>${is_not_loading_error}</var>
<arg>Should Not Contain</arg>
<arg>${err_msg}</arg>
<arg>Other element would receive the click:</arg>
<doc>Runs the given keyword with given arguments and returns the status as a Boolean value.</doc>
<kw name="Should Not Contain" library="BuiltIn">
<arg>${err_msg}</arg>
<arg>Other element would receive the click:</arg>
<doc>Fails if ``container`` contains ``item`` one or more times.</doc>
<status status="PASS" starttime="20211101 13:58:02.146" endtime="20211101 13:58:02.146"/>
</kw>
<msg timestamp="20211101 13:58:02.146" level="INFO">${is_not_loading_error} = True</msg>
<status status="PASS" starttime="20211101 13:58:02.146" endtime="20211101 13:58:02.146"/>
</kw>
<kw name="Run Keyword And Return Status" library="BuiltIn">
<var>${is_not_loading_error_js}</var>
<arg>Should Not Contain</arg>
<arg>${err_msg}</arg>
<arg>JavascriptException: Message: javascript error: Error is not a constructor</arg>
<doc>Runs the given keyword with given arguments and returns the status as a Boolean value.</doc>
<kw name="Should Not Contain" library="BuiltIn">
<arg>${err_msg}</arg>
<arg>JavascriptException: Message: javascript error: Error is not a constructor</arg>
<doc>Fails if ``container`` contains ``item`` one or more times.</doc>
<status status="PASS" starttime="20211101 13:58:02.146" endtime="20211101 13:58:02.146"/>
</kw>
<msg timestamp="20211101 13:58:02.146" level="INFO">${is_not_loading_error_js} = True</msg>
<status status="PASS" starttime="20211101 13:58:02.146" endtime="20211101 13:58:02.146"/>
</kw>
<kw name="Evaluate" library="BuiltIn">
<var>${result}</var>
<arg>${is_not_loading_error} and ${is_not_loading_error_js}</arg>
<doc>Evaluates the given expression in Python and returns the result.</doc>
<msg timestamp="20211101 13:58:02.147" level="INFO">${result} = True</msg>
<status status="PASS" starttime="20211101 13:58:02.147" endtime="20211101 13:58:02.147"/>
</kw>
<kw name="Exit For Loop If" library="BuiltIn">
<arg>${is_success} or ${result}</arg>
<doc>Stops executing the enclosing for loop if the ``condition`` is true.</doc>
<msg timestamp="20211101 13:58:02.147" level="INFO">Exiting for loop altogether.</msg>
<status status="PASS" starttime="20211101 13:58:02.147" endtime="20211101 13:58:02.147"/>
</kw>
<status status="PASS" starttime="20211101 13:58:02.107" endtime="20211101 13:58:02.147"/>
</iter>
<status status="PASS" starttime="20211101 13:58:02.107" endtime="20211101 13:58:02.147"/>
</for>
[...]
</kw>
<for flavor="IN RANGE">
<var>${index}</var>
<value>1</value>
<value>10</value>
<iter>
<var name="${index}">1</var>
<kw name="Run Keyword And Ignore Error" library="BuiltIn">
<var>${result_msg}</var>
<arg>Input Text</arg>
<arg>${location}</arg>
<arg>${text}</arg>
<arg>clear=${clear}</arg>
<doc>Runs the given keyword with the given arguments and ignores possible error.</doc>
<kw name="Input Text" library="SeleniumLibrary">
<arg>${location}</arg>
<arg>${text}</arg>
<arg>clear=${clear}</arg>
<doc>Types the given ``text`` into the text field identified by ``locator``.</doc>
<msg timestamp="20211101 13:58:35.633" level="INFO">Typing text 'jenosize03' into text field '//input[@name="newPassword"]'.</msg>
<status status="PASS" starttime="20211101 13:58:35.633" endtime="20211101 13:58:35.740"/>
</kw>
<msg timestamp="20211101 13:58:35.740" level="INFO">${result_msg} = ('PASS', None)</msg>
<status status="PASS" starttime="20211101 13:58:35.633" endtime="20211101 13:58:35.740"/>
</kw>
<kw name="Convert To String" library="BuiltIn">
<var>${err_msg}</var>
<arg>${result_msg[1]}</arg>
<doc>Converts the given item to a Unicode string.</doc>
<msg timestamp="20211101 13:58:35.741" level="INFO">${err_msg} = None</msg>
<status status="PASS" starttime="20211101 13:58:35.740" endtime="20211101 13:58:35.741"/>
</kw>
<kw name="Run Keyword And Return Status" library="BuiltIn">
<var>${is_success}</var>
<arg>Should Be Equal</arg>
<arg>${err_msg}</arg>
<arg>None</arg>
<doc>Runs the given keyword with given arguments and returns the status as a Boolean value.</doc>
<kw name="Should Be Equal" library="BuiltIn">
<arg>${err_msg}</arg>
<arg>None</arg>
<doc>Fails if the given objects are unequal.</doc>
<status status="PASS" starttime="20211101 13:58:35.741" endtime="20211101 13:58:35.741"/>
</kw>
<msg timestamp="20211101 13:58:35.741" level="INFO">${is_success} = True</msg>
<status status="PASS" starttime="20211101 13:58:35.741" endtime="20211101 13:58:35.741"/>
</kw>
<kw name="Run Keyword And Return Status" library="BuiltIn">
<var>${is_not_loading_error}</var>
<arg>Should Not Contain</arg>
<arg>${err_msg}</arg>
<arg>invalid element state</arg>
<doc>Runs the given keyword with given arguments and returns the status as a Boolean value.</doc>
<kw name="Should Not Contain" library="BuiltIn">
<arg>${err_msg}</arg>
<arg>invalid element state</arg>
<doc>Fails if ``container`` contains ``item`` one or more times.</doc>
<status status="PASS" starttime="20211101 13:58:35.741" endtime="20211101 13:58:35.741"/>
</kw>
<msg timestamp="20211101 13:58:35.741" level="INFO">${is_not_loading_error} = True</msg>
<status status="PASS" starttime="20211101 13:58:35.741" endtime="20211101 13:58:35.741"/>
</kw>
<kw name="Exit For Loop If" library="BuiltIn">
<arg>${is_success} or ${is_not_loading_error}</arg>
<doc>Stops executing the enclosing for loop if the ``condition`` is true.</doc>
<msg timestamp="20211101 13:58:35.742" level="INFO">Exiting for loop altogether.</msg>
<status status="PASS" starttime="20211101 13:58:35.741" endtime="20211101 13:58:35.742"/>
</kw>
<status status="PASS" starttime="20211101 13:58:35.633" endtime="20211101 13:58:35.742"/>
</iter>
<status status="PASS" starttime="20211101 13:58:35.633" endtime="20211101 13:58:35.742"/>
</for>
<kw name="Should Be True" library="BuiltIn">
<arg>${is_success}</arg>
<arg>msg=Unable to input text to element after 10 retry</arg>
<doc>Fails if the given condition is not true.</doc>
<status status="PASS" starttime="20211101 13:58:35.742" endtime="20211101 13:58:35.742"/>
</kw>
<status status="PASS" starttime="20211101 13:58:35.620" endtime="20211101 13:58:35.742"/>
</kw>
<kw name="Input Text To Element When Ready" library="common_keywords">
<arg>//input[@name="confirmNewPassword"]</arg>
<arg>jenosize03</arg>
<kw name="Wait Until Element Is Visible" library="SeleniumLibrary">
<arg>${location}</arg>
<doc>Waits until the element ``locator`` is visible.</doc>
<status status="PASS" starttime="20211101 13:58:35.744" endtime="20211101 13:58:35.756"/>
</kw>
<for flavor="IN RANGE">
<var>${index}</var>
<value>1</value>
<value>10</value>
<iter>
<var name="${index}">1</var>
<kw name="Run Keyword And Ignore Error" library="BuiltIn">
<var>${result_msg}</var>
<arg>Input Text</arg>
<arg>${location}</arg>
<arg>${text}</arg>
<arg>clear=${clear}</arg>
<doc>Runs the given keyword with the given arguments and ignores possible error.</doc>
<kw name="Input Text" library="SeleniumLibrary">
<arg>${location}</arg>
<arg>${text}</arg>
<arg>clear=${clear}</arg>
<doc>Types the given ``text`` into the text field identified by ``locator``.</doc>
<msg timestamp="20211101 13:58:35.758" level="INFO">Typing text 'jenosize03' into text field '//input[@name="confirmNewPassword"]'.</msg>
<status status="PASS" starttime="20211101 13:58:35.757" endtime="20211101 13:58:35.859"/>
</kw>
<msg timestamp="20211101 13:58:35.859" level="INFO">${result_msg} = ('PASS', None)</msg>
<status status="PASS" starttime="20211101 13:58:35.757" endtime="20211101 13:58:35.859"/>
</kw>
<kw name="Convert To String" library="BuiltIn">
<var>${err_msg}</var>
<arg>${result_msg[1]}</arg>
<doc>Converts the given item to a Unicode string.</doc>
<msg timestamp="20211101 13:58:35.860" level="INFO">${err_msg} = None</msg>
<status status="PASS" starttime="20211101 13:58:35.859" endtime="20211101 13:58:35.860"/>
</kw>
<kw name="Run Keyword And Return Status" library="BuiltIn">
<var>${is_success}</var>
<arg>Should Be Equal</arg>
<arg>${err_msg}</arg>
<arg>None</arg>
<doc>Runs the given keyword with given arguments and returns the status as a Boolean value.</doc>
<kw name="Should Be Equal" library="BuiltIn">
<arg>${err_msg}</arg>
<arg>None</arg>
<doc>Fails if the given objects are unequal.</doc>
<status status="PASS" starttime="20211101 13:58:35.861" endtime="20211101 13:58:35.861"/>
</kw>
<msg timestamp="20211101 13:58:35.861" level="INFO">${is_success} = True</msg>
<status status="PASS" starttime="20211101 13:58:35.861" endtime="20211101 13:58:35.861"/>
</kw>
<kw name="Run Keyword And Return Status" library="BuiltIn">
<var>${is_not_loading_error}</var>
<arg>Should Not Contain</arg>
<arg>${err_msg}</arg>
<arg>invalid element state</arg>
<doc>Runs the given keyword with given arguments and returns the status as a Boolean value.</doc>
<kw name="Should Not Contain" library="BuiltIn">
<arg>${err_msg}</arg>
<arg>invalid element state</arg>
<doc>Fails if ``container`` contains ``item`` one or more times.</doc>
<status status="PASS" starttime="20211101 13:58:35.861" endtime="20211101 13:58:35.862"/>
</kw>
<msg timestamp="20211101 13:58:35.862" level="INFO">${is_not_loading_error} = True</msg>
<status status="PASS" starttime="20211101 13:58:35.861" endtime="20211101 13:58:35.862"/>
</kw>
<kw name="Exit For Loop If" library="BuiltIn">
<arg>${is_success} or ${is_not_loading_error}</arg>
<doc>Stops executing the enclosing for loop if the ``condition`` is true.</doc>
<msg timestamp="20211101 13:58:35.862" level="INFO">Exiting for loop altogether.</msg>
<status status="PASS" starttime="20211101 13:58:35.862" endtime="20211101 13:58:35.862"/>
</kw>
<status status="PASS" starttime="20211101 13:58:35.757" endtime="20211101 13:58:35.862"/>
</iter>
<status status="PASS" starttime="20211101 13:58:35.757" endtime="20211101 13:58:35.862"/>
</for>
<kw name="Should Be True" library="BuiltIn">
<arg>${is_success}</arg>
<arg>msg=Unable to input text to element after 10 retry</arg>
<doc>Fails if the given condition is not true.</doc>
<status status="PASS" starttime="20211101 13:58:35.862" endtime="20211101 13:58:35.862"/>
</kw>
<status status="PASS" starttime="20211101 13:58:35.743" endtime="20211101 13:58:35.862"/>
</kw>
<kw name="Click Element When Ready" library="common_keywords">
<arg>//button[@type="submit"]</arg>
<kw name="Wait Until Element Is Visible" library="SeleniumLibrary">
<arg>${Element}</arg>
<doc>Waits until the element ``locator`` is visible.</doc>
<status status="PASS" starttime="20211101 13:58:35.863" endtime="20211101 13:58:35.876"/>
</kw>
<for flavor="IN RANGE">
<var>${index}</var>
<value>1</value>
<value>10</value>
<iter>
<var name="${index}">1</var>
<kw name="Run Keyword And Ignore Error" library="BuiltIn">
<var>${result_msg}</var>
<arg>Click Element</arg>
<arg>${Element}</arg>
<doc>Runs the given keyword with the given arguments and ignores possible error.</doc>
<kw name="Click Element" library="SeleniumLibrary">
<arg>${Element}</arg>
<doc>Click the element identified by ``locator``.</doc>
<msg timestamp="20211101 13:58:35.877" level="INFO">Clicking element '//button[@type="submit"]'.</msg>
<status status="PASS" starttime="20211101 13:58:35.876" endtime="20211101 13:58:35.920"/>
</kw>
<msg timestamp="20211101 13:58:35.921" level="INFO">${result_msg} = ('PASS', None)</msg>
<status status="PASS" starttime="20211101 13:58:35.876" endtime="20211101 13:58:35.921"/>
</kw>
<kw name="Convert To String" library="BuiltIn">
<var>${err_msg}</var>
<arg>${result_msg[1]}</arg>
<doc>Converts the given item to a Unicode string.</doc>
<msg timestamp="20211101 13:58:35.922" level="INFO">${err_msg} = None</msg>
<status status="PASS" starttime="20211101 13:58:35.921" endtime="20211101 13:58:35.922"/>
</kw>
<kw name="Run Keyword And Return Status" library="BuiltIn">
<var>${is_success}</var>
<arg>Should Be Equal</arg>
<arg>${err_msg}</arg>
<arg>None</arg>
<doc>Runs the given keyword with given arguments and returns the status as a Boolean value.</doc>
<kw name="Should Be Equal" library="BuiltIn">
<arg>${err_msg}</arg>
<arg>None</arg>
<doc>Fails if the given objects are unequal.</doc>
<status status="PASS" starttime="20211101 13:58:35.922" endtime="20211101 13:58:35.922"/>
</kw>
<msg timestamp="20211101 13:58:35.923" level="INFO">${is_success} = True</msg>
<status status="PASS" starttime="20211101 13:58:35.922" endtime="20211101 13:58:35.923"/>
</kw>
<kw name="Run Keyword And Return Status" library="BuiltIn">
<var>${is_not_loading_error}</var>
<arg>Should Not Contain</arg>
<arg>${err_msg}</arg>
<arg>Other element would receive the click:</arg>
<doc>Runs the given keyword with given arguments and returns the status as a Boolean value.</doc>
<kw name="Should Not Contain" library="BuiltIn">
<arg>${err_msg}</arg>
<arg>Other element would receive the click:</arg>
<doc>Fails if ``container`` contains ``item`` one or more times.</doc>
<status status="PASS" starttime="20211101 13:58:35.923" endtime="20211101 13:58:35.924"/>
</kw>
<msg timestamp="20211101 13:58:35.924" level="INFO">${is_not_loading_error} = True</msg>
<status status="PASS" starttime="20211101 13:58:35.923" endtime="20211101 13:58:35.924"/>
</kw>
<kw name="Run Keyword And Return Status" library="BuiltIn">
<var>${is_not_loading_error_js}</var>
<arg>Should Not Contain</arg>
<arg>${err_msg}</arg>
<arg>JavascriptException: Message: javascript error: Error is not a constructor</arg>
<doc>Runs the given keyword with given arguments and returns the status as a Boolean value.</doc>
<kw name="Should Not Contain" library="BuiltIn">
<arg>${err_msg}</arg>
<arg>JavascriptException: Message: javascript error: Error is not a constructor</arg>
<doc>Fails if ``container`` contains ``item`` one or more times.</doc>
<status status="PASS" starttime="20211101 13:58:35.925" endtime="20211101 13:58:35.925"/>
</kw>
<msg timestamp="20211101 13:58:35.925" level="INFO">${is_not_loading_error_js} = True</msg>
<status status="PASS" starttime="20211101 13:58:35.924" endtime="20211101 13:58:35.925"/>
</kw>
<kw name="Evaluate" library="BuiltIn">
<var>${result}</var>
<arg>${is_not_loading_error} and ${is_not_loading_error_js}</arg>
<doc>Evaluates the given expression in Python and returns the result.</doc>
<msg timestamp="20211101 13:58:35.926" level="INFO">${result} = True</msg>
<status status="PASS" starttime="20211101 13:58:35.925" endtime="20211101 13:58:35.926"/>
</kw>
<kw name="Exit For Loop If" library="BuiltIn">
<arg>${is_success} or ${result}</arg>
<doc>Stops executing the enclosing for loop if the ``condition`` is true.</doc>
<msg timestamp="20211101 13:58:35.926" level="INFO">Exiting for loop altogether.</msg>
<status status="PASS" starttime="20211101 13:58:35.926" endtime="20211101 13:58:35.926"/>
</kw>
<status status="PASS" starttime="20211101 13:58:35.876" endtime="20211101 13:58:35.926"/>
</iter>
<status status="PASS" starttime="20211101 13:58:35.876" endtime="20211101 13:58:35.926"/>
</for>
<kw name="Should Be True" library="BuiltIn">
<arg>${is_success}</arg>
<arg>msg=Unable to click the element after 10 retry</arg>
<doc>Fails if the given condition is not true.</doc>
<status status="PASS" starttime="20211101 13:58:35.926" endtime="20211101 13:58:35.926"/>
</kw>
<status status="PASS" starttime="20211101 13:58:35.863" endtime="20211101 13:58:35.927"/>
</kw>
<kw name="Click Element When Ready" library="common_keywords">
<arg>//span[@class="MuiButton-label css-8xplcm-MuiButton-label"][text()="Confirm"]</arg>
<kw name="Wait Until Element Is Visible" library="SeleniumLibrary">
<arg>${Element}</arg>
<doc>Waits until the element ``locator`` is visible.</doc>
<status status="PASS" starttime="20211101 13:58:35.927" endtime="20211101 13:58:35.945"/>
</kw>
<for flavor="IN RANGE">
<var>${index}</var>
<value>1</value>
<value>10</value>
<iter>
<var name="${index}">1</var>
<kw name="Run Keyword And Ignore Error" library="BuiltIn">
<var>${result_msg}</var>
<arg>Click Element</arg>
<arg>${Element}</arg>
<doc>Runs the given keyword with the given arguments and ignores possible error.</doc>
<kw name="Click Element" library="SeleniumLibrary">
<arg>${Element}</arg>
<doc>Click the element identified by ``locator``.</doc>
<msg timestamp="20211101 13:58:35.946" level="INFO">Clicking element '//span[@class="MuiButton-label css-8xplcm-MuiButton-label"][text()="Confirm"]'.</msg>
<status status="PASS" starttime="20211101 13:58:35.946" endtime="20211101 13:58:35.994"/>
</kw>
<msg timestamp="20211101 13:58:35.994" level="INFO">${result_msg} = ('PASS', None)</msg>
<status status="PASS" starttime="20211101 13:58:35.946" endtime="20211101 13:58:35.994"/>
</kw>
<kw name="Convert To String" library="BuiltIn">
<var>${err_msg}</var>
<arg>${result_msg[1]}</arg>
<doc>Converts the given item to a Unicode string.</doc>
<msg timestamp="20211101 13:58:35.995" level="INFO">${err_msg} = None</msg>
<status status="PASS" starttime="20211101 13:58:35.994" endtime="20211101 13:58:35.995"/>
</kw>
<kw name="Run Keyword And Return Status" library="BuiltIn">
<var>${is_success}</var>
<arg>Should Be Equal</arg>
<arg>${err_msg}</arg>
<arg>None</arg>
<doc>Runs the given keyword with given arguments and returns the status as a Boolean value.</doc>
<kw name="Should Be Equal" library="BuiltIn">
<arg>${err_msg}</arg>
<arg>None</arg>
<doc>Fails if the given objects are unequal.</doc>
<status status="PASS" starttime="20211101 13:58:35.995" endtime="20211101 13:58:35.996"/>
</kw>
<msg timestamp="20211101 13:58:35.996" level="INFO">${is_success} = True</msg>
<status status="PASS" starttime="20211101 13:58:35.995" endtime="20211101 13:58:35.996"/>
</kw>
<kw name="Run Keyword And Return Status" library="BuiltIn">
<var>${is_not_loading_error}</var>
<arg>Should Not Contain</arg>
<arg>${err_msg}</arg>
<arg>Other element would receive the click:</arg>
<doc>Runs the given keyword with given arguments and returns the status as a Boolean value.</doc>
<kw name="Should Not Contain" library="BuiltIn">
<arg>${err_msg}</arg>
<arg>Other element would receive the click:</arg>
<doc>Fails if ``container`` contains ``item`` one or more times.</doc>
<status status="PASS" starttime="20211101 13:58:35.996" endtime="20211101 13:58:35.996"/>
</kw>
<msg timestamp="20211101 13:58:35.996" level="INFO">${is_not_loading_error} = True</msg>
<status status="PASS" starttime="20211101 13:58:35.996" endtime="20211101 13:58:35.996"/>
</kw>
<kw name="Run Keyword And Return Status" library="BuiltIn">
<var>${is_not_loading_error_js}</var>
<arg>Should Not Contain</arg>
<arg>${err_msg}</arg>
<arg>JavascriptException: Message: javascript error: Error is not a constructor</arg>
<doc>Runs the given keyword with given arguments and returns the status as a Boolean value.</doc>
<kw name="Should Not Contain" library="BuiltIn">
<arg>${err_msg}</arg>
<arg>JavascriptException: Message: javascript error: Error is not a constructor</arg>
<doc>Fails if ``container`` contains ``item`` one or more times.</doc>
<status status="PASS" starttime="20211101 13:58:35.996" endtime="20211101 13:58:35.997"/>
</kw>
<msg timestamp="20211101 13:58:35.997" level="INFO">${is_not_loading_error_js} = True</msg>
<status status="PASS" starttime="20211101 13:58:35.996" endtime="20211101 13:58:35.997"/>
</kw>
<kw name="Evaluate" library="BuiltIn">
<var>${result}</var>
<arg>${is_not_loading_error} and ${is_not_loading_error_js}</arg>
<doc>Evaluates the given expression in Python and returns the result.</doc>
<msg timestamp="20211101 13:58:35.997" level="INFO">${result} = True</msg>
<status status="PASS" starttime="20211101 13:58:35.997" endtime="20211101 13:58:35.997"/>
</kw>
<kw name="Exit For Loop If" library="BuiltIn">
<arg>${is_success} or ${result}</arg>
<doc>Stops executing the enclosing for loop if the ``condition`` is true.</doc>
<msg timestamp="20211101 13:58:35.997" level="INFO">Exiting for loop altogether.</msg>
<status status="PASS" starttime="20211101 13:58:35.997" endtime="20211101 13:58:35.997"/>
</kw>
<status status="PASS" starttime="20211101 13:58:35.946" endtime="20211101 13:58:35.997"/>
</iter>
<status status="PASS" starttime="20211101 13:58:35.945" endtime="20211101 13:58:35.997"/>
</for>
<kw name="Should Be True" library="BuiltIn">
<arg>${is_success}</arg>
<arg>msg=Unable to click the element after 10 retry</arg>
<doc>Fails if the given condition is not true.</doc>
<status status="PASS" starttime="20211101 13:58:35.997" endtime="20211101 13:58:35.998"/>
</kw>
<status status="PASS" starttime="20211101 13:58:35.927" endtime="20211101 13:58:35.998"/>
</kw>
<kw name="Wait Until Page Contains" library="SeleniumLibrary">
<arg>Current password invalid</arg>
<arg>${TIME_WAIT}</arg>
<doc>Waits until ``text`` appears on the current page.</doc>
<status status="PASS" starttime="20211101 13:58:35.998" endtime="20211101 13:58:36.219"/>
</kw>
<kw name="Capture Page Screenshot" library="SeleniumLibrary">
<doc>Takes a screenshot of the current page and embeds it into a log file.</doc>
<msg timestamp="20211101 13:58:36.401" level="INFO" html="true">&lt;/td&gt;&lt;/tr&gt;&lt;tr&gt;&lt;td colspan="3"&gt;&lt;a href="selenium-screenshot-86.png"&gt;&lt;img src="selenium-screenshot-86.png" width="800px"&gt;&lt;/a&gt;</msg>
<status status="PASS" starttime="20211101 13:58:36.220" endtime="20211101 13:58:36.401"/>
</kw>
<doc>ทดสอบเปลี่ยน Password โดยใส่ Current Password ถูก แต่ใส่ New Password และ Confirm New Password ผิด พร้อมตรวจสอบ Error Messange Password is not match</doc>
<status status="PASS" starttime="20211101 13:58:34.416" endtime="20211101 13:58:36.402"/>
</test>
<kw name="Close All Browsers" library="SeleniumLibrary" type="TEARDOWN">
<doc>Closes all open browsers and resets the browser cache.</doc>
<status status="PASS" starttime="20211101 13:58:36.403" endtime="20211101 13:58:38.512"/>
</kw>
<status status="PASS" starttime="20211101 13:57:40.193" endtime="20211101 13:58:38.512"/>
</suite>
<statistics>
<total>
<stat pass="10" fail="0" skip="0">All Tests</stat>
</total>
<tag>
</tag>
<suite>
<stat pass="10" fail="0" skip="0" id="s1" name="TC02-UserProfile">TC02-UserProfile</stat>
</suite>
</statistics>
<errors>
</errors>
</robot>
